2021-10-26 13:48:04,597 Namespace(eval_interval=1, frequent=10, gpus='', num_workers=4, out_dir='out')
2021-10-26 13:48:04,605 => load 200 samples
2021-10-26 13:48:04,606 => load 200 samples
2021-10-26 13:48:05,109 Epoch: [0][0/200]	Time 0.502s (0.502s)	Speed 63.7 samples/s	Data 0.062s (0.062s)	Loss 2.53597 (2.53597)
2021-10-26 13:48:08,055 Epoch: [0][10/200]	Time 0.281s (0.313s)	Speed 113.9 samples/s	Data 0.001s (0.007s)	Loss 2.05269 (2.26275)
2021-10-26 13:48:10,909 Epoch: [0][20/200]	Time 0.268s (0.300s)	Speed 119.4 samples/s	Data 0.001s (0.004s)	Loss 1.76585 (2.08502)
2021-10-26 13:48:13,847 Epoch: [0][30/200]	Time 0.279s (0.298s)	Speed 114.9 samples/s	Data 0.002s (0.003s)	Loss 1.51167 (1.93431)
2021-10-26 13:48:16,779 Epoch: [0][40/200]	Time 0.281s (0.297s)	Speed 113.9 samples/s	Data 0.001s (0.003s)	Loss 1.28863 (1.80097)
2021-10-26 13:48:19,692 Epoch: [0][50/200]	Time 0.288s (0.296s)	Speed 111.2 samples/s	Data 0.001s (0.003s)	Loss 1.09660 (1.68009)
2021-10-26 13:48:22,623 Epoch: [0][60/200]	Time 0.284s (0.295s)	Speed 112.8 samples/s	Data 0.002s (0.002s)	Loss 0.92797 (1.56846)
2021-10-26 13:48:25,573 Epoch: [0][70/200]	Time 0.283s (0.295s)	Speed 113.0 samples/s	Data 0.002s (0.002s)	Loss 0.77075 (1.46667)
2021-10-26 13:48:28,921 Epoch: [0][80/200]	Time 0.299s (0.300s)	Speed 107.2 samples/s	Data 0.002s (0.002s)	Loss 0.65944 (1.37328)
2021-10-26 13:48:31,865 Epoch: [0][90/200]	Time 0.285s (0.300s)	Speed 112.2 samples/s	Data 0.001s (0.002s)	Loss 0.57874 (1.28908)
2021-10-26 13:48:34,795 Epoch: [0][100/200]	Time 0.284s (0.299s)	Speed 112.9 samples/s	Data 0.001s (0.002s)	Loss 0.48577 (1.21323)
2021-10-26 13:48:37,778 Epoch: [0][110/200]	Time 0.307s (0.299s)	Speed 104.2 samples/s	Data 0.001s (0.002s)	Loss 0.41592 (1.14466)
2021-10-26 13:48:40,658 Epoch: [0][120/200]	Time 0.271s (0.298s)	Speed 118.1 samples/s	Data 0.001s (0.002s)	Loss 0.36399 (1.08285)
2021-10-26 13:48:43,606 Epoch: [0][130/200]	Time 0.294s (0.298s)	Speed 108.7 samples/s	Data 0.001s (0.002s)	Loss 0.34609 (1.02676)
2021-10-26 13:48:46,587 Epoch: [0][140/200]	Time 0.288s (0.298s)	Speed 111.2 samples/s	Data 0.001s (0.002s)	Loss 0.30799 (0.97684)
2021-10-26 13:48:49,539 Epoch: [0][150/200]	Time 0.313s (0.298s)	Speed 102.3 samples/s	Data 0.001s (0.002s)	Loss 0.28719 (0.93127)
2021-10-26 13:48:52,412 Epoch: [0][160/200]	Time 0.276s (0.297s)	Speed 116.1 samples/s	Data 0.002s (0.002s)	Loss 0.26797 (0.89020)
2021-10-26 13:48:55,276 Epoch: [0][170/200]	Time 0.292s (0.296s)	Speed 109.5 samples/s	Data 0.001s (0.002s)	Loss 0.25851 (0.85291)
2021-10-26 13:48:58,225 Epoch: [0][180/200]	Time 0.280s (0.296s)	Speed 114.1 samples/s	Data 0.001s (0.002s)	Loss 0.23022 (0.81899)
2021-10-26 13:49:01,101 Epoch: [0][190/200]	Time 0.291s (0.296s)	Speed 110.1 samples/s	Data 0.001s (0.002s)	Loss 0.20713 (0.78741)
2021-10-26 13:49:03,756 Test: [0/200]	Time 0.082 (0.082)	Loss 0.4589 (0.4589)
2021-10-26 13:49:04,002 Test: [10/200]	Time 0.019 (0.030)	Loss 0.1473 (0.3708)
2021-10-26 13:49:04,222 Test: [20/200]	Time 0.019 (0.026)	Loss 0.2764 (0.3814)
2021-10-26 13:49:04,475 Test: [30/200]	Time 0.025 (0.026)	Loss 0.5527 (0.3895)
2021-10-26 13:49:04,673 Test: [40/200]	Time 0.016 (0.024)	Loss 0.4122 (0.4049)
2021-10-26 13:49:04,883 Test: [50/200]	Time 0.014 (0.024)	Loss 0.4962 (0.4091)
2021-10-26 13:49:05,111 Test: [60/200]	Time 0.018 (0.024)	Loss 0.4689 (0.4098)
2021-10-26 13:49:05,324 Test: [70/200]	Time 0.015 (0.023)	Loss 0.3982 (0.4083)
2021-10-26 13:49:05,567 Test: [80/200]	Time 0.020 (0.023)	Loss 0.4835 (0.4032)
2021-10-26 13:49:05,853 Test: [90/200]	Time 0.019 (0.024)	Loss 0.4963 (0.4069)
2021-10-26 13:49:06,094 Test: [100/200]	Time 0.021 (0.024)	Loss 0.4990 (0.4056)
2021-10-26 13:49:06,333 Test: [110/200]	Time 0.018 (0.024)	Loss 0.4900 (0.4073)
2021-10-26 13:49:06,534 Test: [120/200]	Time 0.017 (0.024)	Loss 0.4622 (0.4052)
2021-10-26 13:49:06,740 Test: [130/200]	Time 0.020 (0.023)	Loss 0.3942 (0.4097)
2021-10-26 13:49:06,949 Test: [140/200]	Time 0.014 (0.023)	Loss 0.3641 (0.4085)
2021-10-26 13:49:07,173 Test: [150/200]	Time 0.023 (0.023)	Loss 0.4446 (0.4073)
2021-10-26 13:49:07,367 Test: [160/200]	Time 0.015 (0.023)	Loss 0.4243 (0.4071)
2021-10-26 13:49:07,582 Test: [170/200]	Time 0.026 (0.023)	Loss 0.2921 (0.4046)
2021-10-26 13:49:07,808 Test: [180/200]	Time 0.015 (0.023)	Loss 0.3367 (0.4024)
2021-10-26 13:49:08,024 Test: [190/200]	Time 0.014 (0.023)	Loss 0.3474 (0.4037)
2021-10-26 13:49:08,899 Mean IoU score: 0.177
2021-10-26 13:49:08,900 => saving checkpoint to out
2021-10-26 13:49:09,376 Epoch: [1][0/200]	Time 0.444s (0.444s)	Speed 72.0 samples/s	Data 0.076s (0.076s)	Loss 0.19953 (0.19953)
2021-10-26 13:49:12,329 Epoch: [1][10/200]	Time 0.291s (0.309s)	Speed 109.8 samples/s	Data 0.001s (0.008s)	Loss 0.19883 (0.20722)
2021-10-26 13:49:15,224 Epoch: [1][20/200]	Time 0.299s (0.300s)	Speed 106.9 samples/s	Data 0.002s (0.005s)	Loss 0.24807 (0.20313)
2021-10-26 13:49:18,173 Epoch: [1][30/200]	Time 0.284s (0.298s)	Speed 112.8 samples/s	Data 0.001s (0.004s)	Loss 0.16366 (0.19936)
2021-10-26 13:49:21,031 Epoch: [1][40/200]	Time 0.283s (0.295s)	Speed 113.3 samples/s	Data 0.002s (0.003s)	Loss 0.17644 (0.19398)
2021-10-26 13:49:24,114 Epoch: [1][50/200]	Time 0.288s (0.298s)	Speed 111.1 samples/s	Data 0.001s (0.003s)	Loss 0.15064 (0.18965)
2021-10-26 13:49:27,567 Epoch: [1][60/200]	Time 0.294s (0.306s)	Speed 108.9 samples/s	Data 0.002s (0.003s)	Loss 0.15924 (0.18549)
2021-10-26 13:49:30,524 Epoch: [1][70/200]	Time 0.302s (0.304s)	Speed 106.0 samples/s	Data 0.001s (0.003s)	Loss 0.15446 (0.18127)
2021-10-26 13:49:33,382 Epoch: [1][80/200]	Time 0.305s (0.302s)	Speed 105.0 samples/s	Data 0.001s (0.002s)	Loss 0.11708 (0.17643)
2021-10-26 13:49:36,271 Epoch: [1][90/200]	Time 0.278s (0.300s)	Speed 115.0 samples/s	Data 0.001s (0.002s)	Loss 0.13449 (0.17174)
2021-10-26 13:49:39,141 Epoch: [1][100/200]	Time 0.286s (0.299s)	Speed 111.8 samples/s	Data 0.001s (0.002s)	Loss 0.12515 (0.16853)
2021-10-26 13:49:41,975 Epoch: [1][110/200]	Time 0.283s (0.298s)	Speed 113.1 samples/s	Data 0.002s (0.002s)	Loss 0.11830 (0.16508)
2021-10-26 13:49:44,891 Epoch: [1][120/200]	Time 0.323s (0.297s)	Speed 99.1 samples/s	Data 0.001s (0.002s)	Loss 0.10196 (0.16087)
2021-10-26 13:49:47,834 Epoch: [1][130/200]	Time 0.291s (0.297s)	Speed 109.9 samples/s	Data 0.001s (0.002s)	Loss 0.09906 (0.15696)
2021-10-26 13:49:50,902 Epoch: [1][140/200]	Time 0.329s (0.298s)	Speed 97.2 samples/s	Data 0.002s (0.002s)	Loss 0.12259 (0.15347)
2021-10-26 13:49:53,924 Epoch: [1][150/200]	Time 0.261s (0.298s)	Speed 122.8 samples/s	Data 0.002s (0.002s)	Loss 0.08883 (0.15001)
2021-10-26 13:49:56,842 Epoch: [1][160/200]	Time 0.295s (0.298s)	Speed 108.5 samples/s	Data 0.001s (0.002s)	Loss 0.10007 (0.14683)
2021-10-26 13:49:59,687 Epoch: [1][170/200]	Time 0.266s (0.297s)	Speed 120.1 samples/s	Data 0.001s (0.002s)	Loss 0.08615 (0.14380)
2021-10-26 13:50:02,676 Epoch: [1][180/200]	Time 0.272s (0.297s)	Speed 117.8 samples/s	Data 0.002s (0.002s)	Loss 0.09556 (0.14090)
2021-10-26 13:50:05,559 Epoch: [1][190/200]	Time 0.268s (0.296s)	Speed 119.4 samples/s	Data 0.002s (0.002s)	Loss 0.09120 (0.13813)
2021-10-26 13:50:08,408 Test: [0/200]	Time 0.076 (0.076)	Loss 0.2590 (0.2590)
2021-10-26 13:50:08,638 Test: [10/200]	Time 0.022 (0.028)	Loss 0.0579 (0.1848)
2021-10-26 13:50:08,861 Test: [20/200]	Time 0.021 (0.025)	Loss 0.1383 (0.1865)
2021-10-26 13:50:09,082 Test: [30/200]	Time 0.030 (0.024)	Loss 0.2639 (0.1953)
2021-10-26 13:50:09,294 Test: [40/200]	Time 0.016 (0.023)	Loss 0.1825 (0.2031)
2021-10-26 13:50:09,492 Test: [50/200]	Time 0.015 (0.023)	Loss 0.2654 (0.2033)
2021-10-26 13:50:09,723 Test: [60/200]	Time 0.024 (0.023)	Loss 0.2357 (0.2044)
2021-10-26 13:50:09,910 Test: [70/200]	Time 0.016 (0.022)	Loss 0.1838 (0.2037)
2021-10-26 13:50:10,111 Test: [80/200]	Time 0.016 (0.022)	Loss 0.2640 (0.2013)
2021-10-26 13:50:10,331 Test: [90/200]	Time 0.025 (0.022)	Loss 0.2559 (0.2040)
2021-10-26 13:50:10,532 Test: [100/200]	Time 0.016 (0.022)	Loss 0.2834 (0.2026)
2021-10-26 13:50:10,738 Test: [110/200]	Time 0.016 (0.022)	Loss 0.2750 (0.2034)
2021-10-26 13:50:10,954 Test: [120/200]	Time 0.015 (0.022)	Loss 0.2477 (0.2024)
2021-10-26 13:50:11,169 Test: [130/200]	Time 0.015 (0.022)	Loss 0.1689 (0.2046)
2021-10-26 13:50:11,359 Test: [140/200]	Time 0.015 (0.021)	Loss 0.1824 (0.2040)
2021-10-26 13:50:11,562 Test: [150/200]	Time 0.015 (0.021)	Loss 0.1978 (0.2027)
2021-10-26 13:50:11,789 Test: [160/200]	Time 0.020 (0.021)	Loss 0.2241 (0.2025)
2021-10-26 13:50:12,000 Test: [170/200]	Time 0.015 (0.021)	Loss 0.1513 (0.2008)
2021-10-26 13:50:12,196 Test: [180/200]	Time 0.019 (0.021)	Loss 0.1515 (0.1994)
2021-10-26 13:50:12,399 Test: [190/200]	Time 0.015 (0.021)	Loss 0.1360 (0.2003)
2021-10-26 13:50:13,344 Mean IoU score: 0.571
2021-10-26 13:50:13,345 => saving checkpoint to out
2021-10-26 13:50:13,807 Epoch: [2][0/200]	Time 0.432s (0.432s)	Speed 74.1 samples/s	Data 0.060s (0.060s)	Loss 0.07030 (0.07030)
2021-10-26 13:50:16,730 Epoch: [2][10/200]	Time 0.273s (0.305s)	Speed 117.0 samples/s	Data 0.001s (0.007s)	Loss 0.08038 (0.07934)
2021-10-26 13:50:19,578 Epoch: [2][20/200]	Time 0.281s (0.295s)	Speed 113.9 samples/s	Data 0.001s (0.004s)	Loss 0.07636 (0.07589)
2021-10-26 13:50:22,470 Epoch: [2][30/200]	Time 0.264s (0.293s)	Speed 121.1 samples/s	Data 0.002s (0.003s)	Loss 0.06605 (0.07325)
2021-10-26 13:50:25,334 Epoch: [2][40/200]	Time 0.298s (0.292s)	Speed 107.4 samples/s	Data 0.002s (0.003s)	Loss 0.06709 (0.07294)
2021-10-26 13:50:28,228 Epoch: [2][50/200]	Time 0.279s (0.291s)	Speed 114.6 samples/s	Data 0.001s (0.003s)	Loss 0.05858 (0.07136)
2021-10-26 13:50:31,126 Epoch: [2][60/200]	Time 0.277s (0.291s)	Speed 115.5 samples/s	Data 0.001s (0.003s)	Loss 0.05654 (0.07008)
2021-10-26 13:50:34,024 Epoch: [2][70/200]	Time 0.290s (0.291s)	Speed 110.4 samples/s	Data 0.001s (0.002s)	Loss 0.06825 (0.06865)
2021-10-26 13:50:36,960 Epoch: [2][80/200]	Time 0.273s (0.291s)	Speed 117.2 samples/s	Data 0.001s (0.002s)	Loss 0.06378 (0.06768)
2021-10-26 13:50:39,797 Epoch: [2][90/200]	Time 0.289s (0.290s)	Speed 110.7 samples/s	Data 0.001s (0.002s)	Loss 0.05128 (0.06638)
2021-10-26 13:50:42,663 Epoch: [2][100/200]	Time 0.286s (0.290s)	Speed 112.0 samples/s	Data 0.001s (0.002s)	Loss 0.05795 (0.06508)
2021-10-26 13:50:45,600 Epoch: [2][110/200]	Time 0.290s (0.290s)	Speed 110.4 samples/s	Data 0.002s (0.002s)	Loss 0.05389 (0.06477)
2021-10-26 13:50:49,138 Epoch: [2][120/200]	Time 0.330s (0.296s)	Speed 97.1 samples/s	Data 0.002s (0.002s)	Loss 0.05793 (0.06367)
2021-10-26 13:50:52,677 Epoch: [2][130/200]	Time 0.309s (0.300s)	Speed 103.6 samples/s	Data 0.001s (0.002s)	Loss 0.05705 (0.06280)
2021-10-26 13:50:56,742 Epoch: [2][140/200]	Time 0.389s (0.308s)	Speed 82.2 samples/s	Data 0.001s (0.002s)	Loss 0.05307 (0.06206)
2021-10-26 13:51:00,166 Epoch: [2][150/200]	Time 0.387s (0.310s)	Speed 82.8 samples/s	Data 0.001s (0.002s)	Loss 0.04448 (0.06146)
2021-10-26 13:51:03,228 Epoch: [2][160/200]	Time 0.281s (0.310s)	Speed 113.7 samples/s	Data 0.001s (0.002s)	Loss 0.04242 (0.06055)
2021-10-26 13:51:06,261 Epoch: [2][170/200]	Time 0.280s (0.309s)	Speed 114.3 samples/s	Data 0.002s (0.002s)	Loss 0.04675 (0.05978)
2021-10-26 13:51:09,128 Epoch: [2][180/200]	Time 0.309s (0.308s)	Speed 103.4 samples/s	Data 0.001s (0.002s)	Loss 0.04332 (0.05887)
2021-10-26 13:51:12,061 Epoch: [2][190/200]	Time 0.282s (0.307s)	Speed 113.5 samples/s	Data 0.001s (0.002s)	Loss 0.05341 (0.05807)
2021-10-26 13:51:14,763 Test: [0/200]	Time 0.095 (0.095)	Loss 0.1225 (0.1225)
2021-10-26 13:51:14,967 Test: [10/200]	Time 0.017 (0.027)	Loss 0.0388 (0.1181)
2021-10-26 13:51:15,148 Test: [20/200]	Time 0.015 (0.023)	Loss 0.0787 (0.1210)
2021-10-26 13:51:15,322 Test: [30/200]	Time 0.015 (0.021)	Loss 0.1836 (0.1286)
2021-10-26 13:51:15,523 Test: [40/200]	Time 0.014 (0.021)	Loss 0.1191 (0.1344)
2021-10-26 13:51:15,703 Test: [50/200]	Time 0.015 (0.020)	Loss 0.1672 (0.1350)
2021-10-26 13:51:15,876 Test: [60/200]	Time 0.015 (0.020)	Loss 0.1592 (0.1379)
2021-10-26 13:51:16,058 Test: [70/200]	Time 0.015 (0.020)	Loss 0.1179 (0.1370)
2021-10-26 13:51:16,242 Test: [80/200]	Time 0.015 (0.019)	Loss 0.1638 (0.1353)
2021-10-26 13:51:16,456 Test: [90/200]	Time 0.019 (0.020)	Loss 0.1956 (0.1376)
2021-10-26 13:51:16,675 Test: [100/200]	Time 0.020 (0.020)	Loss 0.2234 (0.1372)
2021-10-26 13:51:16,874 Test: [110/200]	Time 0.022 (0.020)	Loss 0.2050 (0.1380)
2021-10-26 13:51:17,092 Test: [120/200]	Time 0.020 (0.020)	Loss 0.1850 (0.1360)
2021-10-26 13:51:17,303 Test: [130/200]	Time 0.017 (0.020)	Loss 0.1347 (0.1374)
2021-10-26 13:51:17,500 Test: [140/200]	Time 0.014 (0.020)	Loss 0.1048 (0.1363)
2021-10-26 13:51:17,698 Test: [150/200]	Time 0.015 (0.020)	Loss 0.1326 (0.1348)
2021-10-26 13:51:17,888 Test: [160/200]	Time 0.015 (0.020)	Loss 0.1362 (0.1344)
2021-10-26 13:51:18,080 Test: [170/200]	Time 0.014 (0.020)	Loss 0.1386 (0.1329)
2021-10-26 13:51:18,283 Test: [180/200]	Time 0.024 (0.020)	Loss 0.1246 (0.1318)
2021-10-26 13:51:18,503 Test: [190/200]	Time 0.023 (0.020)	Loss 0.0943 (0.1321)
2021-10-26 13:51:19,423 Mean IoU score: 0.711
2021-10-26 13:51:19,424 => saving checkpoint to out
2021-10-26 13:51:19,908 Epoch: [3][0/200]	Time 0.453s (0.453s)	Speed 70.7 samples/s	Data 0.064s (0.064s)	Loss 0.03867 (0.03867)
2021-10-26 13:51:22,828 Epoch: [3][10/200]	Time 0.282s (0.307s)	Speed 113.5 samples/s	Data 0.001s (0.007s)	Loss 0.04450 (0.04075)
2021-10-26 13:51:25,793 Epoch: [3][20/200]	Time 0.287s (0.302s)	Speed 111.5 samples/s	Data 0.001s (0.005s)	Loss 0.05959 (0.04017)
2021-10-26 13:51:28,646 Epoch: [3][30/200]	Time 0.290s (0.296s)	Speed 110.5 samples/s	Data 0.001s (0.004s)	Loss 0.02637 (0.03950)
2021-10-26 13:51:31,578 Epoch: [3][40/200]	Time 0.281s (0.296s)	Speed 113.7 samples/s	Data 0.002s (0.003s)	Loss 0.03493 (0.03885)
2021-10-26 13:51:34,628 Epoch: [3][50/200]	Time 0.288s (0.297s)	Speed 111.3 samples/s	Data 0.001s (0.003s)	Loss 0.02974 (0.03802)
2021-10-26 13:51:37,717 Epoch: [3][60/200]	Time 0.378s (0.299s)	Speed 84.7 samples/s	Data 0.001s (0.003s)	Loss 0.03115 (0.03715)
2021-10-26 13:51:40,762 Epoch: [3][70/200]	Time 0.275s (0.300s)	Speed 116.6 samples/s	Data 0.001s (0.002s)	Loss 0.03774 (0.03679)
2021-10-26 13:51:43,628 Epoch: [3][80/200]	Time 0.273s (0.298s)	Speed 117.3 samples/s	Data 0.001s (0.002s)	Loss 0.02695 (0.03657)
2021-10-26 13:51:46,471 Epoch: [3][90/200]	Time 0.270s (0.297s)	Speed 118.7 samples/s	Data 0.001s (0.002s)	Loss 0.03069 (0.03626)
2021-10-26 13:51:49,964 Epoch: [3][100/200]	Time 0.309s (0.302s)	Speed 103.7 samples/s	Data 0.001s (0.002s)	Loss 0.03858 (0.03622)
2021-10-26 13:51:53,111 Epoch: [3][110/200]	Time 0.286s (0.303s)	Speed 111.8 samples/s	Data 0.002s (0.002s)	Loss 0.02970 (0.03606)
2021-10-26 13:51:56,119 Epoch: [3][120/200]	Time 0.281s (0.303s)	Speed 113.9 samples/s	Data 0.001s (0.002s)	Loss 0.04073 (0.03602)
2021-10-26 13:51:59,098 Epoch: [3][130/200]	Time 0.270s (0.303s)	Speed 118.5 samples/s	Data 0.001s (0.002s)	Loss 0.03320 (0.03590)
2021-10-26 13:52:02,182 Epoch: [3][140/200]	Time 0.291s (0.303s)	Speed 110.0 samples/s	Data 0.001s (0.002s)	Loss 0.03268 (0.03564)
2021-10-26 13:52:05,465 Epoch: [3][150/200]	Time 0.289s (0.305s)	Speed 110.7 samples/s	Data 0.001s (0.002s)	Loss 0.02620 (0.03551)
2021-10-26 13:52:08,980 Epoch: [3][160/200]	Time 0.321s (0.308s)	Speed 99.7 samples/s	Data 0.001s (0.002s)	Loss 0.03050 (0.03554)
2021-10-26 13:52:12,924 Epoch: [3][170/200]	Time 0.321s (0.313s)	Speed 99.7 samples/s	Data 0.002s (0.002s)	Loss 0.04312 (0.03539)
2021-10-26 13:52:17,398 Epoch: [3][180/200]	Time 0.475s (0.320s)	Speed 67.4 samples/s	Data 0.002s (0.002s)	Loss 0.03431 (0.03514)
2021-10-26 13:52:21,406 Epoch: [3][190/200]	Time 0.469s (0.324s)	Speed 68.3 samples/s	Data 0.001s (0.002s)	Loss 0.02460 (0.03489)
2021-10-26 13:52:25,594 Test: [0/200]	Time 0.076 (0.076)	Loss 0.1088 (0.1088)
2021-10-26 13:52:25,872 Test: [10/200]	Time 0.028 (0.032)	Loss 0.0263 (0.0831)
2021-10-26 13:52:26,146 Test: [20/200]	Time 0.023 (0.030)	Loss 0.0443 (0.0854)
2021-10-26 13:52:26,404 Test: [30/200]	Time 0.022 (0.029)	Loss 0.1193 (0.0902)
2021-10-26 13:52:26,691 Test: [40/200]	Time 0.023 (0.029)	Loss 0.0704 (0.0940)
2021-10-26 13:52:26,981 Test: [50/200]	Time 0.029 (0.029)	Loss 0.1271 (0.0934)
2021-10-26 13:52:27,244 Test: [60/200]	Time 0.021 (0.028)	Loss 0.1046 (0.0952)
2021-10-26 13:52:27,539 Test: [70/200]	Time 0.031 (0.028)	Loss 0.0915 (0.0959)
2021-10-26 13:52:27,801 Test: [80/200]	Time 0.029 (0.028)	Loss 0.1133 (0.0940)
2021-10-26 13:52:28,028 Test: [90/200]	Time 0.027 (0.028)	Loss 0.1219 (0.0953)
2021-10-26 13:52:28,319 Test: [100/200]	Time 0.032 (0.028)	Loss 0.1419 (0.0948)
2021-10-26 13:52:28,604 Test: [110/200]	Time 0.027 (0.028)	Loss 0.1762 (0.0960)
2021-10-26 13:52:28,949 Test: [120/200]	Time 0.033 (0.028)	Loss 0.1097 (0.0947)
2021-10-26 13:52:29,255 Test: [130/200]	Time 0.023 (0.029)	Loss 0.0843 (0.0952)
2021-10-26 13:52:29,587 Test: [140/200]	Time 0.036 (0.029)	Loss 0.1004 (0.0948)
2021-10-26 13:52:29,846 Test: [150/200]	Time 0.031 (0.029)	Loss 0.0768 (0.0937)
2021-10-26 13:52:30,096 Test: [160/200]	Time 0.025 (0.028)	Loss 0.1014 (0.0937)
2021-10-26 13:52:30,470 Test: [170/200]	Time 0.026 (0.029)	Loss 0.0810 (0.0927)
2021-10-26 13:52:30,765 Test: [180/200]	Time 0.033 (0.029)	Loss 0.0704 (0.0923)
2021-10-26 13:52:31,090 Test: [190/200]	Time 0.027 (0.029)	Loss 0.0545 (0.0925)
2021-10-26 13:52:32,100 Mean IoU score: 0.789
2021-10-26 13:52:32,101 => saving checkpoint to out
2021-10-26 13:52:32,585 Epoch: [4][0/200]	Time 0.459s (0.459s)	Speed 69.6 samples/s	Data 0.082s (0.082s)	Loss 0.03302 (0.03302)
2021-10-26 13:52:36,001 Epoch: [4][10/200]	Time 0.338s (0.352s)	Speed 94.8 samples/s	Data 0.001s (0.009s)	Loss 0.02591 (0.02882)
2021-10-26 13:52:39,894 Epoch: [4][20/200]	Time 0.410s (0.370s)	Speed 78.0 samples/s	Data 0.002s (0.005s)	Loss 0.02328 (0.02707)
2021-10-26 13:52:43,884 Epoch: [4][30/200]	Time 0.329s (0.379s)	Speed 97.4 samples/s	Data 0.001s (0.004s)	Loss 0.02368 (0.02683)
2021-10-26 13:52:47,581 Epoch: [4][40/200]	Time 0.365s (0.377s)	Speed 87.6 samples/s	Data 0.002s (0.004s)	Loss 0.02438 (0.02697)
2021-10-26 13:52:50,773 Epoch: [4][50/200]	Time 0.319s (0.366s)	Speed 100.3 samples/s	Data 0.002s (0.003s)	Loss 0.02364 (0.02666)
2021-10-26 13:52:54,076 Epoch: [4][60/200]	Time 0.332s (0.360s)	Speed 96.2 samples/s	Data 0.002s (0.003s)	Loss 0.01851 (0.02613)
2021-10-26 13:52:58,111 Epoch: [4][70/200]	Time 0.398s (0.366s)	Speed 80.3 samples/s	Data 0.001s (0.003s)	Loss 0.02482 (0.02610)
2021-10-26 13:53:02,084 Epoch: [4][80/200]	Time 0.311s (0.370s)	Speed 103.0 samples/s	Data 0.002s (0.003s)	Loss 0.02481 (0.02595)
2021-10-26 13:53:05,474 Epoch: [4][90/200]	Time 0.359s (0.366s)	Speed 89.0 samples/s	Data 0.001s (0.003s)	Loss 0.03253 (0.02581)
2021-10-26 13:53:09,249 Epoch: [4][100/200]	Time 0.362s (0.368s)	Speed 88.4 samples/s	Data 0.002s (0.002s)	Loss 0.02575 (0.02579)
2021-10-26 13:53:12,657 Epoch: [4][110/200]	Time 0.352s (0.365s)	Speed 90.9 samples/s	Data 0.002s (0.002s)	Loss 0.02721 (0.02588)
2021-10-26 13:53:15,979 Epoch: [4][120/200]	Time 0.356s (0.362s)	Speed 89.8 samples/s	Data 0.001s (0.002s)	Loss 0.02736 (0.02573)
2021-10-26 13:53:19,253 Epoch: [4][130/200]	Time 0.312s (0.360s)	Speed 102.4 samples/s	Data 0.001s (0.002s)	Loss 0.02422 (0.02572)
2021-10-26 13:53:22,441 Epoch: [4][140/200]	Time 0.307s (0.357s)	Speed 104.2 samples/s	Data 0.001s (0.002s)	Loss 0.02384 (0.02574)
2021-10-26 13:53:25,684 Epoch: [4][150/200]	Time 0.312s (0.355s)	Speed 102.5 samples/s	Data 0.002s (0.002s)	Loss 0.02134 (0.02565)
2021-10-26 13:53:28,930 Epoch: [4][160/200]	Time 0.261s (0.353s)	Speed 122.7 samples/s	Data 0.002s (0.002s)	Loss 0.02100 (0.02544)
2021-10-26 13:53:32,450 Epoch: [4][170/200]	Time 0.333s (0.353s)	Speed 96.1 samples/s	Data 0.001s (0.002s)	Loss 0.01969 (0.02532)
2021-10-26 13:53:35,734 Epoch: [4][180/200]	Time 0.368s (0.351s)	Speed 87.0 samples/s	Data 0.002s (0.002s)	Loss 0.03226 (0.02526)
2021-10-26 13:53:38,864 Epoch: [4][190/200]	Time 0.315s (0.349s)	Speed 101.6 samples/s	Data 0.002s (0.002s)	Loss 0.02594 (0.02513)
2021-10-26 13:53:41,841 Test: [0/200]	Time 0.066 (0.066)	Loss 0.0830 (0.0830)
2021-10-26 13:53:42,071 Test: [10/200]	Time 0.015 (0.027)	Loss 0.0167 (0.0699)
2021-10-26 13:53:42,322 Test: [20/200]	Time 0.020 (0.026)	Loss 0.0491 (0.0738)
2021-10-26 13:53:42,558 Test: [30/200]	Time 0.027 (0.025)	Loss 0.1245 (0.0790)
2021-10-26 13:53:42,776 Test: [40/200]	Time 0.015 (0.024)	Loss 0.0531 (0.0810)
2021-10-26 13:53:42,991 Test: [50/200]	Time 0.020 (0.024)	Loss 0.1209 (0.0809)
2021-10-26 13:53:43,212 Test: [60/200]	Time 0.015 (0.024)	Loss 0.1235 (0.0834)
2021-10-26 13:53:43,445 Test: [70/200]	Time 0.021 (0.024)	Loss 0.0731 (0.0829)
2021-10-26 13:53:43,685 Test: [80/200]	Time 0.022 (0.024)	Loss 0.0793 (0.0815)
2021-10-26 13:53:43,886 Test: [90/200]	Time 0.016 (0.023)	Loss 0.1256 (0.0829)
2021-10-26 13:53:44,067 Test: [100/200]	Time 0.016 (0.023)	Loss 0.1472 (0.0825)
2021-10-26 13:53:44,332 Test: [110/200]	Time 0.022 (0.023)	Loss 0.1463 (0.0833)
2021-10-26 13:53:44,556 Test: [120/200]	Time 0.023 (0.023)	Loss 0.1110 (0.0820)
2021-10-26 13:53:44,788 Test: [130/200]	Time 0.020 (0.023)	Loss 0.0767 (0.0827)
2021-10-26 13:53:44,984 Test: [140/200]	Time 0.015 (0.023)	Loss 0.0650 (0.0819)
2021-10-26 13:53:45,166 Test: [150/200]	Time 0.015 (0.022)	Loss 0.0642 (0.0808)
2021-10-26 13:53:45,352 Test: [160/200]	Time 0.016 (0.022)	Loss 0.0840 (0.0806)
2021-10-26 13:53:45,542 Test: [170/200]	Time 0.015 (0.022)	Loss 0.0703 (0.0800)
2021-10-26 13:53:45,759 Test: [180/200]	Time 0.019 (0.022)	Loss 0.0555 (0.0793)
2021-10-26 13:53:45,977 Test: [190/200]	Time 0.027 (0.022)	Loss 0.0456 (0.0795)
2021-10-26 13:53:47,025 Mean IoU score: 0.815
2021-10-26 13:53:47,026 => saving checkpoint to out
2021-10-26 13:53:47,544 Epoch: [5][0/200]	Time 0.496s (0.496s)	Speed 64.5 samples/s	Data 0.068s (0.068s)	Loss 0.01624 (0.01624)
2021-10-26 13:53:51,380 Epoch: [5][10/200]	Time 0.381s (0.394s)	Speed 84.0 samples/s	Data 0.002s (0.008s)	Loss 0.01770 (0.02046)
2021-10-26 13:53:55,067 Epoch: [5][20/200]	Time 0.292s (0.382s)	Speed 109.8 samples/s	Data 0.001s (0.005s)	Loss 0.02091 (0.02115)
2021-10-26 13:53:58,085 Epoch: [5][30/200]	Time 0.295s (0.356s)	Speed 108.3 samples/s	Data 0.001s (0.004s)	Loss 0.02630 (0.02094)
2021-10-26 13:54:01,344 Epoch: [5][40/200]	Time 0.307s (0.349s)	Speed 104.4 samples/s	Data 0.001s (0.003s)	Loss 0.01991 (0.02104)
2021-10-26 13:54:04,756 Epoch: [5][50/200]	Time 0.270s (0.347s)	Speed 118.7 samples/s	Data 0.001s (0.003s)	Loss 0.02312 (0.02101)
2021-10-26 13:54:08,079 Epoch: [5][60/200]	Time 0.278s (0.345s)	Speed 115.0 samples/s	Data 0.002s (0.003s)	Loss 0.01454 (0.02066)
2021-10-26 13:54:11,057 Epoch: [5][70/200]	Time 0.294s (0.338s)	Speed 108.7 samples/s	Data 0.002s (0.003s)	Loss 0.01752 (0.02053)
2021-10-26 13:54:13,955 Epoch: [5][80/200]	Time 0.276s (0.332s)	Speed 116.0 samples/s	Data 0.001s (0.002s)	Loss 0.01889 (0.02037)
2021-10-26 13:54:16,897 Epoch: [5][90/200]	Time 0.280s (0.328s)	Speed 114.4 samples/s	Data 0.001s (0.002s)	Loss 0.01419 (0.02033)
2021-10-26 13:54:19,821 Epoch: [5][100/200]	Time 0.285s (0.324s)	Speed 112.2 samples/s	Data 0.001s (0.002s)	Loss 0.02174 (0.02031)
2021-10-26 13:54:22,787 Epoch: [5][110/200]	Time 0.289s (0.322s)	Speed 110.7 samples/s	Data 0.002s (0.002s)	Loss 0.02265 (0.02033)
2021-10-26 13:54:25,716 Epoch: [5][120/200]	Time 0.281s (0.320s)	Speed 113.9 samples/s	Data 0.002s (0.002s)	Loss 0.02108 (0.02023)
2021-10-26 13:54:28,626 Epoch: [5][130/200]	Time 0.272s (0.317s)	Speed 117.6 samples/s	Data 0.001s (0.002s)	Loss 0.02396 (0.02039)
2021-10-26 13:54:31,504 Epoch: [5][140/200]	Time 0.290s (0.315s)	Speed 110.3 samples/s	Data 0.001s (0.002s)	Loss 0.02163 (0.02041)
2021-10-26 13:54:34,393 Epoch: [5][150/200]	Time 0.296s (0.314s)	Speed 108.0 samples/s	Data 0.001s (0.002s)	Loss 0.02322 (0.02037)
2021-10-26 13:54:37,915 Epoch: [5][160/200]	Time 0.524s (0.316s)	Speed 61.0 samples/s	Data 0.003s (0.002s)	Loss 0.02191 (0.02027)
2021-10-26 13:54:41,308 Epoch: [5][170/200]	Time 0.330s (0.317s)	Speed 96.9 samples/s	Data 0.001s (0.002s)	Loss 0.01892 (0.02021)
2021-10-26 13:54:45,627 Epoch: [5][180/200]	Time 0.430s (0.324s)	Speed 74.4 samples/s	Data 0.002s (0.002s)	Loss 0.01817 (0.02031)
2021-10-26 13:54:50,000 Epoch: [5][190/200]	Time 0.421s (0.330s)	Speed 76.0 samples/s	Data 0.002s (0.002s)	Loss 0.01914 (0.02039)
2021-10-26 13:54:53,561 Test: [0/200]	Time 0.064 (0.064)	Loss 0.0939 (0.0939)
2021-10-26 13:54:53,784 Test: [10/200]	Time 0.015 (0.026)	Loss 0.0184 (0.0719)
2021-10-26 13:54:53,981 Test: [20/200]	Time 0.024 (0.023)	Loss 0.0587 (0.0743)
2021-10-26 13:54:54,175 Test: [30/200]	Time 0.016 (0.022)	Loss 0.0937 (0.0844)
2021-10-26 13:54:54,389 Test: [40/200]	Time 0.021 (0.022)	Loss 0.0566 (0.0861)
2021-10-26 13:54:54,643 Test: [50/200]	Time 0.018 (0.022)	Loss 0.1355 (0.0868)
2021-10-26 13:54:54,880 Test: [60/200]	Time 0.022 (0.023)	Loss 0.1258 (0.0883)
2021-10-26 13:54:55,098 Test: [70/200]	Time 0.029 (0.023)	Loss 0.0753 (0.0889)
2021-10-26 13:54:55,329 Test: [80/200]	Time 0.017 (0.023)	Loss 0.1053 (0.0875)
2021-10-26 13:54:55,578 Test: [90/200]	Time 0.029 (0.023)	Loss 0.1174 (0.0892)
2021-10-26 13:54:55,841 Test: [100/200]	Time 0.030 (0.023)	Loss 0.1529 (0.0882)
2021-10-26 13:54:56,104 Test: [110/200]	Time 0.020 (0.023)	Loss 0.1599 (0.0887)
2021-10-26 13:54:56,348 Test: [120/200]	Time 0.022 (0.024)	Loss 0.1057 (0.0869)
2021-10-26 13:54:56,604 Test: [130/200]	Time 0.028 (0.024)	Loss 0.0626 (0.0876)
2021-10-26 13:54:56,863 Test: [140/200]	Time 0.023 (0.024)	Loss 0.0757 (0.0869)
2021-10-26 13:54:57,113 Test: [150/200]	Time 0.029 (0.024)	Loss 0.0699 (0.0855)
2021-10-26 13:54:57,386 Test: [160/200]	Time 0.019 (0.024)	Loss 0.1005 (0.0858)
2021-10-26 13:54:57,634 Test: [170/200]	Time 0.017 (0.024)	Loss 0.0826 (0.0848)
2021-10-26 13:54:57,850 Test: [180/200]	Time 0.016 (0.024)	Loss 0.0702 (0.0845)
2021-10-26 13:54:58,024 Test: [190/200]	Time 0.016 (0.024)	Loss 0.0390 (0.0846)
2021-10-26 13:54:59,053 Mean IoU score: 0.798
2021-10-26 13:54:59,054 => saving checkpoint to out
2021-10-26 13:54:59,647 Epoch: [6][0/200]	Time 0.564s (0.564s)	Speed 56.7 samples/s	Data 0.077s (0.077s)	Loss 0.01724 (0.01724)
2021-10-26 13:55:03,183 Epoch: [6][10/200]	Time 0.336s (0.373s)	Speed 95.3 samples/s	Data 0.001s (0.008s)	Loss 0.02289 (0.01762)
2021-10-26 13:55:06,485 Epoch: [6][20/200]	Time 0.307s (0.352s)	Speed 104.2 samples/s	Data 0.002s (0.005s)	Loss 0.01829 (0.01857)
2021-10-26 13:55:10,040 Epoch: [6][30/200]	Time 0.409s (0.353s)	Speed 78.2 samples/s	Data 0.001s (0.004s)	Loss 0.01816 (0.01854)
2021-10-26 13:55:14,028 Epoch: [6][40/200]	Time 0.422s (0.365s)	Speed 75.8 samples/s	Data 0.001s (0.003s)	Loss 0.02236 (0.01856)
2021-10-26 13:55:17,319 Epoch: [6][50/200]	Time 0.325s (0.358s)	Speed 98.5 samples/s	Data 0.001s (0.003s)	Loss 0.01614 (0.01837)
2021-10-26 13:55:20,360 Epoch: [6][60/200]	Time 0.319s (0.349s)	Speed 100.2 samples/s	Data 0.001s (0.003s)	Loss 0.01446 (0.01799)
2021-10-26 13:55:23,401 Epoch: [6][70/200]	Time 0.319s (0.343s)	Speed 100.4 samples/s	Data 0.002s (0.003s)	Loss 0.01453 (0.01763)
2021-10-26 13:55:26,685 Epoch: [6][80/200]	Time 0.296s (0.341s)	Speed 108.0 samples/s	Data 0.001s (0.003s)	Loss 0.01426 (0.01743)
2021-10-26 13:55:30,065 Epoch: [6][90/200]	Time 0.357s (0.340s)	Speed 89.6 samples/s	Data 0.001s (0.002s)	Loss 0.01753 (0.01725)
2021-10-26 13:55:33,172 Epoch: [6][100/200]	Time 0.262s (0.338s)	Speed 122.2 samples/s	Data 0.001s (0.002s)	Loss 0.01569 (0.01717)
2021-10-26 13:55:36,282 Epoch: [6][110/200]	Time 0.304s (0.335s)	Speed 105.3 samples/s	Data 0.002s (0.002s)	Loss 0.01374 (0.01704)
2021-10-26 13:55:40,357 Epoch: [6][120/200]	Time 0.394s (0.341s)	Speed 81.2 samples/s	Data 0.002s (0.002s)	Loss 0.01826 (0.01696)
2021-10-26 13:55:44,593 Epoch: [6][130/200]	Time 0.377s (0.347s)	Speed 84.8 samples/s	Data 0.002s (0.002s)	Loss 0.01270 (0.01682)
2021-10-26 13:55:48,013 Epoch: [6][140/200]	Time 0.298s (0.347s)	Speed 107.2 samples/s	Data 0.001s (0.002s)	Loss 0.01430 (0.01673)
2021-10-26 13:55:51,220 Epoch: [6][150/200]	Time 0.361s (0.345s)	Speed 88.8 samples/s	Data 0.001s (0.002s)	Loss 0.01543 (0.01668)
2021-10-26 13:55:54,379 Epoch: [6][160/200]	Time 0.287s (0.343s)	Speed 111.6 samples/s	Data 0.001s (0.002s)	Loss 0.02096 (0.01671)
2021-10-26 13:55:57,411 Epoch: [6][170/200]	Time 0.277s (0.341s)	Speed 115.3 samples/s	Data 0.002s (0.002s)	Loss 0.01715 (0.01662)
2021-10-26 13:56:00,378 Epoch: [6][180/200]	Time 0.291s (0.339s)	Speed 110.1 samples/s	Data 0.002s (0.002s)	Loss 0.01110 (0.01664)
2021-10-26 13:56:03,254 Epoch: [6][190/200]	Time 0.279s (0.336s)	Speed 114.8 samples/s	Data 0.001s (0.002s)	Loss 0.01605 (0.01662)
2021-10-26 13:56:05,956 Test: [0/200]	Time 0.070 (0.070)	Loss 0.0657 (0.0657)
2021-10-26 13:56:06,145 Test: [10/200]	Time 0.016 (0.024)	Loss 0.0134 (0.0612)
2021-10-26 13:56:06,337 Test: [20/200]	Time 0.014 (0.021)	Loss 0.0318 (0.0631)
2021-10-26 13:56:06,519 Test: [30/200]	Time 0.016 (0.020)	Loss 0.0802 (0.0656)
2021-10-26 13:56:06,702 Test: [40/200]	Time 0.017 (0.020)	Loss 0.0465 (0.0660)
2021-10-26 13:56:06,920 Test: [50/200]	Time 0.022 (0.020)	Loss 0.0942 (0.0664)
2021-10-26 13:56:07,103 Test: [60/200]	Time 0.017 (0.020)	Loss 0.1144 (0.0684)
2021-10-26 13:56:07,296 Test: [70/200]	Time 0.015 (0.020)	Loss 0.0455 (0.0678)
2021-10-26 13:56:07,509 Test: [80/200]	Time 0.020 (0.020)	Loss 0.0676 (0.0665)
2021-10-26 13:56:07,759 Test: [90/200]	Time 0.016 (0.021)	Loss 0.1098 (0.0679)
2021-10-26 13:56:07,936 Test: [100/200]	Time 0.015 (0.020)	Loss 0.0832 (0.0674)
2021-10-26 13:56:08,117 Test: [110/200]	Time 0.021 (0.020)	Loss 0.1655 (0.0680)
2021-10-26 13:56:08,326 Test: [120/200]	Time 0.016 (0.020)	Loss 0.0745 (0.0671)
2021-10-26 13:56:08,528 Test: [130/200]	Time 0.019 (0.020)	Loss 0.0559 (0.0671)
2021-10-26 13:56:08,745 Test: [140/200]	Time 0.019 (0.020)	Loss 0.0554 (0.0665)
2021-10-26 13:56:08,926 Test: [150/200]	Time 0.015 (0.020)	Loss 0.0661 (0.0657)
2021-10-26 13:56:09,107 Test: [160/200]	Time 0.016 (0.020)	Loss 0.0878 (0.0659)
2021-10-26 13:56:09,308 Test: [170/200]	Time 0.016 (0.020)	Loss 0.0480 (0.0652)
2021-10-26 13:56:09,541 Test: [180/200]	Time 0.022 (0.020)	Loss 0.0654 (0.0648)
2021-10-26 13:56:09,798 Test: [190/200]	Time 0.015 (0.020)	Loss 0.0323 (0.0648)
2021-10-26 13:56:10,712 Mean IoU score: 0.846
2021-10-26 13:56:10,713 => saving checkpoint to out
2021-10-26 13:56:11,186 Epoch: [7][0/200]	Time 0.450s (0.450s)	Speed 71.2 samples/s	Data 0.065s (0.065s)	Loss 0.01467 (0.01467)
2021-10-26 13:56:14,671 Epoch: [7][10/200]	Time 0.394s (0.358s)	Speed 81.3 samples/s	Data 0.001s (0.007s)	Loss 0.01349 (0.01602)
2021-10-26 13:56:17,747 Epoch: [7][20/200]	Time 0.278s (0.334s)	Speed 115.1 samples/s	Data 0.001s (0.005s)	Loss 0.01773 (0.01608)
2021-10-26 13:56:20,665 Epoch: [7][30/200]	Time 0.317s (0.320s)	Speed 101.0 samples/s	Data 0.001s (0.004s)	Loss 0.01616 (0.01544)
2021-10-26 13:56:23,838 Epoch: [7][40/200]	Time 0.336s (0.320s)	Speed 95.3 samples/s	Data 0.001s (0.003s)	Loss 0.01112 (0.01515)
2021-10-26 13:56:26,895 Epoch: [7][50/200]	Time 0.283s (0.317s)	Speed 113.0 samples/s	Data 0.002s (0.003s)	Loss 0.01425 (0.01488)
2021-10-26 13:56:29,946 Epoch: [7][60/200]	Time 0.407s (0.315s)	Speed 78.6 samples/s	Data 0.002s (0.003s)	Loss 0.01296 (0.01471)
2021-10-26 13:56:33,883 Epoch: [7][70/200]	Time 0.405s (0.326s)	Speed 78.9 samples/s	Data 0.001s (0.002s)	Loss 0.01138 (0.01447)
2021-10-26 13:56:37,957 Epoch: [7][80/200]	Time 0.450s (0.336s)	Speed 71.1 samples/s	Data 0.002s (0.002s)	Loss 0.01184 (0.01439)
2021-10-26 13:56:42,475 Epoch: [7][90/200]	Time 0.463s (0.349s)	Speed 69.2 samples/s	Data 0.002s (0.002s)	Loss 0.01585 (0.01416)
2021-10-26 13:56:46,463 Epoch: [7][100/200]	Time 0.411s (0.354s)	Speed 77.8 samples/s	Data 0.002s (0.002s)	Loss 0.01561 (0.01416)
2021-10-26 13:56:50,480 Epoch: [7][110/200]	Time 0.474s (0.358s)	Speed 67.5 samples/s	Data 0.002s (0.002s)	Loss 0.00974 (0.01406)
2021-10-26 13:56:54,439 Epoch: [7][120/200]	Time 0.327s (0.361s)	Speed 98.0 samples/s	Data 0.001s (0.002s)	Loss 0.01213 (0.01408)
2021-10-26 13:56:57,672 Epoch: [7][130/200]	Time 0.313s (0.358s)	Speed 102.2 samples/s	Data 0.002s (0.002s)	Loss 0.01211 (0.01403)
2021-10-26 13:57:01,461 Epoch: [7][140/200]	Time 0.492s (0.360s)	Speed 65.1 samples/s	Data 0.003s (0.002s)	Loss 0.01655 (0.01392)
2021-10-26 13:57:05,498 Epoch: [7][150/200]	Time 0.348s (0.363s)	Speed 91.9 samples/s	Data 0.001s (0.002s)	Loss 0.01123 (0.01382)
2021-10-26 13:57:08,919 Epoch: [7][160/200]	Time 0.389s (0.361s)	Speed 82.2 samples/s	Data 0.002s (0.002s)	Loss 0.01468 (0.01373)
2021-10-26 13:57:12,639 Epoch: [7][170/200]	Time 0.394s (0.362s)	Speed 81.2 samples/s	Data 0.002s (0.002s)	Loss 0.01376 (0.01369)
2021-10-26 13:57:15,821 Epoch: [7][180/200]	Time 0.300s (0.360s)	Speed 106.7 samples/s	Data 0.002s (0.002s)	Loss 0.01244 (0.01365)
2021-10-26 13:57:18,850 Epoch: [7][190/200]	Time 0.310s (0.357s)	Speed 103.1 samples/s	Data 0.001s (0.002s)	Loss 0.01176 (0.01366)
2021-10-26 13:57:21,479 Test: [0/200]	Time 0.063 (0.063)	Loss 0.0794 (0.0794)
2021-10-26 13:57:21,680 Test: [10/200]	Time 0.014 (0.024)	Loss 0.0169 (0.0614)
2021-10-26 13:57:21,867 Test: [20/200]	Time 0.014 (0.021)	Loss 0.0270 (0.0615)
2021-10-26 13:57:22,056 Test: [30/200]	Time 0.016 (0.021)	Loss 0.0912 (0.0650)
2021-10-26 13:57:22,258 Test: [40/200]	Time 0.017 (0.021)	Loss 0.0425 (0.0652)
2021-10-26 13:57:22,483 Test: [50/200]	Time 0.019 (0.021)	Loss 0.0971 (0.0658)
2021-10-26 13:57:22,691 Test: [60/200]	Time 0.020 (0.021)	Loss 0.1332 (0.0686)
2021-10-26 13:57:22,921 Test: [70/200]	Time 0.015 (0.021)	Loss 0.0453 (0.0686)
2021-10-26 13:57:23,128 Test: [80/200]	Time 0.016 (0.021)	Loss 0.0697 (0.0672)
2021-10-26 13:57:23,346 Test: [90/200]	Time 0.016 (0.021)	Loss 0.0949 (0.0678)
2021-10-26 13:57:23,545 Test: [100/200]	Time 0.017 (0.021)	Loss 0.1069 (0.0673)
2021-10-26 13:57:23,752 Test: [110/200]	Time 0.020 (0.021)	Loss 0.1569 (0.0679)
2021-10-26 13:57:23,978 Test: [120/200]	Time 0.021 (0.021)	Loss 0.0890 (0.0667)
2021-10-26 13:57:24,204 Test: [130/200]	Time 0.020 (0.021)	Loss 0.0518 (0.0668)
2021-10-26 13:57:24,401 Test: [140/200]	Time 0.016 (0.021)	Loss 0.0583 (0.0662)
2021-10-26 13:57:24,603 Test: [150/200]	Time 0.016 (0.021)	Loss 0.0568 (0.0650)
2021-10-26 13:57:24,832 Test: [160/200]	Time 0.026 (0.021)	Loss 0.0811 (0.0654)
2021-10-26 13:57:25,024 Test: [170/200]	Time 0.015 (0.021)	Loss 0.0666 (0.0647)
2021-10-26 13:57:25,265 Test: [180/200]	Time 0.024 (0.021)	Loss 0.0595 (0.0644)
2021-10-26 13:57:25,478 Test: [190/200]	Time 0.021 (0.021)	Loss 0.0278 (0.0644)
2021-10-26 13:57:26,417 Mean IoU score: 0.848
2021-10-26 13:57:26,417 => saving checkpoint to out
2021-10-26 13:57:26,895 Epoch: [8][0/200]	Time 0.446s (0.446s)	Speed 71.8 samples/s	Data 0.081s (0.081s)	Loss 0.01197 (0.01197)
2021-10-26 13:57:29,871 Epoch: [8][10/200]	Time 0.279s (0.311s)	Speed 114.7 samples/s	Data 0.001s (0.009s)	Loss 0.01014 (0.01158)
2021-10-26 13:57:32,710 Epoch: [8][20/200]	Time 0.277s (0.298s)	Speed 115.4 samples/s	Data 0.002s (0.005s)	Loss 0.01174 (0.01201)
2021-10-26 13:57:35,718 Epoch: [8][30/200]	Time 0.301s (0.299s)	Speed 106.2 samples/s	Data 0.002s (0.004s)	Loss 0.01210 (0.01196)
2021-10-26 13:57:38,704 Epoch: [8][40/200]	Time 0.298s (0.299s)	Speed 107.3 samples/s	Data 0.001s (0.003s)	Loss 0.00896 (0.01181)
2021-10-26 13:57:41,616 Epoch: [8][50/200]	Time 0.282s (0.297s)	Speed 113.4 samples/s	Data 0.002s (0.003s)	Loss 0.01177 (0.01191)
2021-10-26 13:57:44,543 Epoch: [8][60/200]	Time 0.309s (0.297s)	Speed 103.5 samples/s	Data 0.002s (0.003s)	Loss 0.01296 (0.01187)
2021-10-26 13:57:47,485 Epoch: [8][70/200]	Time 0.297s (0.296s)	Speed 107.7 samples/s	Data 0.001s (0.003s)	Loss 0.01183 (0.01174)
2021-10-26 13:57:50,429 Epoch: [8][80/200]	Time 0.307s (0.296s)	Speed 104.3 samples/s	Data 0.001s (0.002s)	Loss 0.00826 (0.01166)
2021-10-26 13:57:53,403 Epoch: [8][90/200]	Time 0.300s (0.296s)	Speed 106.8 samples/s	Data 0.001s (0.002s)	Loss 0.00903 (0.01151)
2021-10-26 13:57:56,774 Epoch: [8][100/200]	Time 0.305s (0.300s)	Speed 104.8 samples/s	Data 0.001s (0.002s)	Loss 0.01216 (0.01154)
2021-10-26 13:58:00,736 Epoch: [8][110/200]	Time 0.372s (0.309s)	Speed 86.1 samples/s	Data 0.002s (0.002s)	Loss 0.01312 (0.01153)
2021-10-26 13:58:03,864 Epoch: [8][120/200]	Time 0.279s (0.309s)	Speed 114.6 samples/s	Data 0.001s (0.002s)	Loss 0.01185 (0.01162)
2021-10-26 13:58:06,814 Epoch: [8][130/200]	Time 0.286s (0.308s)	Speed 111.8 samples/s	Data 0.001s (0.002s)	Loss 0.00845 (0.01161)
2021-10-26 13:58:09,733 Epoch: [8][140/200]	Time 0.281s (0.307s)	Speed 114.1 samples/s	Data 0.001s (0.002s)	Loss 0.01425 (0.01165)
2021-10-26 13:58:12,625 Epoch: [8][150/200]	Time 0.257s (0.306s)	Speed 124.3 samples/s	Data 0.001s (0.002s)	Loss 0.01085 (0.01160)
2021-10-26 13:58:15,530 Epoch: [8][160/200]	Time 0.302s (0.305s)	Speed 106.1 samples/s	Data 0.001s (0.002s)	Loss 0.01236 (0.01162)
2021-10-26 13:58:18,502 Epoch: [8][170/200]	Time 0.279s (0.304s)	Speed 114.5 samples/s	Data 0.001s (0.002s)	Loss 0.01080 (0.01162)
2021-10-26 13:58:21,429 Epoch: [8][180/200]	Time 0.290s (0.304s)	Speed 110.4 samples/s	Data 0.002s (0.002s)	Loss 0.01353 (0.01161)
2021-10-26 13:58:24,390 Epoch: [8][190/200]	Time 0.293s (0.303s)	Speed 109.4 samples/s	Data 0.001s (0.002s)	Loss 0.01222 (0.01156)
2021-10-26 13:58:27,179 Test: [0/200]	Time 0.068 (0.068)	Loss 0.0646 (0.0646)
2021-10-26 13:58:27,398 Test: [10/200]	Time 0.015 (0.026)	Loss 0.0213 (0.0561)
2021-10-26 13:58:27,606 Test: [20/200]	Time 0.014 (0.024)	Loss 0.0240 (0.0554)
2021-10-26 13:58:27,823 Test: [30/200]	Time 0.015 (0.023)	Loss 0.0691 (0.0590)
2021-10-26 13:58:28,051 Test: [40/200]	Time 0.022 (0.023)	Loss 0.0426 (0.0602)
2021-10-26 13:58:28,270 Test: [50/200]	Time 0.018 (0.023)	Loss 0.0894 (0.0607)
2021-10-26 13:58:28,481 Test: [60/200]	Time 0.017 (0.022)	Loss 0.0974 (0.0627)
2021-10-26 13:58:28,660 Test: [70/200]	Time 0.015 (0.022)	Loss 0.0407 (0.0626)
2021-10-26 13:58:28,838 Test: [80/200]	Time 0.015 (0.021)	Loss 0.0581 (0.0610)
2021-10-26 13:58:29,037 Test: [90/200]	Time 0.019 (0.021)	Loss 0.0932 (0.0619)
2021-10-26 13:58:29,212 Test: [100/200]	Time 0.015 (0.021)	Loss 0.0780 (0.0612)
2021-10-26 13:58:29,418 Test: [110/200]	Time 0.019 (0.021)	Loss 0.1466 (0.0619)
2021-10-26 13:58:29,631 Test: [120/200]	Time 0.015 (0.021)	Loss 0.0677 (0.0606)
2021-10-26 13:58:29,859 Test: [130/200]	Time 0.015 (0.021)	Loss 0.0539 (0.0608)
2021-10-26 13:58:30,032 Test: [140/200]	Time 0.015 (0.021)	Loss 0.0516 (0.0600)
2021-10-26 13:58:30,216 Test: [150/200]	Time 0.016 (0.021)	Loss 0.0607 (0.0590)
2021-10-26 13:58:30,396 Test: [160/200]	Time 0.015 (0.020)	Loss 0.0799 (0.0593)
2021-10-26 13:58:30,607 Test: [170/200]	Time 0.015 (0.020)	Loss 0.0531 (0.0587)
2021-10-26 13:58:30,782 Test: [180/200]	Time 0.015 (0.020)	Loss 0.0604 (0.0583)
2021-10-26 13:58:30,954 Test: [190/200]	Time 0.015 (0.020)	Loss 0.0290 (0.0584)
2021-10-26 13:58:31,896 Mean IoU score: 0.860
2021-10-26 13:58:31,897 => saving checkpoint to out
2021-10-26 13:58:32,345 Epoch: [9][0/200]	Time 0.413s (0.413s)	Speed 77.4 samples/s	Data 0.070s (0.070s)	Loss 0.01141 (0.01141)
2021-10-26 13:58:35,308 Epoch: [9][10/200]	Time 0.300s (0.307s)	Speed 106.6 samples/s	Data 0.001s (0.008s)	Loss 0.00991 (0.01051)
2021-10-26 13:58:38,257 Epoch: [9][20/200]	Time 0.285s (0.301s)	Speed 112.3 samples/s	Data 0.002s (0.005s)	Loss 0.01565 (0.01087)
2021-10-26 13:58:41,290 Epoch: [9][30/200]	Time 0.319s (0.302s)	Speed 100.4 samples/s	Data 0.001s (0.004s)	Loss 0.01011 (0.01091)
2021-10-26 13:58:44,344 Epoch: [9][40/200]	Time 0.287s (0.303s)	Speed 111.4 samples/s	Data 0.001s (0.003s)	Loss 0.01061 (0.01095)
2021-10-26 13:58:47,403 Epoch: [9][50/200]	Time 0.290s (0.303s)	Speed 110.5 samples/s	Data 0.001s (0.003s)	Loss 0.00743 (0.01086)
2021-10-26 13:58:50,505 Epoch: [9][60/200]	Time 0.269s (0.304s)	Speed 118.9 samples/s	Data 0.001s (0.003s)	Loss 0.01137 (0.01070)
2021-10-26 13:58:53,464 Epoch: [9][70/200]	Time 0.316s (0.303s)	Speed 101.3 samples/s	Data 0.002s (0.003s)	Loss 0.01055 (0.01073)
2021-10-26 13:58:56,472 Epoch: [9][80/200]	Time 0.288s (0.303s)	Speed 110.9 samples/s	Data 0.001s (0.002s)	Loss 0.00786 (0.01076)
2021-10-26 13:59:00,127 Epoch: [9][90/200]	Time 0.397s (0.310s)	Speed 80.6 samples/s	Data 0.001s (0.002s)	Loss 0.01119 (0.01069)
2021-10-26 13:59:03,951 Epoch: [9][100/200]	Time 0.324s (0.317s)	Speed 98.8 samples/s	Data 0.002s (0.002s)	Loss 0.01525 (0.01073)
2021-10-26 13:59:07,388 Epoch: [9][110/200]	Time 0.366s (0.319s)	Speed 87.5 samples/s	Data 0.002s (0.002s)	Loss 0.01137 (0.01070)
2021-10-26 13:59:10,649 Epoch: [9][120/200]	Time 0.313s (0.320s)	Speed 102.2 samples/s	Data 0.001s (0.002s)	Loss 0.01002 (0.01063)
2021-10-26 13:59:13,717 Epoch: [9][130/200]	Time 0.269s (0.319s)	Speed 119.1 samples/s	Data 0.001s (0.002s)	Loss 0.00822 (0.01068)
2021-10-26 13:59:16,684 Epoch: [9][140/200]	Time 0.313s (0.317s)	Speed 102.1 samples/s	Data 0.001s (0.002s)	Loss 0.01118 (0.01068)
2021-10-26 13:59:19,608 Epoch: [9][150/200]	Time 0.300s (0.316s)	Speed 106.6 samples/s	Data 0.001s (0.002s)	Loss 0.00854 (0.01065)
2021-10-26 13:59:22,536 Epoch: [9][160/200]	Time 0.289s (0.314s)	Speed 110.7 samples/s	Data 0.001s (0.002s)	Loss 0.01144 (0.01063)
2021-10-26 13:59:25,435 Epoch: [9][170/200]	Time 0.301s (0.313s)	Speed 106.2 samples/s	Data 0.002s (0.002s)	Loss 0.01050 (0.01056)
2021-10-26 13:59:28,345 Epoch: [9][180/200]	Time 0.274s (0.312s)	Speed 116.7 samples/s	Data 0.001s (0.002s)	Loss 0.00963 (0.01054)
2021-10-26 13:59:31,269 Epoch: [9][190/200]	Time 0.290s (0.311s)	Speed 110.2 samples/s	Data 0.001s (0.002s)	Loss 0.00797 (0.01049)
2021-10-26 13:59:33,966 Test: [0/200]	Time 0.068 (0.068)	Loss 0.0748 (0.0748)
2021-10-26 13:59:34,182 Test: [10/200]	Time 0.022 (0.026)	Loss 0.0290 (0.0598)
2021-10-26 13:59:34,372 Test: [20/200]	Time 0.018 (0.023)	Loss 0.0265 (0.0586)
2021-10-26 13:59:34,596 Test: [30/200]	Time 0.016 (0.023)	Loss 0.0699 (0.0605)
2021-10-26 13:59:34,832 Test: [40/200]	Time 0.017 (0.023)	Loss 0.0431 (0.0615)
2021-10-26 13:59:35,038 Test: [50/200]	Time 0.017 (0.022)	Loss 0.1080 (0.0619)
2021-10-26 13:59:35,308 Test: [60/200]	Time 0.026 (0.023)	Loss 0.1004 (0.0638)
2021-10-26 13:59:35,540 Test: [70/200]	Time 0.019 (0.023)	Loss 0.0458 (0.0634)
2021-10-26 13:59:35,770 Test: [80/200]	Time 0.016 (0.023)	Loss 0.0530 (0.0616)
2021-10-26 13:59:35,990 Test: [90/200]	Time 0.029 (0.023)	Loss 0.0710 (0.0620)
2021-10-26 13:59:36,209 Test: [100/200]	Time 0.021 (0.023)	Loss 0.0736 (0.0611)
2021-10-26 13:59:36,413 Test: [110/200]	Time 0.020 (0.023)	Loss 0.1562 (0.0620)
2021-10-26 13:59:36,586 Test: [120/200]	Time 0.016 (0.022)	Loss 0.0614 (0.0606)
2021-10-26 13:59:36,783 Test: [130/200]	Time 0.018 (0.022)	Loss 0.0529 (0.0609)
2021-10-26 13:59:36,994 Test: [140/200]	Time 0.020 (0.022)	Loss 0.0533 (0.0602)
2021-10-26 13:59:37,199 Test: [150/200]	Time 0.015 (0.022)	Loss 0.0589 (0.0593)
2021-10-26 13:59:37,411 Test: [160/200]	Time 0.016 (0.022)	Loss 0.0838 (0.0597)
2021-10-26 13:59:37,612 Test: [170/200]	Time 0.019 (0.022)	Loss 0.0514 (0.0590)
2021-10-26 13:59:37,841 Test: [180/200]	Time 0.020 (0.022)	Loss 0.0491 (0.0585)
2021-10-26 13:59:38,050 Test: [190/200]	Time 0.024 (0.022)	Loss 0.0270 (0.0585)
2021-10-26 13:59:38,991 Mean IoU score: 0.861
2021-10-26 13:59:38,991 => saving checkpoint to out
2021-10-26 13:59:39,449 Epoch: [10][0/200]	Time 0.424s (0.424s)	Speed 75.5 samples/s	Data 0.085s (0.085s)	Loss 0.00780 (0.00780)
2021-10-26 13:59:42,343 Epoch: [10][10/200]	Time 0.286s (0.302s)	Speed 111.8 samples/s	Data 0.001s (0.009s)	Loss 0.00804 (0.00932)
2021-10-26 13:59:45,235 Epoch: [10][20/200]	Time 0.296s (0.296s)	Speed 107.9 samples/s	Data 0.001s (0.005s)	Loss 0.00892 (0.00893)
2021-10-26 13:59:48,213 Epoch: [10][30/200]	Time 0.282s (0.296s)	Speed 113.6 samples/s	Data 0.001s (0.004s)	Loss 0.01048 (0.00921)
2021-10-26 13:59:51,218 Epoch: [10][40/200]	Time 0.287s (0.297s)	Speed 111.4 samples/s	Data 0.002s (0.004s)	Loss 0.00858 (0.00947)
2021-10-26 13:59:54,133 Epoch: [10][50/200]	Time 0.285s (0.296s)	Speed 112.4 samples/s	Data 0.002s (0.003s)	Loss 0.01290 (0.00954)
2021-10-26 13:59:57,089 Epoch: [10][60/200]	Time 0.308s (0.296s)	Speed 103.7 samples/s	Data 0.001s (0.003s)	Loss 0.01259 (0.00961)
2021-10-26 13:59:59,997 Epoch: [10][70/200]	Time 0.284s (0.295s)	Speed 112.8 samples/s	Data 0.001s (0.003s)	Loss 0.00783 (0.00961)
2021-10-26 14:00:02,944 Epoch: [10][80/200]	Time 0.285s (0.295s)	Speed 112.2 samples/s	Data 0.002s (0.003s)	Loss 0.01048 (0.00960)
2021-10-26 14:00:05,895 Epoch: [10][90/200]	Time 0.278s (0.295s)	Speed 115.1 samples/s	Data 0.001s (0.002s)	Loss 0.00763 (0.00958)
2021-10-26 14:00:08,842 Epoch: [10][100/200]	Time 0.279s (0.295s)	Speed 114.8 samples/s	Data 0.002s (0.002s)	Loss 0.00878 (0.00963)
2021-10-26 14:00:11,868 Epoch: [10][110/200]	Time 0.291s (0.296s)	Speed 110.0 samples/s	Data 0.001s (0.002s)	Loss 0.00820 (0.00963)
2021-10-26 14:00:14,754 Epoch: [10][120/200]	Time 0.293s (0.295s)	Speed 109.1 samples/s	Data 0.002s (0.002s)	Loss 0.01065 (0.00971)
2021-10-26 14:00:17,722 Epoch: [10][130/200]	Time 0.280s (0.295s)	Speed 114.2 samples/s	Data 0.001s (0.002s)	Loss 0.00959 (0.00974)
2021-10-26 14:00:20,683 Epoch: [10][140/200]	Time 0.325s (0.295s)	Speed 98.5 samples/s	Data 0.001s (0.002s)	Loss 0.00954 (0.00976)
2021-10-26 14:00:23,726 Epoch: [10][150/200]	Time 0.355s (0.296s)	Speed 90.1 samples/s	Data 0.002s (0.002s)	Loss 0.00976 (0.00975)
2021-10-26 14:00:26,695 Epoch: [10][160/200]	Time 0.302s (0.296s)	Speed 105.9 samples/s	Data 0.002s (0.002s)	Loss 0.00882 (0.00975)
2021-10-26 14:00:29,609 Epoch: [10][170/200]	Time 0.291s (0.296s)	Speed 109.9 samples/s	Data 0.002s (0.002s)	Loss 0.01096 (0.00977)
2021-10-26 14:00:32,501 Epoch: [10][180/200]	Time 0.287s (0.295s)	Speed 111.4 samples/s	Data 0.001s (0.002s)	Loss 0.00933 (0.00973)
2021-10-26 14:00:35,381 Epoch: [10][190/200]	Time 0.295s (0.295s)	Speed 108.5 samples/s	Data 0.001s (0.002s)	Loss 0.01014 (0.00971)
2021-10-26 14:00:38,063 Test: [0/200]	Time 0.058 (0.058)	Loss 0.0809 (0.0809)
2021-10-26 14:00:38,283 Test: [10/200]	Time 0.015 (0.025)	Loss 0.0228 (0.0626)
2021-10-26 14:00:38,491 Test: [20/200]	Time 0.015 (0.023)	Loss 0.0300 (0.0603)
2021-10-26 14:00:38,701 Test: [30/200]	Time 0.022 (0.022)	Loss 0.0771 (0.0629)
2021-10-26 14:00:38,923 Test: [40/200]	Time 0.024 (0.022)	Loss 0.0414 (0.0631)
2021-10-26 14:00:39,108 Test: [50/200]	Time 0.015 (0.022)	Loss 0.0881 (0.0634)
2021-10-26 14:00:39,337 Test: [60/200]	Time 0.034 (0.022)	Loss 0.1200 (0.0663)
2021-10-26 14:00:39,539 Test: [70/200]	Time 0.015 (0.022)	Loss 0.0652 (0.0667)
2021-10-26 14:00:39,749 Test: [80/200]	Time 0.014 (0.022)	Loss 0.0601 (0.0649)
2021-10-26 14:00:39,978 Test: [90/200]	Time 0.016 (0.022)	Loss 0.0939 (0.0655)
2021-10-26 14:00:40,180 Test: [100/200]	Time 0.015 (0.022)	Loss 0.0790 (0.0646)
2021-10-26 14:00:40,395 Test: [110/200]	Time 0.027 (0.022)	Loss 0.1704 (0.0653)
2021-10-26 14:00:40,600 Test: [120/200]	Time 0.020 (0.021)	Loss 0.0773 (0.0641)
2021-10-26 14:00:40,818 Test: [130/200]	Time 0.020 (0.021)	Loss 0.0532 (0.0643)
2021-10-26 14:00:41,041 Test: [140/200]	Time 0.015 (0.022)	Loss 0.0579 (0.0637)
2021-10-26 14:00:41,239 Test: [150/200]	Time 0.017 (0.021)	Loss 0.0528 (0.0624)
2021-10-26 14:00:41,456 Test: [160/200]	Time 0.016 (0.021)	Loss 0.0773 (0.0626)
2021-10-26 14:00:41,637 Test: [170/200]	Time 0.014 (0.021)	Loss 0.0566 (0.0621)
2021-10-26 14:00:41,822 Test: [180/200]	Time 0.014 (0.021)	Loss 0.0564 (0.0620)
2021-10-26 14:00:42,050 Test: [190/200]	Time 0.022 (0.021)	Loss 0.0256 (0.0621)
2021-10-26 14:00:42,977 Mean IoU score: 0.855
2021-10-26 14:00:42,978 => saving checkpoint to out
2021-10-26 14:00:43,481 Epoch: [11][0/200]	Time 0.478s (0.478s)	Speed 67.0 samples/s	Data 0.084s (0.084s)	Loss 0.00832 (0.00832)
2021-10-26 14:00:46,482 Epoch: [11][10/200]	Time 0.359s (0.316s)	Speed 89.2 samples/s	Data 0.001s (0.009s)	Loss 0.00900 (0.00846)
2021-10-26 14:00:49,400 Epoch: [11][20/200]	Time 0.278s (0.305s)	Speed 115.1 samples/s	Data 0.002s (0.005s)	Loss 0.01104 (0.00857)
2021-10-26 14:00:52,357 Epoch: [11][30/200]	Time 0.288s (0.302s)	Speed 111.1 samples/s	Data 0.002s (0.004s)	Loss 0.00788 (0.00861)
2021-10-26 14:00:55,285 Epoch: [11][40/200]	Time 0.314s (0.300s)	Speed 102.0 samples/s	Data 0.001s (0.004s)	Loss 0.01183 (0.00879)
2021-10-26 14:00:58,939 Epoch: [11][50/200]	Time 0.266s (0.312s)	Speed 120.1 samples/s	Data 0.001s (0.003s)	Loss 0.00836 (0.00889)
2021-10-26 14:01:02,287 Epoch: [11][60/200]	Time 0.290s (0.316s)	Speed 110.2 samples/s	Data 0.001s (0.003s)	Loss 0.00952 (0.00896)
2021-10-26 14:01:05,331 Epoch: [11][70/200]	Time 0.321s (0.314s)	Speed 99.7 samples/s	Data 0.002s (0.003s)	Loss 0.00945 (0.00891)
2021-10-26 14:01:08,302 Epoch: [11][80/200]	Time 0.268s (0.312s)	Speed 119.5 samples/s	Data 0.001s (0.003s)	Loss 0.00825 (0.00889)
2021-10-26 14:01:11,252 Epoch: [11][90/200]	Time 0.271s (0.310s)	Speed 118.2 samples/s	Data 0.001s (0.002s)	Loss 0.00833 (0.00886)
2021-10-26 14:01:14,261 Epoch: [11][100/200]	Time 0.328s (0.309s)	Speed 97.5 samples/s	Data 0.001s (0.002s)	Loss 0.00902 (0.00888)
2021-10-26 14:01:17,304 Epoch: [11][110/200]	Time 0.289s (0.309s)	Speed 110.8 samples/s	Data 0.001s (0.002s)	Loss 0.01046 (0.00885)
2021-10-26 14:01:20,249 Epoch: [11][120/200]	Time 0.327s (0.308s)	Speed 97.8 samples/s	Data 0.001s (0.002s)	Loss 0.00808 (0.00886)
2021-10-26 14:01:23,224 Epoch: [11][130/200]	Time 0.298s (0.307s)	Speed 107.5 samples/s	Data 0.001s (0.002s)	Loss 0.00821 (0.00888)
2021-10-26 14:01:26,095 Epoch: [11][140/200]	Time 0.283s (0.306s)	Speed 113.1 samples/s	Data 0.001s (0.002s)	Loss 0.01172 (0.00899)
2021-10-26 14:01:29,018 Epoch: [11][150/200]	Time 0.296s (0.305s)	Speed 108.1 samples/s	Data 0.001s (0.002s)	Loss 0.01177 (0.00901)
2021-10-26 14:01:31,955 Epoch: [11][160/200]	Time 0.264s (0.304s)	Speed 121.4 samples/s	Data 0.002s (0.002s)	Loss 0.01063 (0.00905)
2021-10-26 14:01:34,933 Epoch: [11][170/200]	Time 0.287s (0.304s)	Speed 111.3 samples/s	Data 0.001s (0.002s)	Loss 0.01074 (0.00910)
2021-10-26 14:01:37,848 Epoch: [11][180/200]	Time 0.277s (0.303s)	Speed 115.5 samples/s	Data 0.001s (0.002s)	Loss 0.00805 (0.00910)
2021-10-26 14:01:40,766 Epoch: [11][190/200]	Time 0.287s (0.302s)	Speed 111.3 samples/s	Data 0.002s (0.002s)	Loss 0.00914 (0.00911)
2021-10-26 14:01:43,419 Test: [0/200]	Time 0.080 (0.080)	Loss 0.0833 (0.0833)
2021-10-26 14:01:43,643 Test: [10/200]	Time 0.015 (0.028)	Loss 0.0273 (0.0621)
2021-10-26 14:01:43,845 Test: [20/200]	Time 0.015 (0.024)	Loss 0.0269 (0.0600)
2021-10-26 14:01:44,092 Test: [30/200]	Time 0.032 (0.024)	Loss 0.0708 (0.0628)
2021-10-26 14:01:44,292 Test: [40/200]	Time 0.018 (0.023)	Loss 0.0398 (0.0636)
2021-10-26 14:01:44,484 Test: [50/200]	Time 0.014 (0.022)	Loss 0.1003 (0.0648)
2021-10-26 14:01:44,673 Test: [60/200]	Time 0.017 (0.022)	Loss 0.0982 (0.0666)
2021-10-26 14:01:44,870 Test: [70/200]	Time 0.019 (0.022)	Loss 0.0511 (0.0659)
2021-10-26 14:01:45,092 Test: [80/200]	Time 0.020 (0.022)	Loss 0.0598 (0.0638)
2021-10-26 14:01:45,326 Test: [90/200]	Time 0.020 (0.022)	Loss 0.0812 (0.0642)
2021-10-26 14:01:45,552 Test: [100/200]	Time 0.026 (0.022)	Loss 0.0666 (0.0632)
2021-10-26 14:01:45,783 Test: [110/200]	Time 0.015 (0.022)	Loss 0.1560 (0.0637)
2021-10-26 14:01:46,009 Test: [120/200]	Time 0.018 (0.022)	Loss 0.0589 (0.0624)
2021-10-26 14:01:46,227 Test: [130/200]	Time 0.017 (0.022)	Loss 0.0603 (0.0626)
2021-10-26 14:01:46,413 Test: [140/200]	Time 0.015 (0.022)	Loss 0.0618 (0.0619)
2021-10-26 14:01:46,616 Test: [150/200]	Time 0.015 (0.022)	Loss 0.0699 (0.0609)
2021-10-26 14:01:46,825 Test: [160/200]	Time 0.018 (0.022)	Loss 0.0832 (0.0610)
2021-10-26 14:01:46,995 Test: [170/200]	Time 0.014 (0.021)	Loss 0.0464 (0.0601)
2021-10-26 14:01:47,170 Test: [180/200]	Time 0.014 (0.021)	Loss 0.0530 (0.0598)
2021-10-26 14:01:47,372 Test: [190/200]	Time 0.014 (0.021)	Loss 0.0257 (0.0598)
2021-10-26 14:01:48,306 Mean IoU score: 0.860
2021-10-26 14:01:48,307 => saving checkpoint to out
2021-10-26 14:01:48,861 Epoch: [12][0/200]	Time 0.521s (0.521s)	Speed 61.4 samples/s	Data 0.090s (0.090s)	Loss 0.01107 (0.01107)
2021-10-26 14:01:51,925 Epoch: [12][10/200]	Time 0.290s (0.326s)	Speed 110.4 samples/s	Data 0.002s (0.010s)	Loss 0.01000 (0.00981)
2021-10-26 14:01:54,846 Epoch: [12][20/200]	Time 0.297s (0.310s)	Speed 107.9 samples/s	Data 0.001s (0.006s)	Loss 0.01089 (0.00913)
2021-10-26 14:01:57,789 Epoch: [12][30/200]	Time 0.281s (0.305s)	Speed 113.7 samples/s	Data 0.001s (0.004s)	Loss 0.00888 (0.00899)
2021-10-26 14:02:00,742 Epoch: [12][40/200]	Time 0.276s (0.302s)	Speed 116.0 samples/s	Data 0.002s (0.004s)	Loss 0.00862 (0.00892)
2021-10-26 14:02:03,675 Epoch: [12][50/200]	Time 0.297s (0.301s)	Speed 107.9 samples/s	Data 0.001s (0.003s)	Loss 0.00817 (0.00882)
2021-10-26 14:02:06,637 Epoch: [12][60/200]	Time 0.292s (0.300s)	Speed 109.5 samples/s	Data 0.001s (0.003s)	Loss 0.00667 (0.00882)
2021-10-26 14:02:09,550 Epoch: [12][70/200]	Time 0.287s (0.299s)	Speed 111.4 samples/s	Data 0.001s (0.003s)	Loss 0.00996 (0.00875)
2021-10-26 14:02:12,495 Epoch: [12][80/200]	Time 0.284s (0.298s)	Speed 112.7 samples/s	Data 0.002s (0.003s)	Loss 0.00935 (0.00878)
2021-10-26 14:02:15,490 Epoch: [12][90/200]	Time 0.333s (0.298s)	Speed 96.0 samples/s	Data 0.002s (0.003s)	Loss 0.00630 (0.00876)
2021-10-26 14:02:18,435 Epoch: [12][100/200]	Time 0.290s (0.298s)	Speed 110.3 samples/s	Data 0.001s (0.002s)	Loss 0.00816 (0.00871)
2021-10-26 14:02:21,353 Epoch: [12][110/200]	Time 0.283s (0.297s)	Speed 113.3 samples/s	Data 0.001s (0.002s)	Loss 0.00807 (0.00876)
2021-10-26 14:02:24,240 Epoch: [12][120/200]	Time 0.284s (0.297s)	Speed 112.7 samples/s	Data 0.001s (0.002s)	Loss 0.00754 (0.00874)
2021-10-26 14:02:27,163 Epoch: [12][130/200]	Time 0.322s (0.296s)	Speed 99.3 samples/s	Data 0.001s (0.002s)	Loss 0.00888 (0.00875)
2021-10-26 14:02:30,110 Epoch: [12][140/200]	Time 0.308s (0.296s)	Speed 103.9 samples/s	Data 0.002s (0.002s)	Loss 0.00892 (0.00876)
2021-10-26 14:02:32,986 Epoch: [12][150/200]	Time 0.288s (0.296s)	Speed 111.0 samples/s	Data 0.001s (0.002s)	Loss 0.00850 (0.00876)
2021-10-26 14:02:35,907 Epoch: [12][160/200]	Time 0.283s (0.295s)	Speed 113.1 samples/s	Data 0.001s (0.002s)	Loss 0.01053 (0.00876)
2021-10-26 14:02:38,928 Epoch: [12][170/200]	Time 0.287s (0.296s)	Speed 111.5 samples/s	Data 0.002s (0.002s)	Loss 0.00776 (0.00879)
2021-10-26 14:02:41,849 Epoch: [12][180/200]	Time 0.277s (0.296s)	Speed 115.7 samples/s	Data 0.002s (0.002s)	Loss 0.00773 (0.00878)
2021-10-26 14:02:45,011 Epoch: [12][190/200]	Time 0.285s (0.297s)	Speed 112.3 samples/s	Data 0.001s (0.002s)	Loss 0.00746 (0.00878)
2021-10-26 14:02:47,852 Test: [0/200]	Time 0.071 (0.071)	Loss 0.1042 (0.1042)
2021-10-26 14:02:48,089 Test: [10/200]	Time 0.020 (0.028)	Loss 0.0393 (0.0626)
2021-10-26 14:02:48,325 Test: [20/200]	Time 0.020 (0.026)	Loss 0.0230 (0.0612)
2021-10-26 14:02:48,553 Test: [30/200]	Time 0.020 (0.025)	Loss 0.0889 (0.0656)
2021-10-26 14:02:48,767 Test: [40/200]	Time 0.020 (0.024)	Loss 0.0458 (0.0666)
2021-10-26 14:02:48,996 Test: [50/200]	Time 0.022 (0.024)	Loss 0.1115 (0.0672)
2021-10-26 14:02:49,178 Test: [60/200]	Time 0.015 (0.023)	Loss 0.0883 (0.0688)
2021-10-26 14:02:49,385 Test: [70/200]	Time 0.021 (0.023)	Loss 0.0674 (0.0692)
2021-10-26 14:02:49,595 Test: [80/200]	Time 0.021 (0.022)	Loss 0.0543 (0.0673)
2021-10-26 14:02:49,803 Test: [90/200]	Time 0.016 (0.022)	Loss 0.0782 (0.0679)
2021-10-26 14:02:50,033 Test: [100/200]	Time 0.021 (0.022)	Loss 0.0737 (0.0668)
2021-10-26 14:02:50,278 Test: [110/200]	Time 0.021 (0.022)	Loss 0.1572 (0.0673)
2021-10-26 14:02:50,533 Test: [120/200]	Time 0.020 (0.023)	Loss 0.0694 (0.0665)
2021-10-26 14:02:50,767 Test: [130/200]	Time 0.023 (0.023)	Loss 0.0574 (0.0666)
2021-10-26 14:02:50,979 Test: [140/200]	Time 0.016 (0.023)	Loss 0.0664 (0.0659)
2021-10-26 14:02:51,193 Test: [150/200]	Time 0.015 (0.023)	Loss 0.0549 (0.0647)
2021-10-26 14:02:51,434 Test: [160/200]	Time 0.018 (0.023)	Loss 0.0968 (0.0650)
2021-10-26 14:02:51,648 Test: [170/200]	Time 0.016 (0.023)	Loss 0.0518 (0.0645)
2021-10-26 14:02:51,822 Test: [180/200]	Time 0.016 (0.022)	Loss 0.0523 (0.0644)
2021-10-26 14:02:52,011 Test: [190/200]	Time 0.020 (0.022)	Loss 0.0263 (0.0645)
2021-10-26 14:02:52,997 Mean IoU score: 0.852
2021-10-26 14:02:52,998 => saving checkpoint to out
2021-10-26 14:02:53,455 Epoch: [13][0/200]	Time 0.429s (0.429s)	Speed 74.6 samples/s	Data 0.056s (0.056s)	Loss 0.00596 (0.00596)
2021-10-26 14:02:56,438 Epoch: [13][10/200]	Time 0.289s (0.310s)	Speed 110.8 samples/s	Data 0.002s (0.006s)	Loss 0.00694 (0.00858)
2021-10-26 14:02:59,422 Epoch: [13][20/200]	Time 0.300s (0.305s)	Speed 106.6 samples/s	Data 0.002s (0.004s)	Loss 0.00621 (0.00805)
2021-10-26 14:03:02,379 Epoch: [13][30/200]	Time 0.286s (0.302s)	Speed 111.9 samples/s	Data 0.002s (0.003s)	Loss 0.00751 (0.00819)
2021-10-26 14:03:05,486 Epoch: [13][40/200]	Time 0.272s (0.304s)	Speed 117.8 samples/s	Data 0.001s (0.003s)	Loss 0.00917 (0.00823)
2021-10-26 14:03:08,470 Epoch: [13][50/200]	Time 0.303s (0.303s)	Speed 105.6 samples/s	Data 0.001s (0.003s)	Loss 0.00907 (0.00821)
2021-10-26 14:03:11,443 Epoch: [13][60/200]	Time 0.280s (0.302s)	Speed 114.4 samples/s	Data 0.001s (0.002s)	Loss 0.00968 (0.00824)
2021-10-26 14:03:14,411 Epoch: [13][70/200]	Time 0.313s (0.301s)	Speed 102.2 samples/s	Data 0.002s (0.002s)	Loss 0.00965 (0.00823)
2021-10-26 14:03:17,493 Epoch: [13][80/200]	Time 0.352s (0.302s)	Speed 91.0 samples/s	Data 0.002s (0.002s)	Loss 0.01015 (0.00835)
2021-10-26 14:03:20,556 Epoch: [13][90/200]	Time 0.295s (0.303s)	Speed 108.5 samples/s	Data 0.001s (0.002s)	Loss 0.00998 (0.00843)
2021-10-26 14:03:23,476 Epoch: [13][100/200]	Time 0.319s (0.301s)	Speed 100.2 samples/s	Data 0.001s (0.002s)	Loss 0.00646 (0.00844)
2021-10-26 14:03:26,626 Epoch: [13][110/200]	Time 0.283s (0.303s)	Speed 112.9 samples/s	Data 0.002s (0.002s)	Loss 0.00940 (0.00847)
2021-10-26 14:03:29,583 Epoch: [13][120/200]	Time 0.321s (0.302s)	Speed 99.6 samples/s	Data 0.001s (0.002s)	Loss 0.00832 (0.00846)
2021-10-26 14:03:32,636 Epoch: [13][130/200]	Time 0.297s (0.302s)	Speed 107.6 samples/s	Data 0.002s (0.002s)	Loss 0.01007 (0.00848)
2021-10-26 14:03:35,707 Epoch: [13][140/200]	Time 0.310s (0.303s)	Speed 103.1 samples/s	Data 0.001s (0.002s)	Loss 0.01021 (0.00850)
2021-10-26 14:03:38,772 Epoch: [13][150/200]	Time 0.314s (0.303s)	Speed 101.8 samples/s	Data 0.002s (0.002s)	Loss 0.00743 (0.00847)
2021-10-26 14:03:41,806 Epoch: [13][160/200]	Time 0.297s (0.303s)	Speed 107.6 samples/s	Data 0.002s (0.002s)	Loss 0.00890 (0.00849)
2021-10-26 14:03:44,857 Epoch: [13][170/200]	Time 0.327s (0.303s)	Speed 98.0 samples/s	Data 0.002s (0.002s)	Loss 0.01039 (0.00853)
2021-10-26 14:03:47,794 Epoch: [13][180/200]	Time 0.296s (0.303s)	Speed 108.2 samples/s	Data 0.001s (0.002s)	Loss 0.01014 (0.00855)
2021-10-26 14:03:50,802 Epoch: [13][190/200]	Time 0.292s (0.302s)	Speed 109.5 samples/s	Data 0.001s (0.002s)	Loss 0.00952 (0.00858)
2021-10-26 14:03:53,539 Test: [0/200]	Time 0.074 (0.074)	Loss 0.0789 (0.0789)
2021-10-26 14:03:53,763 Test: [10/200]	Time 0.021 (0.027)	Loss 0.0107 (0.0631)
2021-10-26 14:03:53,957 Test: [20/200]	Time 0.015 (0.023)	Loss 0.0273 (0.0638)
2021-10-26 14:03:54,169 Test: [30/200]	Time 0.015 (0.023)	Loss 0.0873 (0.0678)
2021-10-26 14:03:54,365 Test: [40/200]	Time 0.022 (0.022)	Loss 0.0387 (0.0700)
2021-10-26 14:03:54,543 Test: [50/200]	Time 0.016 (0.021)	Loss 0.1041 (0.0701)
2021-10-26 14:03:54,800 Test: [60/200]	Time 0.021 (0.022)	Loss 0.1166 (0.0723)
2021-10-26 14:03:55,026 Test: [70/200]	Time 0.025 (0.022)	Loss 0.0706 (0.0723)
2021-10-26 14:03:55,237 Test: [80/200]	Time 0.015 (0.022)	Loss 0.1043 (0.0709)
2021-10-26 14:03:55,440 Test: [90/200]	Time 0.015 (0.022)	Loss 0.1058 (0.0714)
2021-10-26 14:03:55,619 Test: [100/200]	Time 0.015 (0.021)	Loss 0.1240 (0.0706)
2021-10-26 14:03:55,798 Test: [110/200]	Time 0.015 (0.021)	Loss 0.1888 (0.0719)
2021-10-26 14:03:56,006 Test: [120/200]	Time 0.015 (0.021)	Loss 0.0818 (0.0704)
2021-10-26 14:03:56,212 Test: [130/200]	Time 0.018 (0.021)	Loss 0.0918 (0.0710)
2021-10-26 14:03:56,394 Test: [140/200]	Time 0.015 (0.021)	Loss 0.0633 (0.0705)
2021-10-26 14:03:56,574 Test: [150/200]	Time 0.020 (0.021)	Loss 0.0510 (0.0692)
2021-10-26 14:03:56,757 Test: [160/200]	Time 0.016 (0.020)	Loss 0.0702 (0.0695)
2021-10-26 14:03:56,936 Test: [170/200]	Time 0.015 (0.020)	Loss 0.0541 (0.0689)
2021-10-26 14:03:57,114 Test: [180/200]	Time 0.015 (0.020)	Loss 0.0548 (0.0684)
2021-10-26 14:03:57,293 Test: [190/200]	Time 0.016 (0.020)	Loss 0.0273 (0.0683)
2021-10-26 14:03:58,260 Mean IoU score: 0.838
2021-10-26 14:03:58,260 => saving checkpoint to out
2021-10-26 14:03:58,714 Epoch: [14][0/200]	Time 0.429s (0.429s)	Speed 74.5 samples/s	Data 0.070s (0.070s)	Loss 0.00707 (0.00707)
2021-10-26 14:04:01,847 Epoch: [14][10/200]	Time 0.360s (0.324s)	Speed 88.8 samples/s	Data 0.001s (0.008s)	Loss 0.00626 (0.00796)
2021-10-26 14:04:04,881 Epoch: [14][20/200]	Time 0.268s (0.314s)	Speed 119.4 samples/s	Data 0.001s (0.005s)	Loss 0.00858 (0.00850)
2021-10-26 14:04:07,811 Epoch: [14][30/200]	Time 0.292s (0.307s)	Speed 109.4 samples/s	Data 0.001s (0.004s)	Loss 0.00862 (0.00845)
2021-10-26 14:04:10,739 Epoch: [14][40/200]	Time 0.314s (0.304s)	Speed 102.0 samples/s	Data 0.001s (0.003s)	Loss 0.00816 (0.00862)
2021-10-26 14:04:13,694 Epoch: [14][50/200]	Time 0.273s (0.302s)	Speed 117.2 samples/s	Data 0.002s (0.003s)	Loss 0.01027 (0.00873)
2021-10-26 14:04:16,953 Epoch: [14][60/200]	Time 0.424s (0.306s)	Speed 75.4 samples/s	Data 0.001s (0.003s)	Loss 0.00763 (0.00866)
2021-10-26 14:04:20,371 Epoch: [14][70/200]	Time 0.339s (0.311s)	Speed 94.3 samples/s	Data 0.002s (0.003s)	Loss 0.00821 (0.00875)
2021-10-26 14:04:23,673 Epoch: [14][80/200]	Time 0.354s (0.313s)	Speed 90.5 samples/s	Data 0.002s (0.002s)	Loss 0.01109 (0.00875)
2021-10-26 14:04:27,420 Epoch: [14][90/200]	Time 0.326s (0.320s)	Speed 98.1 samples/s	Data 0.001s (0.002s)	Loss 0.01129 (0.00894)
2021-10-26 14:04:30,894 Epoch: [14][100/200]	Time 0.359s (0.323s)	Speed 89.1 samples/s	Data 0.001s (0.002s)	Loss 0.01302 (0.00918)
2021-10-26 14:04:34,470 Epoch: [14][110/200]	Time 0.298s (0.326s)	Speed 107.2 samples/s	Data 0.001s (0.002s)	Loss 0.00823 (0.00940)
2021-10-26 14:04:37,858 Epoch: [14][120/200]	Time 0.390s (0.327s)	Speed 82.1 samples/s	Data 0.002s (0.002s)	Loss 0.01199 (0.00978)
2021-10-26 14:04:41,034 Epoch: [14][130/200]	Time 0.373s (0.326s)	Speed 85.7 samples/s	Data 0.001s (0.002s)	Loss 0.01278 (0.01016)
2021-10-26 14:04:44,253 Epoch: [14][140/200]	Time 0.295s (0.326s)	Speed 108.4 samples/s	Data 0.001s (0.002s)	Loss 0.02408 (0.01081)
2021-10-26 14:04:47,818 Epoch: [14][150/200]	Time 0.313s (0.328s)	Speed 102.3 samples/s	Data 0.001s (0.002s)	Loss 0.01725 (0.01137)
2021-10-26 14:04:51,293 Epoch: [14][160/200]	Time 0.339s (0.329s)	Speed 94.4 samples/s	Data 0.001s (0.002s)	Loss 0.01694 (0.01191)
2021-10-26 14:04:54,440 Epoch: [14][170/200]	Time 0.284s (0.328s)	Speed 112.8 samples/s	Data 0.001s (0.002s)	Loss 0.02348 (0.01251)
2021-10-26 14:04:57,514 Epoch: [14][180/200]	Time 0.329s (0.327s)	Speed 97.2 samples/s	Data 0.003s (0.002s)	Loss 0.01648 (0.01299)
2021-10-26 14:05:00,639 Epoch: [14][190/200]	Time 0.271s (0.326s)	Speed 118.2 samples/s	Data 0.002s (0.002s)	Loss 0.01793 (0.01339)
2021-10-26 14:05:03,549 Test: [0/200]	Time 0.086 (0.086)	Loss 0.0746 (0.0746)
2021-10-26 14:05:03,778 Test: [10/200]	Time 0.017 (0.029)	Loss 0.0368 (0.0839)
2021-10-26 14:05:03,999 Test: [20/200]	Time 0.022 (0.025)	Loss 0.0410 (0.0813)
2021-10-26 14:05:04,227 Test: [30/200]	Time 0.021 (0.025)	Loss 0.2112 (0.0903)
2021-10-26 14:05:04,460 Test: [40/200]	Time 0.017 (0.024)	Loss 0.0664 (0.0926)
2021-10-26 14:05:04,657 Test: [50/200]	Time 0.024 (0.023)	Loss 0.1270 (0.0905)
2021-10-26 14:05:04,886 Test: [60/200]	Time 0.016 (0.023)	Loss 0.1314 (0.0954)
2021-10-26 14:05:05,116 Test: [70/200]	Time 0.017 (0.023)	Loss 0.1174 (0.0965)
2021-10-26 14:05:05,360 Test: [80/200]	Time 0.023 (0.023)	Loss 0.1086 (0.0941)
2021-10-26 14:05:05,607 Test: [90/200]	Time 0.022 (0.024)	Loss 0.1342 (0.0944)
2021-10-26 14:05:05,828 Test: [100/200]	Time 0.021 (0.023)	Loss 0.1401 (0.0930)
2021-10-26 14:05:06,044 Test: [110/200]	Time 0.015 (0.023)	Loss 0.1720 (0.0937)
2021-10-26 14:05:06,287 Test: [120/200]	Time 0.033 (0.023)	Loss 0.1065 (0.0930)
2021-10-26 14:05:06,545 Test: [130/200]	Time 0.019 (0.024)	Loss 0.0790 (0.0935)
2021-10-26 14:05:06,749 Test: [140/200]	Time 0.016 (0.023)	Loss 0.0726 (0.0924)
2021-10-26 14:05:06,963 Test: [150/200]	Time 0.016 (0.023)	Loss 0.0833 (0.0914)
2021-10-26 14:05:07,171 Test: [160/200]	Time 0.019 (0.023)	Loss 0.1032 (0.0917)
2021-10-26 14:05:07,387 Test: [170/200]	Time 0.016 (0.023)	Loss 0.0521 (0.0907)
2021-10-26 14:05:07,580 Test: [180/200]	Time 0.016 (0.023)	Loss 0.0664 (0.0903)
2021-10-26 14:05:07,800 Test: [190/200]	Time 0.025 (0.023)	Loss 0.0403 (0.0900)
2021-10-26 14:05:08,690 Mean IoU score: 0.795
2021-10-26 14:05:08,690 => saving checkpoint to out
2021-10-26 14:05:09,209 Epoch: [15][0/200]	Time 0.489s (0.489s)	Speed 65.5 samples/s	Data 0.073s (0.073s)	Loss 0.01132 (0.01132)
2021-10-26 14:05:12,178 Epoch: [15][10/200]	Time 0.291s (0.314s)	Speed 109.9 samples/s	Data 0.001s (0.008s)	Loss 0.01763 (0.01520)
2021-10-26 14:05:15,263 Epoch: [15][20/200]	Time 0.294s (0.312s)	Speed 108.7 samples/s	Data 0.001s (0.005s)	Loss 0.01342 (0.01475)
2021-10-26 14:05:18,371 Epoch: [15][30/200]	Time 0.309s (0.311s)	Speed 103.7 samples/s	Data 0.001s (0.004s)	Loss 0.01344 (0.01487)
2021-10-26 14:05:21,709 Epoch: [15][40/200]	Time 0.310s (0.317s)	Speed 103.2 samples/s	Data 0.002s (0.003s)	Loss 0.01403 (0.01435)
2021-10-26 14:05:25,112 Epoch: [15][50/200]	Time 0.285s (0.321s)	Speed 112.1 samples/s	Data 0.002s (0.003s)	Loss 0.02505 (0.01428)
2021-10-26 14:05:28,538 Epoch: [15][60/200]	Time 0.341s (0.325s)	Speed 93.8 samples/s	Data 0.001s (0.003s)	Loss 0.01052 (0.01427)
2021-10-26 14:05:32,061 Epoch: [15][70/200]	Time 0.278s (0.329s)	Speed 115.2 samples/s	Data 0.001s (0.003s)	Loss 0.00932 (0.01404)
2021-10-26 14:05:35,055 Epoch: [15][80/200]	Time 0.297s (0.325s)	Speed 107.8 samples/s	Data 0.002s (0.002s)	Loss 0.01134 (0.01378)
2021-10-26 14:05:38,592 Epoch: [15][90/200]	Time 0.414s (0.328s)	Speed 77.2 samples/s	Data 0.001s (0.002s)	Loss 0.01134 (0.01378)
2021-10-26 14:05:42,843 Epoch: [15][100/200]	Time 0.402s (0.338s)	Speed 79.6 samples/s	Data 0.002s (0.002s)	Loss 0.01936 (0.01383)
2021-10-26 14:05:46,194 Epoch: [15][110/200]	Time 0.355s (0.338s)	Speed 90.1 samples/s	Data 0.001s (0.002s)	Loss 0.00975 (0.01375)
2021-10-26 14:05:49,691 Epoch: [15][120/200]	Time 0.304s (0.339s)	Speed 105.4 samples/s	Data 0.001s (0.002s)	Loss 0.01205 (0.01380)
2021-10-26 14:05:52,665 Epoch: [15][130/200]	Time 0.315s (0.335s)	Speed 101.4 samples/s	Data 0.001s (0.002s)	Loss 0.01122 (0.01379)
2021-10-26 14:05:56,110 Epoch: [15][140/200]	Time 0.361s (0.336s)	Speed 88.7 samples/s	Data 0.002s (0.002s)	Loss 0.01939 (0.01376)
2021-10-26 14:05:59,266 Epoch: [15][150/200]	Time 0.299s (0.335s)	Speed 107.0 samples/s	Data 0.001s (0.002s)	Loss 0.02190 (0.01385)
2021-10-26 14:06:02,501 Epoch: [15][160/200]	Time 0.305s (0.334s)	Speed 104.9 samples/s	Data 0.001s (0.002s)	Loss 0.01916 (0.01385)
2021-10-26 14:06:05,789 Epoch: [15][170/200]	Time 0.287s (0.334s)	Speed 111.3 samples/s	Data 0.001s (0.002s)	Loss 0.01123 (0.01380)
2021-10-26 14:06:08,817 Epoch: [15][180/200]	Time 0.289s (0.332s)	Speed 110.9 samples/s	Data 0.001s (0.002s)	Loss 0.01268 (0.01371)
2021-10-26 14:06:12,209 Epoch: [15][190/200]	Time 0.313s (0.332s)	Speed 102.1 samples/s	Data 0.002s (0.002s)	Loss 0.00957 (0.01355)
2021-10-26 14:06:15,239 Test: [0/200]	Time 0.058 (0.058)	Loss 0.0951 (0.0951)
2021-10-26 14:06:15,464 Test: [10/200]	Time 0.017 (0.026)	Loss 0.0451 (0.0731)
2021-10-26 14:06:15,681 Test: [20/200]	Time 0.021 (0.024)	Loss 0.0256 (0.0761)
2021-10-26 14:06:15,990 Test: [30/200]	Time 0.029 (0.026)	Loss 0.1585 (0.0820)
2021-10-26 14:06:16,232 Test: [40/200]	Time 0.020 (0.026)	Loss 0.0496 (0.0836)
2021-10-26 14:06:16,470 Test: [50/200]	Time 0.020 (0.025)	Loss 0.1193 (0.0809)
2021-10-26 14:06:16,687 Test: [60/200]	Time 0.021 (0.025)	Loss 0.1476 (0.0862)
2021-10-26 14:06:16,991 Test: [70/200]	Time 0.028 (0.025)	Loss 0.0944 (0.0867)
2021-10-26 14:06:17,233 Test: [80/200]	Time 0.021 (0.025)	Loss 0.0716 (0.0836)
2021-10-26 14:06:17,465 Test: [90/200]	Time 0.024 (0.025)	Loss 0.1793 (0.0858)
2021-10-26 14:06:17,728 Test: [100/200]	Time 0.032 (0.025)	Loss 0.1038 (0.0849)
2021-10-26 14:06:17,973 Test: [110/200]	Time 0.022 (0.025)	Loss 0.2153 (0.0856)
2021-10-26 14:06:18,174 Test: [120/200]	Time 0.018 (0.025)	Loss 0.1100 (0.0852)
2021-10-26 14:06:18,422 Test: [130/200]	Time 0.033 (0.025)	Loss 0.0417 (0.0850)
2021-10-26 14:06:18,655 Test: [140/200]	Time 0.021 (0.025)	Loss 0.0911 (0.0846)
2021-10-26 14:06:18,862 Test: [150/200]	Time 0.017 (0.024)	Loss 0.0994 (0.0837)
2021-10-26 14:06:19,141 Test: [160/200]	Time 0.023 (0.025)	Loss 0.1096 (0.0838)
2021-10-26 14:06:19,365 Test: [170/200]	Time 0.020 (0.024)	Loss 0.0597 (0.0827)
2021-10-26 14:06:19,593 Test: [180/200]	Time 0.020 (0.024)	Loss 0.0567 (0.0820)
2021-10-26 14:06:19,823 Test: [190/200]	Time 0.019 (0.024)	Loss 0.0237 (0.0818)
2021-10-26 14:06:20,762 Mean IoU score: 0.812
2021-10-26 14:06:20,763 => saving checkpoint to out
2021-10-26 14:06:21,304 Epoch: [16][0/200]	Time 0.523s (0.523s)	Speed 61.2 samples/s	Data 0.061s (0.061s)	Loss 0.00950 (0.00950)
2021-10-26 14:06:24,621 Epoch: [16][10/200]	Time 0.324s (0.349s)	Speed 98.8 samples/s	Data 0.001s (0.007s)	Loss 0.00977 (0.01109)
2021-10-26 14:06:27,956 Epoch: [16][20/200]	Time 0.344s (0.342s)	Speed 93.0 samples/s	Data 0.001s (0.004s)	Loss 0.01176 (0.01140)
2021-10-26 14:06:31,452 Epoch: [16][30/200]	Time 0.296s (0.344s)	Speed 108.1 samples/s	Data 0.001s (0.004s)	Loss 0.00990 (0.01109)
2021-10-26 14:06:34,751 Epoch: [16][40/200]	Time 0.294s (0.341s)	Speed 108.9 samples/s	Data 0.001s (0.003s)	Loss 0.01079 (0.01095)
2021-10-26 14:06:38,084 Epoch: [16][50/200]	Time 0.319s (0.339s)	Speed 100.3 samples/s	Data 0.001s (0.003s)	Loss 0.01113 (0.01058)
2021-10-26 14:06:41,391 Epoch: [16][60/200]	Time 0.324s (0.338s)	Speed 98.9 samples/s	Data 0.001s (0.003s)	Loss 0.01073 (0.01043)
2021-10-26 14:06:44,648 Epoch: [16][70/200]	Time 0.324s (0.336s)	Speed 98.9 samples/s	Data 0.001s (0.002s)	Loss 0.00880 (0.01031)
2021-10-26 14:06:48,098 Epoch: [16][80/200]	Time 0.302s (0.337s)	Speed 106.0 samples/s	Data 0.001s (0.002s)	Loss 0.00595 (0.01008)
2021-10-26 14:06:51,427 Epoch: [16][90/200]	Time 0.316s (0.337s)	Speed 101.2 samples/s	Data 0.002s (0.002s)	Loss 0.01042 (0.01011)
2021-10-26 14:06:54,677 Epoch: [16][100/200]	Time 0.315s (0.336s)	Speed 101.6 samples/s	Data 0.002s (0.002s)	Loss 0.01247 (0.01007)
2021-10-26 14:06:57,693 Epoch: [16][110/200]	Time 0.309s (0.333s)	Speed 103.6 samples/s	Data 0.001s (0.002s)	Loss 0.00987 (0.00997)
2021-10-26 14:07:00,671 Epoch: [16][120/200]	Time 0.314s (0.330s)	Speed 101.9 samples/s	Data 0.002s (0.002s)	Loss 0.01105 (0.00996)
2021-10-26 14:07:04,075 Epoch: [16][130/200]	Time 0.350s (0.330s)	Speed 91.3 samples/s	Data 0.002s (0.002s)	Loss 0.00901 (0.00986)
2021-10-26 14:07:07,361 Epoch: [16][140/200]	Time 0.303s (0.330s)	Speed 105.5 samples/s	Data 0.002s (0.002s)	Loss 0.01070 (0.00980)
2021-10-26 14:07:10,713 Epoch: [16][150/200]	Time 0.352s (0.331s)	Speed 90.9 samples/s	Data 0.001s (0.002s)	Loss 0.00873 (0.00974)
2021-10-26 14:07:13,757 Epoch: [16][160/200]	Time 0.307s (0.329s)	Speed 104.4 samples/s	Data 0.001s (0.002s)	Loss 0.00807 (0.00970)
2021-10-26 14:07:17,067 Epoch: [16][170/200]	Time 0.294s (0.329s)	Speed 108.7 samples/s	Data 0.001s (0.002s)	Loss 0.01104 (0.00970)
2021-10-26 14:07:20,135 Epoch: [16][180/200]	Time 0.287s (0.328s)	Speed 111.5 samples/s	Data 0.001s (0.002s)	Loss 0.00872 (0.00962)
2021-10-26 14:07:23,129 Epoch: [16][190/200]	Time 0.284s (0.326s)	Speed 112.5 samples/s	Data 0.001s (0.002s)	Loss 0.00884 (0.00959)
2021-10-26 14:07:25,847 Test: [0/200]	Time 0.064 (0.064)	Loss 0.0486 (0.0486)
2021-10-26 14:07:26,078 Test: [10/200]	Time 0.015 (0.027)	Loss 0.0181 (0.0501)
2021-10-26 14:07:26,303 Test: [20/200]	Time 0.029 (0.025)	Loss 0.0274 (0.0542)
2021-10-26 14:07:26,500 Test: [30/200]	Time 0.020 (0.023)	Loss 0.0677 (0.0567)
2021-10-26 14:07:26,704 Test: [40/200]	Time 0.014 (0.022)	Loss 0.0315 (0.0571)
2021-10-26 14:07:26,913 Test: [50/200]	Time 0.015 (0.022)	Loss 0.0816 (0.0570)
2021-10-26 14:07:27,103 Test: [60/200]	Time 0.015 (0.022)	Loss 0.0906 (0.0596)
2021-10-26 14:07:27,350 Test: [70/200]	Time 0.023 (0.022)	Loss 0.0353 (0.0588)
2021-10-26 14:07:27,555 Test: [80/200]	Time 0.019 (0.022)	Loss 0.0494 (0.0572)
2021-10-26 14:07:27,745 Test: [90/200]	Time 0.017 (0.022)	Loss 0.0730 (0.0584)
2021-10-26 14:07:27,938 Test: [100/200]	Time 0.021 (0.021)	Loss 0.0989 (0.0579)
2021-10-26 14:07:28,139 Test: [110/200]	Time 0.016 (0.021)	Loss 0.1266 (0.0588)
2021-10-26 14:07:28,326 Test: [120/200]	Time 0.015 (0.021)	Loss 0.0636 (0.0573)
2021-10-26 14:07:28,548 Test: [130/200]	Time 0.022 (0.021)	Loss 0.0406 (0.0571)
2021-10-26 14:07:28,771 Test: [140/200]	Time 0.019 (0.021)	Loss 0.0457 (0.0565)
2021-10-26 14:07:28,980 Test: [150/200]	Time 0.016 (0.021)	Loss 0.0459 (0.0555)
2021-10-26 14:07:29,199 Test: [160/200]	Time 0.022 (0.021)	Loss 0.0646 (0.0555)
2021-10-26 14:07:29,418 Test: [170/200]	Time 0.020 (0.021)	Loss 0.0703 (0.0553)
2021-10-26 14:07:29,651 Test: [180/200]	Time 0.027 (0.021)	Loss 0.0420 (0.0552)
2021-10-26 14:07:29,875 Test: [190/200]	Time 0.017 (0.021)	Loss 0.0241 (0.0552)
2021-10-26 14:07:30,775 Mean IoU score: 0.865
2021-10-26 14:07:30,775 => saving checkpoint to out
2021-10-26 14:07:31,284 Epoch: [17][0/200]	Time 0.476s (0.476s)	Speed 67.2 samples/s	Data 0.073s (0.073s)	Loss 0.00934 (0.00934)
2021-10-26 14:07:34,754 Epoch: [17][10/200]	Time 0.323s (0.359s)	Speed 99.1 samples/s	Data 0.001s (0.008s)	Loss 0.00853 (0.00790)
2021-10-26 14:07:38,225 Epoch: [17][20/200]	Time 0.365s (0.353s)	Speed 87.7 samples/s	Data 0.001s (0.005s)	Loss 0.00848 (0.00809)
2021-10-26 14:07:41,483 Epoch: [17][30/200]	Time 0.362s (0.344s)	Speed 88.5 samples/s	Data 0.002s (0.004s)	Loss 0.00772 (0.00809)
2021-10-26 14:07:44,881 Epoch: [17][40/200]	Time 0.303s (0.343s)	Speed 105.5 samples/s	Data 0.001s (0.003s)	Loss 0.00822 (0.00828)
2021-10-26 14:07:48,033 Epoch: [17][50/200]	Time 0.306s (0.338s)	Speed 104.7 samples/s	Data 0.001s (0.003s)	Loss 0.00948 (0.00830)
2021-10-26 14:07:51,099 Epoch: [17][60/200]	Time 0.284s (0.333s)	Speed 112.8 samples/s	Data 0.001s (0.003s)	Loss 0.01057 (0.00833)
2021-10-26 14:07:54,099 Epoch: [17][70/200]	Time 0.301s (0.328s)	Speed 106.5 samples/s	Data 0.002s (0.003s)	Loss 0.00774 (0.00830)
2021-10-26 14:07:57,160 Epoch: [17][80/200]	Time 0.312s (0.325s)	Speed 102.7 samples/s	Data 0.002s (0.002s)	Loss 0.00998 (0.00825)
2021-10-26 14:08:00,273 Epoch: [17][90/200]	Time 0.330s (0.324s)	Speed 96.9 samples/s	Data 0.002s (0.002s)	Loss 0.00830 (0.00824)
2021-10-26 14:08:03,327 Epoch: [17][100/200]	Time 0.332s (0.322s)	Speed 96.3 samples/s	Data 0.001s (0.002s)	Loss 0.00681 (0.00815)
2021-10-26 14:08:06,554 Epoch: [17][110/200]	Time 0.313s (0.322s)	Speed 102.4 samples/s	Data 0.001s (0.002s)	Loss 0.00581 (0.00818)
2021-10-26 14:08:09,993 Epoch: [17][120/200]	Time 0.339s (0.324s)	Speed 94.4 samples/s	Data 0.001s (0.002s)	Loss 0.00725 (0.00815)
2021-10-26 14:08:13,157 Epoch: [17][130/200]	Time 0.334s (0.323s)	Speed 95.9 samples/s	Data 0.001s (0.002s)	Loss 0.00854 (0.00814)
2021-10-26 14:08:16,333 Epoch: [17][140/200]	Time 0.299s (0.323s)	Speed 106.9 samples/s	Data 0.001s (0.002s)	Loss 0.00607 (0.00809)
2021-10-26 14:08:19,719 Epoch: [17][150/200]	Time 0.315s (0.324s)	Speed 101.5 samples/s	Data 0.001s (0.002s)	Loss 0.00589 (0.00807)
2021-10-26 14:08:23,104 Epoch: [17][160/200]	Time 0.348s (0.325s)	Speed 91.8 samples/s	Data 0.002s (0.002s)	Loss 0.00790 (0.00807)
2021-10-26 14:08:26,398 Epoch: [17][170/200]	Time 0.273s (0.325s)	Speed 117.1 samples/s	Data 0.001s (0.002s)	Loss 0.00778 (0.00808)
2021-10-26 14:08:29,413 Epoch: [17][180/200]	Time 0.304s (0.324s)	Speed 105.4 samples/s	Data 0.001s (0.002s)	Loss 0.00658 (0.00804)
2021-10-26 14:08:32,403 Epoch: [17][190/200]	Time 0.291s (0.322s)	Speed 110.0 samples/s	Data 0.001s (0.002s)	Loss 0.00743 (0.00802)
2021-10-26 14:08:35,209 Test: [0/200]	Time 0.084 (0.084)	Loss 0.0523 (0.0523)
2021-10-26 14:08:35,431 Test: [10/200]	Time 0.018 (0.028)	Loss 0.0138 (0.0489)
2021-10-26 14:08:35,637 Test: [20/200]	Time 0.016 (0.024)	Loss 0.0225 (0.0542)
2021-10-26 14:08:35,820 Test: [30/200]	Time 0.016 (0.022)	Loss 0.0549 (0.0563)
2021-10-26 14:08:36,051 Test: [40/200]	Time 0.017 (0.023)	Loss 0.0362 (0.0572)
2021-10-26 14:08:36,292 Test: [50/200]	Time 0.017 (0.023)	Loss 0.0739 (0.0567)
2021-10-26 14:08:36,489 Test: [60/200]	Time 0.016 (0.022)	Loss 0.0934 (0.0589)
2021-10-26 14:08:36,700 Test: [70/200]	Time 0.019 (0.022)	Loss 0.0360 (0.0585)
2021-10-26 14:08:36,872 Test: [80/200]	Time 0.014 (0.022)	Loss 0.0471 (0.0568)
2021-10-26 14:08:37,093 Test: [90/200]	Time 0.019 (0.022)	Loss 0.0696 (0.0578)
2021-10-26 14:08:37,310 Test: [100/200]	Time 0.021 (0.022)	Loss 0.0885 (0.0571)
2021-10-26 14:08:37,501 Test: [110/200]	Time 0.016 (0.021)	Loss 0.1469 (0.0578)
2021-10-26 14:08:37,693 Test: [120/200]	Time 0.015 (0.021)	Loss 0.0545 (0.0563)
2021-10-26 14:08:37,887 Test: [130/200]	Time 0.017 (0.021)	Loss 0.0411 (0.0560)
2021-10-26 14:08:38,111 Test: [140/200]	Time 0.015 (0.021)	Loss 0.0416 (0.0554)
2021-10-26 14:08:38,324 Test: [150/200]	Time 0.015 (0.021)	Loss 0.0506 (0.0544)
2021-10-26 14:08:38,515 Test: [160/200]	Time 0.014 (0.021)	Loss 0.0638 (0.0548)
2021-10-26 14:08:38,751 Test: [170/200]	Time 0.017 (0.021)	Loss 0.0606 (0.0545)
2021-10-26 14:08:38,955 Test: [180/200]	Time 0.020 (0.021)	Loss 0.0365 (0.0543)
2021-10-26 14:08:39,174 Test: [190/200]	Time 0.016 (0.021)	Loss 0.0240 (0.0544)
2021-10-26 14:08:40,143 Mean IoU score: 0.872
2021-10-26 14:08:40,143 => saving checkpoint to out
2021-10-26 14:08:40,573 Epoch: [18][0/200]	Time 0.408s (0.408s)	Speed 78.5 samples/s	Data 0.070s (0.070s)	Loss 0.00799 (0.00799)
2021-10-26 14:08:43,788 Epoch: [18][10/200]	Time 0.304s (0.329s)	Speed 105.2 samples/s	Data 0.002s (0.008s)	Loss 0.00568 (0.00748)
2021-10-26 14:08:46,853 Epoch: [18][20/200]	Time 0.302s (0.318s)	Speed 106.0 samples/s	Data 0.001s (0.005s)	Loss 0.00913 (0.00761)
2021-10-26 14:08:49,885 Epoch: [18][30/200]	Time 0.311s (0.314s)	Speed 103.0 samples/s	Data 0.001s (0.004s)	Loss 0.00686 (0.00741)
2021-10-26 14:08:52,898 Epoch: [18][40/200]	Time 0.278s (0.311s)	Speed 115.3 samples/s	Data 0.002s (0.003s)	Loss 0.00911 (0.00737)
2021-10-26 14:08:55,883 Epoch: [18][50/200]	Time 0.285s (0.308s)	Speed 112.4 samples/s	Data 0.002s (0.003s)	Loss 0.00648 (0.00725)
2021-10-26 14:08:58,952 Epoch: [18][60/200]	Time 0.289s (0.308s)	Speed 110.7 samples/s	Data 0.002s (0.003s)	Loss 0.00521 (0.00723)
2021-10-26 14:09:01,939 Epoch: [18][70/200]	Time 0.301s (0.307s)	Speed 106.2 samples/s	Data 0.001s (0.003s)	Loss 0.00758 (0.00718)
2021-10-26 14:09:05,010 Epoch: [18][80/200]	Time 0.301s (0.307s)	Speed 106.5 samples/s	Data 0.002s (0.002s)	Loss 0.00717 (0.00712)
2021-10-26 14:09:08,045 Epoch: [18][90/200]	Time 0.288s (0.306s)	Speed 110.9 samples/s	Data 0.001s (0.002s)	Loss 0.00606 (0.00719)
2021-10-26 14:09:11,097 Epoch: [18][100/200]	Time 0.293s (0.306s)	Speed 109.1 samples/s	Data 0.002s (0.002s)	Loss 0.00816 (0.00715)
2021-10-26 14:09:14,013 Epoch: [18][110/200]	Time 0.287s (0.305s)	Speed 111.6 samples/s	Data 0.002s (0.002s)	Loss 0.00840 (0.00717)
2021-10-26 14:09:17,015 Epoch: [18][120/200]	Time 0.284s (0.305s)	Speed 112.9 samples/s	Data 0.001s (0.002s)	Loss 0.00732 (0.00718)
2021-10-26 14:09:19,965 Epoch: [18][130/200]	Time 0.328s (0.304s)	Speed 97.5 samples/s	Data 0.001s (0.002s)	Loss 0.00831 (0.00718)
2021-10-26 14:09:22,905 Epoch: [18][140/200]	Time 0.261s (0.303s)	Speed 122.4 samples/s	Data 0.001s (0.002s)	Loss 0.00608 (0.00720)
2021-10-26 14:09:25,855 Epoch: [18][150/200]	Time 0.279s (0.303s)	Speed 114.6 samples/s	Data 0.001s (0.002s)	Loss 0.00700 (0.00719)
2021-10-26 14:09:28,857 Epoch: [18][160/200]	Time 0.307s (0.302s)	Speed 104.3 samples/s	Data 0.002s (0.002s)	Loss 0.00579 (0.00721)
2021-10-26 14:09:31,878 Epoch: [18][170/200]	Time 0.263s (0.302s)	Speed 121.6 samples/s	Data 0.002s (0.002s)	Loss 0.00778 (0.00718)
2021-10-26 14:09:34,806 Epoch: [18][180/200]	Time 0.278s (0.302s)	Speed 115.2 samples/s	Data 0.001s (0.002s)	Loss 0.00800 (0.00717)
2021-10-26 14:09:37,858 Epoch: [18][190/200]	Time 0.277s (0.302s)	Speed 115.7 samples/s	Data 0.001s (0.002s)	Loss 0.00737 (0.00716)
2021-10-26 14:09:40,670 Test: [0/200]	Time 0.073 (0.073)	Loss 0.0596 (0.0596)
2021-10-26 14:09:40,893 Test: [10/200]	Time 0.020 (0.027)	Loss 0.0234 (0.0526)
2021-10-26 14:09:41,116 Test: [20/200]	Time 0.020 (0.025)	Loss 0.0230 (0.0564)
2021-10-26 14:09:41,328 Test: [30/200]	Time 0.020 (0.024)	Loss 0.0570 (0.0605)
2021-10-26 14:09:41,550 Test: [40/200]	Time 0.020 (0.023)	Loss 0.0435 (0.0613)
2021-10-26 14:09:41,759 Test: [50/200]	Time 0.016 (0.023)	Loss 0.0933 (0.0606)
2021-10-26 14:09:41,944 Test: [60/200]	Time 0.016 (0.022)	Loss 0.0912 (0.0630)
2021-10-26 14:09:42,148 Test: [70/200]	Time 0.015 (0.022)	Loss 0.0384 (0.0622)
2021-10-26 14:09:42,372 Test: [80/200]	Time 0.022 (0.022)	Loss 0.0460 (0.0602)
2021-10-26 14:09:42,571 Test: [90/200]	Time 0.016 (0.022)	Loss 0.0747 (0.0613)
2021-10-26 14:09:42,780 Test: [100/200]	Time 0.015 (0.022)	Loss 0.0843 (0.0604)
2021-10-26 14:09:42,962 Test: [110/200]	Time 0.016 (0.021)	Loss 0.1464 (0.0610)
2021-10-26 14:09:43,150 Test: [120/200]	Time 0.015 (0.021)	Loss 0.0511 (0.0594)
2021-10-26 14:09:43,347 Test: [130/200]	Time 0.015 (0.021)	Loss 0.0450 (0.0591)
2021-10-26 14:09:43,537 Test: [140/200]	Time 0.016 (0.021)	Loss 0.0435 (0.0584)
2021-10-26 14:09:43,715 Test: [150/200]	Time 0.015 (0.021)	Loss 0.0558 (0.0573)
2021-10-26 14:09:43,893 Test: [160/200]	Time 0.015 (0.020)	Loss 0.0630 (0.0577)
2021-10-26 14:09:44,091 Test: [170/200]	Time 0.020 (0.020)	Loss 0.0539 (0.0574)
2021-10-26 14:09:44,291 Test: [180/200]	Time 0.014 (0.020)	Loss 0.0450 (0.0573)
2021-10-26 14:09:44,473 Test: [190/200]	Time 0.017 (0.020)	Loss 0.0274 (0.0575)
2021-10-26 14:09:45,422 Mean IoU score: 0.868
2021-10-26 14:09:45,422 => saving checkpoint to out
2021-10-26 14:09:45,891 Epoch: [19][0/200]	Time 0.451s (0.451s)	Speed 70.9 samples/s	Data 0.065s (0.065s)	Loss 0.00770 (0.00770)
2021-10-26 14:09:48,911 Epoch: [19][10/200]	Time 0.286s (0.316s)	Speed 112.0 samples/s	Data 0.002s (0.007s)	Loss 0.00784 (0.00667)
2021-10-26 14:09:51,897 Epoch: [19][20/200]	Time 0.280s (0.308s)	Speed 114.3 samples/s	Data 0.001s (0.005s)	Loss 0.00644 (0.00642)
2021-10-26 14:09:54,885 Epoch: [19][30/200]	Time 0.269s (0.305s)	Speed 119.0 samples/s	Data 0.001s (0.004s)	Loss 0.00734 (0.00644)
2021-10-26 14:09:57,941 Epoch: [19][40/200]	Time 0.296s (0.305s)	Speed 108.2 samples/s	Data 0.001s (0.003s)	Loss 0.00528 (0.00641)
2021-10-26 14:10:00,882 Epoch: [19][50/200]	Time 0.289s (0.303s)	Speed 110.8 samples/s	Data 0.001s (0.003s)	Loss 0.00717 (0.00648)
2021-10-26 14:10:03,886 Epoch: [19][60/200]	Time 0.296s (0.302s)	Speed 108.1 samples/s	Data 0.001s (0.003s)	Loss 0.00710 (0.00646)
2021-10-26 14:10:06,971 Epoch: [19][70/200]	Time 0.327s (0.303s)	Speed 97.8 samples/s	Data 0.001s (0.002s)	Loss 0.00641 (0.00645)
2021-10-26 14:10:10,211 Epoch: [19][80/200]	Time 0.308s (0.306s)	Speed 104.0 samples/s	Data 0.001s (0.002s)	Loss 0.00706 (0.00650)
2021-10-26 14:10:13,303 Epoch: [19][90/200]	Time 0.306s (0.306s)	Speed 104.5 samples/s	Data 0.002s (0.002s)	Loss 0.00711 (0.00656)
2021-10-26 14:10:16,409 Epoch: [19][100/200]	Time 0.287s (0.307s)	Speed 111.5 samples/s	Data 0.001s (0.002s)	Loss 0.00852 (0.00659)
2021-10-26 14:10:19,482 Epoch: [19][110/200]	Time 0.309s (0.307s)	Speed 103.5 samples/s	Data 0.002s (0.002s)	Loss 0.00627 (0.00658)
2021-10-26 14:10:23,340 Epoch: [19][120/200]	Time 0.327s (0.313s)	Speed 97.9 samples/s	Data 0.002s (0.002s)	Loss 0.00679 (0.00658)
2021-10-26 14:10:27,688 Epoch: [19][130/200]	Time 0.467s (0.323s)	Speed 68.6 samples/s	Data 0.002s (0.002s)	Loss 0.00657 (0.00658)
2021-10-26 14:10:31,232 Epoch: [19][140/200]	Time 0.428s (0.325s)	Speed 74.8 samples/s	Data 0.002s (0.002s)	Loss 0.00548 (0.00664)
2021-10-26 14:10:35,153 Epoch: [19][150/200]	Time 0.324s (0.329s)	Speed 98.6 samples/s	Data 0.001s (0.002s)	Loss 0.00663 (0.00666)
2021-10-26 14:10:38,986 Epoch: [19][160/200]	Time 0.369s (0.333s)	Speed 86.7 samples/s	Data 0.002s (0.002s)	Loss 0.00832 (0.00668)
2021-10-26 14:10:42,844 Epoch: [19][170/200]	Time 0.328s (0.336s)	Speed 97.5 samples/s	Data 0.002s (0.002s)	Loss 0.00548 (0.00667)
2021-10-26 14:10:46,254 Epoch: [19][180/200]	Time 0.312s (0.336s)	Speed 102.6 samples/s	Data 0.001s (0.002s)	Loss 0.00772 (0.00667)
2021-10-26 14:10:49,117 Epoch: [19][190/200]	Time 0.305s (0.333s)	Speed 105.1 samples/s	Data 0.001s (0.002s)	Loss 0.00669 (0.00670)
2021-10-26 14:10:51,853 Test: [0/200]	Time 0.068 (0.068)	Loss 0.0635 (0.0635)
2021-10-26 14:10:52,057 Test: [10/200]	Time 0.015 (0.025)	Loss 0.0270 (0.0531)
2021-10-26 14:10:52,255 Test: [20/200]	Time 0.016 (0.022)	Loss 0.0203 (0.0550)
2021-10-26 14:10:52,483 Test: [30/200]	Time 0.022 (0.023)	Loss 0.0615 (0.0578)
2021-10-26 14:10:52,687 Test: [40/200]	Time 0.014 (0.022)	Loss 0.0388 (0.0588)
2021-10-26 14:10:52,886 Test: [50/200]	Time 0.016 (0.022)	Loss 0.0803 (0.0584)
2021-10-26 14:10:53,104 Test: [60/200]	Time 0.020 (0.022)	Loss 0.0938 (0.0609)
2021-10-26 14:10:53,322 Test: [70/200]	Time 0.017 (0.022)	Loss 0.0383 (0.0603)
2021-10-26 14:10:53,524 Test: [80/200]	Time 0.016 (0.021)	Loss 0.0513 (0.0584)
2021-10-26 14:10:53,770 Test: [90/200]	Time 0.016 (0.022)	Loss 0.0779 (0.0595)
2021-10-26 14:10:53,977 Test: [100/200]	Time 0.017 (0.022)	Loss 0.0826 (0.0589)
2021-10-26 14:10:54,190 Test: [110/200]	Time 0.015 (0.022)	Loss 0.1579 (0.0597)
2021-10-26 14:10:54,409 Test: [120/200]	Time 0.016 (0.022)	Loss 0.0540 (0.0585)
2021-10-26 14:10:54,609 Test: [130/200]	Time 0.015 (0.022)	Loss 0.0494 (0.0584)
2021-10-26 14:10:54,824 Test: [140/200]	Time 0.024 (0.022)	Loss 0.0440 (0.0578)
2021-10-26 14:10:55,003 Test: [150/200]	Time 0.015 (0.021)	Loss 0.0553 (0.0567)
2021-10-26 14:10:55,208 Test: [160/200]	Time 0.022 (0.021)	Loss 0.0639 (0.0572)
2021-10-26 14:10:55,427 Test: [170/200]	Time 0.015 (0.021)	Loss 0.0585 (0.0570)
2021-10-26 14:10:55,606 Test: [180/200]	Time 0.015 (0.021)	Loss 0.0433 (0.0568)
2021-10-26 14:10:55,778 Test: [190/200]	Time 0.015 (0.021)	Loss 0.0228 (0.0568)
2021-10-26 14:10:56,683 Mean IoU score: 0.870
2021-10-26 14:10:56,683 => saving checkpoint to out
2021-10-26 14:10:56,707 saving final model state to out/final_state.pth.tar
