2021-11-05 20:35:46,515 Namespace(eval_interval=1, frequent=10, gpus='', num_workers=4, out_dir='out')
2021-11-05 20:35:46,525 => load 200 samples
2021-11-05 20:35:46,526 => load 200 samples
2021-11-05 20:35:49,278 Epoch: [0][0/200]	Time 2.751s (2.751s)	Speed 11.6 samples/s	Data 2.191s (2.191s)	Loss 2.53597 (2.53597)
2021-11-05 20:35:54,495 Epoch: [0][10/200]	Time 0.520s (0.724s)	Speed 61.5 samples/s	Data 0.000s (0.199s)	Loss 2.05253 (2.26270)
2021-11-05 20:35:59,679 Epoch: [0][20/200]	Time 0.510s (0.626s)	Speed 62.7 samples/s	Data 0.000s (0.105s)	Loss 1.76608 (2.08507)
2021-11-05 20:36:05,444 Epoch: [0][30/200]	Time 0.569s (0.610s)	Speed 56.2 samples/s	Data 0.000s (0.071s)	Loss 1.51170 (1.93446)
2021-11-05 20:36:11,131 Epoch: [0][40/200]	Time 0.561s (0.600s)	Speed 57.1 samples/s	Data 0.000s (0.054s)	Loss 1.28857 (1.80103)
2021-11-05 20:36:16,781 Epoch: [0][50/200]	Time 0.566s (0.593s)	Speed 56.6 samples/s	Data 0.000s (0.043s)	Loss 1.09603 (1.68003)
2021-11-05 20:36:22,416 Epoch: [0][60/200]	Time 0.566s (0.588s)	Speed 56.5 samples/s	Data 0.000s (0.036s)	Loss 0.92739 (1.56832)
2021-11-05 20:36:28,009 Epoch: [0][70/200]	Time 0.554s (0.584s)	Speed 57.8 samples/s	Data 0.000s (0.031s)	Loss 0.77163 (1.46648)
2021-11-05 20:36:33,611 Epoch: [0][80/200]	Time 0.560s (0.581s)	Speed 57.1 samples/s	Data 0.000s (0.027s)	Loss 0.65996 (1.37320)
2021-11-05 20:36:39,423 Epoch: [0][90/200]	Time 0.615s (0.581s)	Speed 52.1 samples/s	Data 0.000s (0.024s)	Loss 0.57953 (1.28909)
2021-11-05 20:36:44,679 Epoch: [0][100/200]	Time 0.486s (0.576s)	Speed 65.8 samples/s	Data 0.000s (0.022s)	Loss 0.48690 (1.21330)
2021-11-05 20:36:49,700 Epoch: [0][110/200]	Time 0.511s (0.569s)	Speed 62.6 samples/s	Data 0.000s (0.020s)	Loss 0.41617 (1.14477)
2021-11-05 20:36:55,196 Epoch: [0][120/200]	Time 0.555s (0.568s)	Speed 57.7 samples/s	Data 0.000s (0.018s)	Loss 0.36451 (1.08296)
2021-11-05 20:37:00,866 Epoch: [0][130/200]	Time 0.555s (0.567s)	Speed 57.6 samples/s	Data 0.000s (0.017s)	Loss 0.34604 (1.02689)
2021-11-05 20:37:06,535 Epoch: [0][140/200]	Time 0.574s (0.567s)	Speed 55.7 samples/s	Data 0.000s (0.016s)	Loss 0.30805 (0.97698)
2021-11-05 20:37:11,694 Epoch: [0][150/200]	Time 0.500s (0.564s)	Speed 64.1 samples/s	Data 0.000s (0.015s)	Loss 0.28603 (0.93138)
2021-11-05 20:37:16,875 Epoch: [0][160/200]	Time 0.500s (0.561s)	Speed 63.9 samples/s	Data 0.000s (0.014s)	Loss 0.26824 (0.89030)
2021-11-05 20:37:21,793 Epoch: [0][170/200]	Time 0.494s (0.557s)	Speed 64.7 samples/s	Data 0.000s (0.013s)	Loss 0.25878 (0.85300)
2021-11-05 20:37:26,804 Epoch: [0][180/200]	Time 0.522s (0.554s)	Speed 61.3 samples/s	Data 0.000s (0.012s)	Loss 0.23102 (0.81908)
2021-11-05 20:37:32,365 Epoch: [0][190/200]	Time 0.544s (0.554s)	Speed 58.8 samples/s	Data 0.000s (0.012s)	Loss 0.20628 (0.78752)
2021-11-05 20:37:37,457 Test: [0/200]	Time 0.075 (0.075)	Loss 0.4327 (0.4327)
2021-11-05 20:37:37,824 Test: [10/200]	Time 0.034 (0.040)	Loss 0.1457 (0.3551)
2021-11-05 20:37:38,173 Test: [20/200]	Time 0.033 (0.038)	Loss 0.2611 (0.3664)
2021-11-05 20:37:38,525 Test: [30/200]	Time 0.034 (0.037)	Loss 0.5299 (0.3736)
2021-11-05 20:37:38,880 Test: [40/200]	Time 0.034 (0.037)	Loss 0.3923 (0.3882)
2021-11-05 20:37:39,236 Test: [50/200]	Time 0.034 (0.036)	Loss 0.4702 (0.3915)
2021-11-05 20:37:39,591 Test: [60/200]	Time 0.034 (0.036)	Loss 0.4468 (0.3918)
2021-11-05 20:37:39,961 Test: [70/200]	Time 0.036 (0.036)	Loss 0.3784 (0.3908)
2021-11-05 20:37:40,333 Test: [80/200]	Time 0.036 (0.036)	Loss 0.4722 (0.3859)
2021-11-05 20:37:40,708 Test: [90/200]	Time 0.036 (0.037)	Loss 0.4792 (0.3894)
2021-11-05 20:37:41,082 Test: [100/200]	Time 0.037 (0.037)	Loss 0.4821 (0.3883)
2021-11-05 20:37:41,453 Test: [110/200]	Time 0.036 (0.037)	Loss 0.4674 (0.3898)
2021-11-05 20:37:41,793 Test: [120/200]	Time 0.033 (0.036)	Loss 0.4446 (0.3875)
2021-11-05 20:37:42,139 Test: [130/200]	Time 0.032 (0.036)	Loss 0.3775 (0.3917)
2021-11-05 20:37:42,483 Test: [140/200]	Time 0.033 (0.036)	Loss 0.3510 (0.3907)
2021-11-05 20:37:42,830 Test: [150/200]	Time 0.033 (0.036)	Loss 0.4331 (0.3896)
2021-11-05 20:37:43,176 Test: [160/200]	Time 0.033 (0.036)	Loss 0.3999 (0.3893)
2021-11-05 20:37:43,523 Test: [170/200]	Time 0.034 (0.036)	Loss 0.2894 (0.3870)
2021-11-05 20:37:43,867 Test: [180/200]	Time 0.033 (0.036)	Loss 0.3232 (0.3850)
2021-11-05 20:37:44,212 Test: [190/200]	Time 0.033 (0.036)	Loss 0.3322 (0.3863)
2021-11-05 20:37:45,179 Mean IoU score: 0.189
2021-11-05 20:37:45,180 => saving checkpoint to out
2021-11-05 20:37:45,959 Epoch: [1][0/200]	Time 0.748s (0.748s)	Speed 42.8 samples/s	Data 0.093s (0.093s)	Loss 0.19862 (0.19862)
2021-11-05 20:37:51,794 Epoch: [1][10/200]	Time 0.534s (0.599s)	Speed 59.9 samples/s	Data 0.000s (0.009s)	Loss 0.19900 (0.20691)
2021-11-05 20:37:57,247 Epoch: [1][20/200]	Time 0.551s (0.573s)	Speed 58.1 samples/s	Data 0.000s (0.005s)	Loss 0.24958 (0.20328)
2021-11-05 20:38:02,637 Epoch: [1][30/200]	Time 0.532s (0.562s)	Speed 60.1 samples/s	Data 0.000s (0.003s)	Loss 0.16590 (0.20008)
2021-11-05 20:38:08,147 Epoch: [1][40/200]	Time 0.533s (0.559s)	Speed 60.1 samples/s	Data 0.000s (0.002s)	Loss 0.17807 (0.19529)
2021-11-05 20:38:13,547 Epoch: [1][50/200]	Time 0.525s (0.556s)	Speed 60.9 samples/s	Data 0.000s (0.002s)	Loss 0.15538 (0.19155)
2021-11-05 20:38:18,920 Epoch: [1][60/200]	Time 0.526s (0.553s)	Speed 60.8 samples/s	Data 0.000s (0.002s)	Loss 0.16461 (0.18790)
2021-11-05 20:38:24,307 Epoch: [1][70/200]	Time 0.538s (0.551s)	Speed 59.5 samples/s	Data 0.000s (0.002s)	Loss 0.15899 (0.18410)
2021-11-05 20:38:29,685 Epoch: [1][80/200]	Time 0.540s (0.549s)	Speed 59.3 samples/s	Data 0.000s (0.001s)	Loss 0.12306 (0.17956)
2021-11-05 20:38:35,056 Epoch: [1][90/200]	Time 0.525s (0.548s)	Speed 61.0 samples/s	Data 0.000s (0.001s)	Loss 0.13855 (0.17507)
2021-11-05 20:38:40,439 Epoch: [1][100/200]	Time 0.528s (0.547s)	Speed 60.6 samples/s	Data 0.000s (0.001s)	Loss 0.13198 (0.17217)
2021-11-05 20:38:45,796 Epoch: [1][110/200]	Time 0.523s (0.546s)	Speed 61.2 samples/s	Data 0.000s (0.001s)	Loss 0.12138 (0.16885)
2021-11-05 20:38:51,134 Epoch: [1][120/200]	Time 0.529s (0.545s)	Speed 60.5 samples/s	Data 0.000s (0.001s)	Loss 0.10781 (0.16477)
2021-11-05 20:38:56,503 Epoch: [1][130/200]	Time 0.523s (0.544s)	Speed 61.2 samples/s	Data 0.000s (0.001s)	Loss 0.10587 (0.16091)
2021-11-05 20:39:01,853 Epoch: [1][140/200]	Time 0.524s (0.544s)	Speed 61.1 samples/s	Data 0.000s (0.001s)	Loss 0.12480 (0.15744)
2021-11-05 20:39:07,258 Epoch: [1][150/200]	Time 0.524s (0.543s)	Speed 61.1 samples/s	Data 0.000s (0.001s)	Loss 0.09354 (0.15396)
2021-11-05 20:39:12,666 Epoch: [1][160/200]	Time 0.539s (0.543s)	Speed 59.3 samples/s	Data 0.000s (0.001s)	Loss 0.10485 (0.15084)
2021-11-05 20:39:18,068 Epoch: [1][170/200]	Time 0.538s (0.543s)	Speed 59.5 samples/s	Data 0.000s (0.001s)	Loss 0.08970 (0.14780)
2021-11-05 20:39:23,456 Epoch: [1][180/200]	Time 0.553s (0.543s)	Speed 57.9 samples/s	Data 0.000s (0.001s)	Loss 0.10070 (0.14494)
2021-11-05 20:39:28,857 Epoch: [1][190/200]	Time 0.541s (0.543s)	Speed 59.2 samples/s	Data 0.000s (0.001s)	Loss 0.09578 (0.14222)
2021-11-05 20:39:33,845 Test: [0/200]	Time 0.087 (0.087)	Loss 0.2652 (0.2652)
2021-11-05 20:39:34,189 Test: [10/200]	Time 0.032 (0.039)	Loss 0.0645 (0.1878)
2021-11-05 20:39:34,527 Test: [20/200]	Time 0.032 (0.037)	Loss 0.1482 (0.1931)
2021-11-05 20:39:34,867 Test: [30/200]	Time 0.034 (0.036)	Loss 0.2585 (0.2026)
2021-11-05 20:39:35,209 Test: [40/200]	Time 0.032 (0.035)	Loss 0.2046 (0.2114)
2021-11-05 20:39:35,551 Test: [50/200]	Time 0.033 (0.035)	Loss 0.2729 (0.2122)
2021-11-05 20:39:35,889 Test: [60/200]	Time 0.034 (0.035)	Loss 0.2447 (0.2134)
2021-11-05 20:39:36,231 Test: [70/200]	Time 0.032 (0.035)	Loss 0.1925 (0.2128)
2021-11-05 20:39:36,582 Test: [80/200]	Time 0.033 (0.035)	Loss 0.2630 (0.2095)
2021-11-05 20:39:36,917 Test: [90/200]	Time 0.033 (0.035)	Loss 0.2787 (0.2119)
2021-11-05 20:39:37,263 Test: [100/200]	Time 0.033 (0.035)	Loss 0.2856 (0.2107)
2021-11-05 20:39:37,601 Test: [110/200]	Time 0.032 (0.035)	Loss 0.2696 (0.2115)
2021-11-05 20:39:37,954 Test: [120/200]	Time 0.033 (0.035)	Loss 0.2326 (0.2101)
2021-11-05 20:39:38,300 Test: [130/200]	Time 0.032 (0.035)	Loss 0.1925 (0.2124)
2021-11-05 20:39:38,640 Test: [140/200]	Time 0.035 (0.035)	Loss 0.1782 (0.2120)
2021-11-05 20:39:38,977 Test: [150/200]	Time 0.032 (0.035)	Loss 0.2079 (0.2106)
2021-11-05 20:39:39,314 Test: [160/200]	Time 0.032 (0.035)	Loss 0.2422 (0.2106)
2021-11-05 20:39:39,701 Test: [170/200]	Time 0.036 (0.035)	Loss 0.1554 (0.2089)
2021-11-05 20:39:40,091 Test: [180/200]	Time 0.036 (0.035)	Loss 0.1716 (0.2079)
2021-11-05 20:39:40,467 Test: [190/200]	Time 0.036 (0.035)	Loss 0.1532 (0.2087)
2021-11-05 20:39:41,526 Mean IoU score: 0.547
2021-11-05 20:39:41,527 => saving checkpoint to out
2021-11-05 20:39:42,327 Epoch: [2][0/200]	Time 0.770s (0.770s)	Speed 41.6 samples/s	Data 0.106s (0.106s)	Loss 0.07148 (0.07148)
2021-11-05 20:39:47,651 Epoch: [2][10/200]	Time 0.489s (0.554s)	Speed 65.5 samples/s	Data 0.000s (0.010s)	Loss 0.08107 (0.08188)
2021-11-05 20:39:52,741 Epoch: [2][20/200]	Time 0.488s (0.533s)	Speed 65.6 samples/s	Data 0.000s (0.005s)	Loss 0.07891 (0.07844)
2021-11-05 20:39:57,725 Epoch: [2][30/200]	Time 0.481s (0.522s)	Speed 66.5 samples/s	Data 0.000s (0.004s)	Loss 0.07091 (0.07596)
2021-11-05 20:40:02,711 Epoch: [2][40/200]	Time 0.504s (0.516s)	Speed 63.5 samples/s	Data 0.000s (0.003s)	Loss 0.06365 (0.07518)
2021-11-05 20:40:07,684 Epoch: [2][50/200]	Time 0.490s (0.512s)	Speed 65.3 samples/s	Data 0.000s (0.002s)	Loss 0.06088 (0.07353)
2021-11-05 20:40:12,644 Epoch: [2][60/200]	Time 0.505s (0.510s)	Speed 63.3 samples/s	Data 0.000s (0.002s)	Loss 0.05741 (0.07196)
2021-11-05 20:40:17,723 Epoch: [2][70/200]	Time 0.552s (0.509s)	Speed 57.9 samples/s	Data 0.000s (0.002s)	Loss 0.07130 (0.07054)
2021-11-05 20:40:23,386 Epoch: [2][80/200]	Time 0.552s (0.516s)	Speed 57.9 samples/s	Data 0.000s (0.002s)	Loss 0.06417 (0.06956)
2021-11-05 20:40:28,451 Epoch: [2][90/200]	Time 0.502s (0.515s)	Speed 63.7 samples/s	Data 0.000s (0.001s)	Loss 0.05333 (0.06826)
2021-11-05 20:40:33,530 Epoch: [2][100/200]	Time 0.500s (0.515s)	Speed 63.9 samples/s	Data 0.000s (0.001s)	Loss 0.06277 (0.06704)
2021-11-05 20:40:38,586 Epoch: [2][110/200]	Time 0.497s (0.514s)	Speed 64.4 samples/s	Data 0.000s (0.001s)	Loss 0.05476 (0.06663)
2021-11-05 20:40:43,668 Epoch: [2][120/200]	Time 0.499s (0.513s)	Speed 64.1 samples/s	Data 0.000s (0.001s)	Loss 0.05941 (0.06555)
2021-11-05 20:40:48,760 Epoch: [2][130/200]	Time 0.511s (0.513s)	Speed 62.6 samples/s	Data 0.000s (0.001s)	Loss 0.05818 (0.06465)
2021-11-05 20:40:54,203 Epoch: [2][140/200]	Time 0.545s (0.515s)	Speed 58.7 samples/s	Data 0.000s (0.001s)	Loss 0.05589 (0.06386)
2021-11-05 20:40:59,276 Epoch: [2][150/200]	Time 0.513s (0.515s)	Speed 62.4 samples/s	Data 0.000s (0.001s)	Loss 0.04504 (0.06320)
2021-11-05 20:41:04,363 Epoch: [2][160/200]	Time 0.506s (0.514s)	Speed 63.2 samples/s	Data 0.000s (0.001s)	Loss 0.04491 (0.06227)
2021-11-05 20:41:09,452 Epoch: [2][170/200]	Time 0.504s (0.514s)	Speed 63.5 samples/s	Data 0.000s (0.001s)	Loss 0.04445 (0.06138)
2021-11-05 20:41:14,524 Epoch: [2][180/200]	Time 0.506s (0.514s)	Speed 63.2 samples/s	Data 0.000s (0.001s)	Loss 0.04230 (0.06043)
2021-11-05 20:41:19,566 Epoch: [2][190/200]	Time 0.501s (0.513s)	Speed 63.9 samples/s	Data 0.000s (0.001s)	Loss 0.05363 (0.05956)
2021-11-05 20:41:24,831 Test: [0/200]	Time 0.070 (0.070)	Loss 0.1207 (0.1207)
2021-11-05 20:41:25,207 Test: [10/200]	Time 0.035 (0.041)	Loss 0.0362 (0.0963)
2021-11-05 20:41:25,611 Test: [20/200]	Time 0.040 (0.040)	Loss 0.0673 (0.0992)
2021-11-05 20:41:26,012 Test: [30/200]	Time 0.038 (0.040)	Loss 0.1578 (0.1056)
2021-11-05 20:41:26,405 Test: [40/200]	Time 0.038 (0.040)	Loss 0.0908 (0.1099)
2021-11-05 20:41:26,799 Test: [50/200]	Time 0.038 (0.040)	Loss 0.1449 (0.1109)
2021-11-05 20:41:27,152 Test: [60/200]	Time 0.034 (0.039)	Loss 0.1332 (0.1134)
2021-11-05 20:41:27,535 Test: [70/200]	Time 0.034 (0.039)	Loss 0.0980 (0.1132)
2021-11-05 20:41:27,892 Test: [80/200]	Time 0.036 (0.039)	Loss 0.1626 (0.1124)
2021-11-05 20:41:28,260 Test: [90/200]	Time 0.035 (0.038)	Loss 0.1605 (0.1142)
2021-11-05 20:41:28,617 Test: [100/200]	Time 0.034 (0.038)	Loss 0.1758 (0.1137)
2021-11-05 20:41:28,974 Test: [110/200]	Time 0.040 (0.038)	Loss 0.1861 (0.1147)
2021-11-05 20:41:29,367 Test: [120/200]	Time 0.037 (0.038)	Loss 0.1430 (0.1133)
2021-11-05 20:41:29,739 Test: [130/200]	Time 0.040 (0.038)	Loss 0.0988 (0.1139)
2021-11-05 20:41:30,136 Test: [140/200]	Time 0.042 (0.038)	Loss 0.1014 (0.1133)
2021-11-05 20:41:30,537 Test: [150/200]	Time 0.041 (0.038)	Loss 0.1140 (0.1123)
2021-11-05 20:41:30,928 Test: [160/200]	Time 0.038 (0.038)	Loss 0.1175 (0.1121)
2021-11-05 20:41:31,323 Test: [170/200]	Time 0.037 (0.038)	Loss 0.1214 (0.1112)
2021-11-05 20:41:31,721 Test: [180/200]	Time 0.039 (0.038)	Loss 0.0985 (0.1105)
2021-11-05 20:41:32,106 Test: [190/200]	Time 0.039 (0.038)	Loss 0.0646 (0.1106)
2021-11-05 20:41:33,337 Mean IoU score: 0.762
2021-11-05 20:41:33,338 => saving checkpoint to out
2021-11-05 20:41:34,078 Epoch: [3][0/200]	Time 0.704s (0.704s)	Speed 45.4 samples/s	Data 0.121s (0.121s)	Loss 0.03931 (0.03931)
2021-11-05 20:41:39,118 Epoch: [3][10/200]	Time 0.492s (0.522s)	Speed 65.1 samples/s	Data 0.000s (0.011s)	Loss 0.04273 (0.04053)
2021-11-05 20:41:44,177 Epoch: [3][20/200]	Time 0.491s (0.514s)	Speed 65.2 samples/s	Data 0.000s (0.006s)	Loss 0.06116 (0.03961)
2021-11-05 20:41:49,169 Epoch: [3][30/200]	Time 0.501s (0.510s)	Speed 63.8 samples/s	Data 0.000s (0.004s)	Loss 0.02572 (0.03889)
2021-11-05 20:41:54,136 Epoch: [3][40/200]	Time 0.486s (0.506s)	Speed 65.8 samples/s	Data 0.000s (0.003s)	Loss 0.03418 (0.03842)
2021-11-05 20:41:59,161 Epoch: [3][50/200]	Time 0.499s (0.506s)	Speed 64.2 samples/s	Data 0.000s (0.003s)	Loss 0.03127 (0.03771)
2021-11-05 20:42:04,305 Epoch: [3][60/200]	Time 0.510s (0.507s)	Speed 62.7 samples/s	Data 0.000s (0.002s)	Loss 0.03119 (0.03690)
2021-11-05 20:42:09,420 Epoch: [3][70/200]	Time 0.524s (0.508s)	Speed 61.0 samples/s	Data 0.000s (0.002s)	Loss 0.03625 (0.03654)
2021-11-05 20:42:15,192 Epoch: [3][80/200]	Time 0.535s (0.516s)	Speed 59.8 samples/s	Data 0.000s (0.002s)	Loss 0.02562 (0.03637)
2021-11-05 20:42:20,334 Epoch: [3][90/200]	Time 0.499s (0.516s)	Speed 64.1 samples/s	Data 0.000s (0.002s)	Loss 0.03327 (0.03614)
2021-11-05 20:42:25,333 Epoch: [3][100/200]	Time 0.494s (0.514s)	Speed 64.8 samples/s	Data 0.000s (0.001s)	Loss 0.03410 (0.03608)
2021-11-05 20:42:30,322 Epoch: [3][110/200]	Time 0.494s (0.513s)	Speed 64.8 samples/s	Data 0.000s (0.001s)	Loss 0.02734 (0.03597)
2021-11-05 20:42:35,337 Epoch: [3][120/200]	Time 0.504s (0.512s)	Speed 63.5 samples/s	Data 0.000s (0.001s)	Loss 0.04001 (0.03598)
2021-11-05 20:42:40,377 Epoch: [3][130/200]	Time 0.503s (0.511s)	Speed 63.6 samples/s	Data 0.000s (0.001s)	Loss 0.03324 (0.03592)
2021-11-05 20:42:45,384 Epoch: [3][140/200]	Time 0.504s (0.511s)	Speed 63.4 samples/s	Data 0.000s (0.001s)	Loss 0.03229 (0.03570)
2021-11-05 20:42:50,396 Epoch: [3][150/200]	Time 0.495s (0.510s)	Speed 64.7 samples/s	Data 0.000s (0.001s)	Loss 0.02552 (0.03565)
2021-11-05 20:42:55,899 Epoch: [3][160/200]	Time 0.536s (0.513s)	Speed 59.7 samples/s	Data 0.000s (0.001s)	Loss 0.03165 (0.03567)
2021-11-05 20:43:01,328 Epoch: [3][170/200]	Time 0.530s (0.514s)	Speed 60.3 samples/s	Data 0.000s (0.001s)	Loss 0.04164 (0.03556)
2021-11-05 20:43:06,773 Epoch: [3][180/200]	Time 0.546s (0.516s)	Speed 58.7 samples/s	Data 0.000s (0.001s)	Loss 0.03531 (0.03532)
2021-11-05 20:43:12,424 Epoch: [3][190/200]	Time 0.567s (0.519s)	Speed 56.5 samples/s	Data 0.000s (0.001s)	Loss 0.02465 (0.03509)
2021-11-05 20:43:17,809 Test: [0/200]	Time 0.070 (0.070)	Loss 0.1150 (0.1150)
2021-11-05 20:43:18,186 Test: [10/200]	Time 0.035 (0.041)	Loss 0.0238 (0.0898)
2021-11-05 20:43:18,558 Test: [20/200]	Time 0.037 (0.039)	Loss 0.0556 (0.0971)
2021-11-05 20:43:18,932 Test: [30/200]	Time 0.036 (0.039)	Loss 0.1196 (0.1008)
2021-11-05 20:43:19,310 Test: [40/200]	Time 0.036 (0.038)	Loss 0.0993 (0.1057)
2021-11-05 20:43:19,687 Test: [50/200]	Time 0.036 (0.038)	Loss 0.1424 (0.1053)
2021-11-05 20:43:20,064 Test: [60/200]	Time 0.037 (0.038)	Loss 0.1255 (0.1075)
2021-11-05 20:43:20,499 Test: [70/200]	Time 0.037 (0.039)	Loss 0.1083 (0.1082)
2021-11-05 20:43:20,879 Test: [80/200]	Time 0.037 (0.039)	Loss 0.1084 (0.1055)
2021-11-05 20:43:21,254 Test: [90/200]	Time 0.037 (0.039)	Loss 0.1309 (0.1073)
2021-11-05 20:43:21,635 Test: [100/200]	Time 0.037 (0.039)	Loss 0.1511 (0.1071)
2021-11-05 20:43:22,019 Test: [110/200]	Time 0.036 (0.039)	Loss 0.1661 (0.1084)
2021-11-05 20:43:22,396 Test: [120/200]	Time 0.037 (0.038)	Loss 0.1015 (0.1071)
2021-11-05 20:43:22,778 Test: [130/200]	Time 0.037 (0.038)	Loss 0.0975 (0.1078)
2021-11-05 20:43:23,172 Test: [140/200]	Time 0.040 (0.039)	Loss 0.1045 (0.1075)
2021-11-05 20:43:23,570 Test: [150/200]	Time 0.038 (0.039)	Loss 0.0988 (0.1062)
2021-11-05 20:43:23,972 Test: [160/200]	Time 0.039 (0.039)	Loss 0.1197 (0.1060)
2021-11-05 20:43:24,369 Test: [170/200]	Time 0.039 (0.039)	Loss 0.0896 (0.1051)
2021-11-05 20:43:24,766 Test: [180/200]	Time 0.039 (0.039)	Loss 0.0850 (0.1043)
2021-11-05 20:43:25,167 Test: [190/200]	Time 0.038 (0.039)	Loss 0.0604 (0.1044)
2021-11-05 20:43:26,264 Mean IoU score: 0.754
2021-11-05 20:43:26,265 => saving checkpoint to out
2021-11-05 20:43:27,032 Epoch: [4][0/200]	Time 0.746s (0.746s)	Speed 42.9 samples/s	Data 0.101s (0.101s)	Loss 0.03559 (0.03559)
2021-11-05 20:43:32,637 Epoch: [4][10/200]	Time 0.551s (0.577s)	Speed 58.1 samples/s	Data 0.000s (0.009s)	Loss 0.02599 (0.02962)
2021-11-05 20:43:38,469 Epoch: [4][20/200]	Time 0.628s (0.580s)	Speed 51.0 samples/s	Data 0.000s (0.005s)	Loss 0.02278 (0.02769)
2021-11-05 20:43:44,986 Epoch: [4][30/200]	Time 0.596s (0.603s)	Speed 53.7 samples/s	Data 0.000s (0.004s)	Loss 0.02377 (0.02742)
2021-11-05 20:43:51,090 Epoch: [4][40/200]	Time 0.618s (0.605s)	Speed 51.8 samples/s	Data 0.000s (0.003s)	Loss 0.02450 (0.02760)
2021-11-05 20:43:56,836 Epoch: [4][50/200]	Time 0.561s (0.599s)	Speed 57.1 samples/s	Data 0.000s (0.002s)	Loss 0.02570 (0.02732)
2021-11-05 20:44:02,508 Epoch: [4][60/200]	Time 0.590s (0.594s)	Speed 54.3 samples/s	Data 0.000s (0.002s)	Loss 0.01903 (0.02669)
2021-11-05 20:44:08,156 Epoch: [4][70/200]	Time 0.571s (0.590s)	Speed 56.1 samples/s	Data 0.000s (0.002s)	Loss 0.02460 (0.02660)
2021-11-05 20:44:13,755 Epoch: [4][80/200]	Time 0.550s (0.586s)	Speed 58.2 samples/s	Data 0.000s (0.001s)	Loss 0.02402 (0.02633)
2021-11-05 20:44:19,290 Epoch: [4][90/200]	Time 0.550s (0.582s)	Speed 58.1 samples/s	Data 0.000s (0.001s)	Loss 0.02568 (0.02599)
2021-11-05 20:44:24,858 Epoch: [4][100/200]	Time 0.558s (0.580s)	Speed 57.3 samples/s	Data 0.000s (0.001s)	Loss 0.02563 (0.02588)
2021-11-05 20:44:29,966 Epoch: [4][110/200]	Time 0.511s (0.574s)	Speed 62.6 samples/s	Data 0.000s (0.001s)	Loss 0.02664 (0.02587)
2021-11-05 20:44:35,059 Epoch: [4][120/200]	Time 0.511s (0.568s)	Speed 62.7 samples/s	Data 0.000s (0.001s)	Loss 0.02723 (0.02573)
2021-11-05 20:44:40,214 Epoch: [4][130/200]	Time 0.520s (0.564s)	Speed 61.6 samples/s	Data 0.000s (0.001s)	Loss 0.02378 (0.02574)
2021-11-05 20:44:45,752 Epoch: [4][140/200]	Time 0.559s (0.564s)	Speed 57.3 samples/s	Data 0.000s (0.001s)	Loss 0.02549 (0.02574)
2021-11-05 20:44:51,301 Epoch: [4][150/200]	Time 0.562s (0.563s)	Speed 56.9 samples/s	Data 0.000s (0.001s)	Loss 0.01997 (0.02566)
2021-11-05 20:44:56,904 Epoch: [4][160/200]	Time 0.547s (0.563s)	Speed 58.5 samples/s	Data 0.000s (0.001s)	Loss 0.02117 (0.02547)
2021-11-05 20:45:02,395 Epoch: [4][170/200]	Time 0.546s (0.562s)	Speed 58.6 samples/s	Data 0.000s (0.001s)	Loss 0.01835 (0.02535)
2021-11-05 20:45:07,932 Epoch: [4][180/200]	Time 0.550s (0.562s)	Speed 58.2 samples/s	Data 0.000s (0.001s)	Loss 0.03189 (0.02530)
2021-11-05 20:45:13,397 Epoch: [4][190/200]	Time 0.554s (0.561s)	Speed 57.8 samples/s	Data 0.000s (0.001s)	Loss 0.02540 (0.02517)
2021-11-05 20:45:18,400 Test: [0/200]	Time 0.070 (0.070)	Loss 0.0862 (0.0862)
2021-11-05 20:45:18,776 Test: [10/200]	Time 0.035 (0.040)	Loss 0.0225 (0.0756)
2021-11-05 20:45:19,144 Test: [20/200]	Time 0.036 (0.039)	Loss 0.0523 (0.0783)
2021-11-05 20:45:19,520 Test: [30/200]	Time 0.038 (0.038)	Loss 0.1134 (0.0855)
2021-11-05 20:45:19,896 Test: [40/200]	Time 0.036 (0.038)	Loss 0.0587 (0.0880)
2021-11-05 20:45:20,268 Test: [50/200]	Time 0.036 (0.038)	Loss 0.1201 (0.0888)
2021-11-05 20:45:20,640 Test: [60/200]	Time 0.036 (0.038)	Loss 0.1342 (0.0913)
2021-11-05 20:45:21,013 Test: [70/200]	Time 0.036 (0.038)	Loss 0.0747 (0.0913)
2021-11-05 20:45:21,391 Test: [80/200]	Time 0.037 (0.038)	Loss 0.1177 (0.0893)
2021-11-05 20:45:21,770 Test: [90/200]	Time 0.038 (0.038)	Loss 0.1612 (0.0912)
2021-11-05 20:45:22,144 Test: [100/200]	Time 0.037 (0.038)	Loss 0.1678 (0.0907)
2021-11-05 20:45:22,522 Test: [110/200]	Time 0.036 (0.038)	Loss 0.1439 (0.0914)
2021-11-05 20:45:22,901 Test: [120/200]	Time 0.037 (0.038)	Loss 0.1375 (0.0898)
2021-11-05 20:45:23,276 Test: [130/200]	Time 0.036 (0.038)	Loss 0.0828 (0.0906)
2021-11-05 20:45:23,648 Test: [140/200]	Time 0.035 (0.038)	Loss 0.0735 (0.0901)
2021-11-05 20:45:24,040 Test: [150/200]	Time 0.037 (0.038)	Loss 0.0748 (0.0890)
2021-11-05 20:45:24,394 Test: [160/200]	Time 0.034 (0.038)	Loss 0.0864 (0.0890)
2021-11-05 20:45:24,756 Test: [170/200]	Time 0.036 (0.038)	Loss 0.0857 (0.0881)
2021-11-05 20:45:25,112 Test: [180/200]	Time 0.034 (0.037)	Loss 0.0920 (0.0874)
2021-11-05 20:45:25,471 Test: [190/200]	Time 0.034 (0.037)	Loss 0.0393 (0.0875)
2021-11-05 20:45:26,447 Mean IoU score: 0.796
2021-11-05 20:45:26,448 => saving checkpoint to out
2021-11-05 20:45:27,172 Epoch: [5][0/200]	Time 0.692s (0.692s)	Speed 46.3 samples/s	Data 0.099s (0.099s)	Loss 0.01794 (0.01794)
2021-11-05 20:45:32,261 Epoch: [5][10/200]	Time 0.515s (0.526s)	Speed 62.1 samples/s	Data 0.000s (0.009s)	Loss 0.01587 (0.02063)
2021-11-05 20:45:37,339 Epoch: [5][20/200]	Time 0.497s (0.517s)	Speed 64.4 samples/s	Data 0.000s (0.005s)	Loss 0.02004 (0.02125)
2021-11-05 20:45:42,434 Epoch: [5][30/200]	Time 0.510s (0.515s)	Speed 62.8 samples/s	Data 0.000s (0.003s)	Loss 0.02585 (0.02098)
2021-11-05 20:45:47,553 Epoch: [5][40/200]	Time 0.506s (0.514s)	Speed 63.3 samples/s	Data 0.000s (0.003s)	Loss 0.01941 (0.02084)
2021-11-05 20:45:52,669 Epoch: [5][50/200]	Time 0.509s (0.514s)	Speed 62.8 samples/s	Data 0.000s (0.002s)	Loss 0.02198 (0.02071)
2021-11-05 20:45:58,282 Epoch: [5][60/200]	Time 0.570s (0.521s)	Speed 56.1 samples/s	Data 0.000s (0.002s)	Loss 0.01563 (0.02035)
2021-11-05 20:46:03,903 Epoch: [5][70/200]	Time 0.555s (0.527s)	Speed 57.7 samples/s	Data 0.000s (0.002s)	Loss 0.01725 (0.02017)
2021-11-05 20:46:09,431 Epoch: [5][80/200]	Time 0.551s (0.530s)	Speed 58.1 samples/s	Data 0.000s (0.001s)	Loss 0.02044 (0.02007)
2021-11-05 20:46:14,998 Epoch: [5][90/200]	Time 0.566s (0.533s)	Speed 56.6 samples/s	Data 0.000s (0.001s)	Loss 0.01367 (0.01999)
2021-11-05 20:46:20,372 Epoch: [5][100/200]	Time 0.544s (0.534s)	Speed 58.8 samples/s	Data 0.000s (0.001s)	Loss 0.02072 (0.01988)
2021-11-05 20:46:25,725 Epoch: [5][110/200]	Time 0.543s (0.534s)	Speed 59.0 samples/s	Data 0.000s (0.001s)	Loss 0.02052 (0.01988)
2021-11-05 20:46:31,225 Epoch: [5][120/200]	Time 0.548s (0.535s)	Speed 58.4 samples/s	Data 0.000s (0.001s)	Loss 0.01712 (0.01969)
2021-11-05 20:46:36,595 Epoch: [5][130/200]	Time 0.548s (0.535s)	Speed 58.4 samples/s	Data 0.000s (0.001s)	Loss 0.02397 (0.01978)
2021-11-05 20:46:42,001 Epoch: [5][140/200]	Time 0.552s (0.536s)	Speed 57.9 samples/s	Data 0.000s (0.001s)	Loss 0.02015 (0.01978)
2021-11-05 20:46:47,391 Epoch: [5][150/200]	Time 0.540s (0.536s)	Speed 59.2 samples/s	Data 0.000s (0.001s)	Loss 0.02376 (0.01976)
2021-11-05 20:46:52,758 Epoch: [5][160/200]	Time 0.532s (0.536s)	Speed 60.2 samples/s	Data 0.000s (0.001s)	Loss 0.02178 (0.01967)
2021-11-05 20:46:58,116 Epoch: [5][170/200]	Time 0.531s (0.536s)	Speed 60.2 samples/s	Data 0.000s (0.001s)	Loss 0.01867 (0.01962)
2021-11-05 20:47:03,520 Epoch: [5][180/200]	Time 0.540s (0.536s)	Speed 59.3 samples/s	Data 0.000s (0.001s)	Loss 0.01792 (0.01970)
2021-11-05 20:47:08,932 Epoch: [5][190/200]	Time 0.523s (0.536s)	Speed 61.1 samples/s	Data 0.000s (0.001s)	Loss 0.01921 (0.01980)
2021-11-05 20:47:13,840 Test: [0/200]	Time 0.069 (0.069)	Loss 0.1075 (0.1075)
2021-11-05 20:47:14,208 Test: [10/200]	Time 0.035 (0.040)	Loss 0.0294 (0.0741)
2021-11-05 20:47:14,575 Test: [20/200]	Time 0.034 (0.038)	Loss 0.0568 (0.0770)
2021-11-05 20:47:14,951 Test: [30/200]	Time 0.037 (0.038)	Loss 0.1260 (0.0875)
2021-11-05 20:47:15,323 Test: [40/200]	Time 0.035 (0.038)	Loss 0.0628 (0.0913)
2021-11-05 20:47:15,687 Test: [50/200]	Time 0.035 (0.038)	Loss 0.1177 (0.0910)
2021-11-05 20:47:16,054 Test: [60/200]	Time 0.035 (0.037)	Loss 0.1180 (0.0928)
2021-11-05 20:47:16,419 Test: [70/200]	Time 0.035 (0.037)	Loss 0.1008 (0.0933)
2021-11-05 20:47:16,784 Test: [80/200]	Time 0.036 (0.037)	Loss 0.1752 (0.0925)
2021-11-05 20:47:17,149 Test: [90/200]	Time 0.036 (0.037)	Loss 0.1067 (0.0948)
2021-11-05 20:47:17,513 Test: [100/200]	Time 0.035 (0.037)	Loss 0.1475 (0.0943)
2021-11-05 20:47:17,882 Test: [110/200]	Time 0.035 (0.037)	Loss 0.1648 (0.0943)
2021-11-05 20:47:18,255 Test: [120/200]	Time 0.036 (0.037)	Loss 0.1094 (0.0925)
2021-11-05 20:47:18,629 Test: [130/200]	Time 0.036 (0.037)	Loss 0.0701 (0.0928)
2021-11-05 20:47:19,003 Test: [140/200]	Time 0.036 (0.037)	Loss 0.0930 (0.0925)
2021-11-05 20:47:19,374 Test: [150/200]	Time 0.035 (0.037)	Loss 0.0821 (0.0911)
2021-11-05 20:47:19,745 Test: [160/200]	Time 0.036 (0.037)	Loss 0.1065 (0.0912)
2021-11-05 20:47:20,115 Test: [170/200]	Time 0.035 (0.037)	Loss 0.0857 (0.0904)
2021-11-05 20:47:20,501 Test: [180/200]	Time 0.039 (0.037)	Loss 0.0749 (0.0897)
2021-11-05 20:47:20,911 Test: [190/200]	Time 0.037 (0.037)	Loss 0.0463 (0.0896)
2021-11-05 20:47:22,015 Mean IoU score: 0.789
2021-11-05 20:47:22,016 => saving checkpoint to out
2021-11-05 20:47:22,801 Epoch: [6][0/200]	Time 0.756s (0.756s)	Speed 42.3 samples/s	Data 0.097s (0.097s)	Loss 0.01888 (0.01888)
2021-11-05 20:47:28,514 Epoch: [6][10/200]	Time 0.507s (0.588s)	Speed 63.1 samples/s	Data 0.000s (0.009s)	Loss 0.02080 (0.01791)
2021-11-05 20:47:33,609 Epoch: [6][20/200]	Time 0.520s (0.551s)	Speed 61.5 samples/s	Data 0.000s (0.005s)	Loss 0.01709 (0.01852)
2021-11-05 20:47:38,716 Epoch: [6][30/200]	Time 0.496s (0.538s)	Speed 64.5 samples/s	Data 0.000s (0.003s)	Loss 0.01957 (0.01863)
2021-11-05 20:47:44,061 Epoch: [6][40/200]	Time 0.509s (0.537s)	Speed 62.8 samples/s	Data 0.000s (0.003s)	Loss 0.01847 (0.01839)
2021-11-05 20:47:49,621 Epoch: [6][50/200]	Time 0.522s (0.541s)	Speed 61.3 samples/s	Data 0.000s (0.002s)	Loss 0.01592 (0.01810)
2021-11-05 20:47:55,398 Epoch: [6][60/200]	Time 0.572s (0.547s)	Speed 56.0 samples/s	Data 0.000s (0.002s)	Loss 0.01492 (0.01773)
2021-11-05 20:48:01,003 Epoch: [6][70/200]	Time 0.558s (0.549s)	Speed 57.4 samples/s	Data 0.000s (0.002s)	Loss 0.01457 (0.01740)
2021-11-05 20:48:06,393 Epoch: [6][80/200]	Time 0.541s (0.548s)	Speed 59.2 samples/s	Data 0.000s (0.001s)	Loss 0.01510 (0.01724)
2021-11-05 20:48:12,141 Epoch: [6][90/200]	Time 0.557s (0.551s)	Speed 57.5 samples/s	Data 0.000s (0.001s)	Loss 0.01601 (0.01707)
2021-11-05 20:48:17,789 Epoch: [6][100/200]	Time 0.548s (0.552s)	Speed 58.4 samples/s	Data 0.000s (0.001s)	Loss 0.01528 (0.01699)
2021-11-05 20:48:23,735 Epoch: [6][110/200]	Time 0.568s (0.556s)	Speed 56.4 samples/s	Data 0.000s (0.001s)	Loss 0.01302 (0.01685)
2021-11-05 20:48:29,542 Epoch: [6][120/200]	Time 0.562s (0.558s)	Speed 57.0 samples/s	Data 0.000s (0.001s)	Loss 0.01677 (0.01678)
2021-11-05 20:48:35,195 Epoch: [6][130/200]	Time 0.547s (0.558s)	Speed 58.5 samples/s	Data 0.000s (0.001s)	Loss 0.01171 (0.01661)
2021-11-05 20:48:41,010 Epoch: [6][140/200]	Time 0.561s (0.560s)	Speed 57.0 samples/s	Data 0.000s (0.001s)	Loss 0.01371 (0.01650)
2021-11-05 20:48:46,729 Epoch: [6][150/200]	Time 0.578s (0.561s)	Speed 55.4 samples/s	Data 0.000s (0.001s)	Loss 0.01498 (0.01641)
2021-11-05 20:48:52,368 Epoch: [6][160/200]	Time 0.558s (0.561s)	Speed 57.3 samples/s	Data 0.000s (0.001s)	Loss 0.01840 (0.01638)
2021-11-05 20:48:58,135 Epoch: [6][170/200]	Time 0.536s (0.562s)	Speed 59.8 samples/s	Data 0.000s (0.001s)	Loss 0.01497 (0.01624)
2021-11-05 20:49:03,783 Epoch: [6][180/200]	Time 0.584s (0.562s)	Speed 54.8 samples/s	Data 0.000s (0.001s)	Loss 0.01043 (0.01621)
2021-11-05 20:49:10,378 Epoch: [6][190/200]	Time 0.649s (0.567s)	Speed 49.3 samples/s	Data 0.000s (0.001s)	Loss 0.01430 (0.01614)
2021-11-05 20:49:16,229 Test: [0/200]	Time 0.087 (0.087)	Loss 0.0699 (0.0699)
2021-11-05 20:49:16,732 Test: [10/200]	Time 0.056 (0.054)	Loss 0.0163 (0.0503)
2021-11-05 20:49:17,216 Test: [20/200]	Time 0.038 (0.051)	Loss 0.0328 (0.0567)
2021-11-05 20:49:17,678 Test: [30/200]	Time 0.043 (0.050)	Loss 0.0702 (0.0613)
2021-11-05 20:49:18,099 Test: [40/200]	Time 0.039 (0.048)	Loss 0.0469 (0.0625)
2021-11-05 20:49:18,566 Test: [50/200]	Time 0.046 (0.048)	Loss 0.0913 (0.0631)
2021-11-05 20:49:18,995 Test: [60/200]	Time 0.042 (0.047)	Loss 0.0970 (0.0645)
2021-11-05 20:49:19,427 Test: [70/200]	Time 0.042 (0.046)	Loss 0.0509 (0.0641)
2021-11-05 20:49:19,857 Test: [80/200]	Time 0.043 (0.046)	Loss 0.0756 (0.0629)
2021-11-05 20:49:20,295 Test: [90/200]	Time 0.043 (0.046)	Loss 0.0870 (0.0648)
2021-11-05 20:49:20,767 Test: [100/200]	Time 0.041 (0.046)	Loss 0.0933 (0.0646)
2021-11-05 20:49:21,197 Test: [110/200]	Time 0.040 (0.046)	Loss 0.1491 (0.0660)
2021-11-05 20:49:21,631 Test: [120/200]	Time 0.040 (0.045)	Loss 0.0700 (0.0645)
2021-11-05 20:49:22,048 Test: [130/200]	Time 0.040 (0.045)	Loss 0.0577 (0.0647)
2021-11-05 20:49:22,457 Test: [140/200]	Time 0.038 (0.045)	Loss 0.0540 (0.0641)
2021-11-05 20:49:22,860 Test: [150/200]	Time 0.039 (0.044)	Loss 0.0474 (0.0630)
2021-11-05 20:49:23,263 Test: [160/200]	Time 0.039 (0.044)	Loss 0.0812 (0.0633)
2021-11-05 20:49:23,665 Test: [170/200]	Time 0.038 (0.044)	Loss 0.0552 (0.0627)
2021-11-05 20:49:24,057 Test: [180/200]	Time 0.038 (0.044)	Loss 0.0521 (0.0624)
2021-11-05 20:49:24,450 Test: [190/200]	Time 0.038 (0.043)	Loss 0.0298 (0.0623)
2021-11-05 20:49:25,537 Mean IoU score: 0.853
2021-11-05 20:49:25,538 => saving checkpoint to out
2021-11-05 20:49:26,330 Epoch: [7][0/200]	Time 0.762s (0.762s)	Speed 42.0 samples/s	Data 0.100s (0.100s)	Loss 0.01346 (0.01346)
2021-11-05 20:49:32,091 Epoch: [7][10/200]	Time 0.551s (0.593s)	Speed 58.0 samples/s	Data 0.000s (0.009s)	Loss 0.01295 (0.01419)
2021-11-05 20:49:37,972 Epoch: [7][20/200]	Time 0.749s (0.591s)	Speed 42.7 samples/s	Data 0.000s (0.005s)	Loss 0.01561 (0.01413)
2021-11-05 20:49:43,721 Epoch: [7][30/200]	Time 0.572s (0.586s)	Speed 56.0 samples/s	Data 0.000s (0.003s)	Loss 0.01534 (0.01374)
2021-11-05 20:49:49,500 Epoch: [7][40/200]	Time 0.581s (0.584s)	Speed 55.1 samples/s	Data 0.000s (0.003s)	Loss 0.01112 (0.01368)
2021-11-05 20:49:55,440 Epoch: [7][50/200]	Time 0.648s (0.586s)	Speed 49.4 samples/s	Data 0.000s (0.002s)	Loss 0.01317 (0.01352)
2021-11-05 20:50:00,908 Epoch: [7][60/200]	Time 0.553s (0.579s)	Speed 57.9 samples/s	Data 0.000s (0.002s)	Loss 0.01237 (0.01343)
2021-11-05 20:50:06,517 Epoch: [7][70/200]	Time 0.557s (0.577s)	Speed 57.5 samples/s	Data 0.000s (0.002s)	Loss 0.01108 (0.01327)
2021-11-05 20:50:12,217 Epoch: [7][80/200]	Time 0.575s (0.576s)	Speed 55.7 samples/s	Data 0.000s (0.001s)	Loss 0.01142 (0.01326)
2021-11-05 20:50:18,228 Epoch: [7][90/200]	Time 0.595s (0.579s)	Speed 53.7 samples/s	Data 0.000s (0.001s)	Loss 0.01546 (0.01316)
2021-11-05 20:50:23,896 Epoch: [7][100/200]	Time 0.538s (0.578s)	Speed 59.4 samples/s	Data 0.000s (0.001s)	Loss 0.01574 (0.01324)
2021-11-05 20:50:29,401 Epoch: [7][110/200]	Time 0.550s (0.575s)	Speed 58.2 samples/s	Data 0.000s (0.001s)	Loss 0.00962 (0.01321)
2021-11-05 20:50:34,900 Epoch: [7][120/200]	Time 0.549s (0.573s)	Speed 58.2 samples/s	Data 0.000s (0.001s)	Loss 0.01233 (0.01329)
2021-11-05 20:50:40,411 Epoch: [7][130/200]	Time 0.550s (0.571s)	Speed 58.2 samples/s	Data 0.000s (0.001s)	Loss 0.01185 (0.01328)
2021-11-05 20:50:45,895 Epoch: [7][140/200]	Time 0.555s (0.570s)	Speed 57.7 samples/s	Data 0.000s (0.001s)	Loss 0.01678 (0.01323)
2021-11-05 20:50:52,372 Epoch: [7][150/200]	Time 0.567s (0.575s)	Speed 56.5 samples/s	Data 0.000s (0.001s)	Loss 0.01291 (0.01325)
2021-11-05 20:50:58,003 Epoch: [7][160/200]	Time 0.537s (0.574s)	Speed 59.6 samples/s	Data 0.000s (0.001s)	Loss 0.01612 (0.01329)
2021-11-05 20:51:03,522 Epoch: [7][170/200]	Time 0.546s (0.573s)	Speed 58.6 samples/s	Data 0.000s (0.001s)	Loss 0.01433 (0.01332)
2021-11-05 20:51:08,924 Epoch: [7][180/200]	Time 0.528s (0.571s)	Speed 60.6 samples/s	Data 0.000s (0.001s)	Loss 0.01328 (0.01337)
2021-11-05 20:51:14,325 Epoch: [7][190/200]	Time 0.546s (0.569s)	Speed 58.6 samples/s	Data 0.000s (0.001s)	Loss 0.01299 (0.01355)
2021-11-05 20:51:19,274 Test: [0/200]	Time 0.076 (0.076)	Loss 0.1361 (0.1361)
2021-11-05 20:51:19,659 Test: [10/200]	Time 0.038 (0.042)	Loss 0.0380 (0.1051)
2021-11-05 20:51:20,047 Test: [20/200]	Time 0.038 (0.040)	Loss 0.0621 (0.1059)
2021-11-05 20:51:20,434 Test: [30/200]	Time 0.037 (0.040)	Loss 0.1594 (0.1154)
2021-11-05 20:51:20,820 Test: [40/200]	Time 0.037 (0.040)	Loss 0.1027 (0.1219)
2021-11-05 20:51:21,208 Test: [50/200]	Time 0.038 (0.039)	Loss 0.2029 (0.1209)
2021-11-05 20:51:21,598 Test: [60/200]	Time 0.038 (0.039)	Loss 0.1387 (0.1225)
2021-11-05 20:51:21,957 Test: [70/200]	Time 0.035 (0.039)	Loss 0.0858 (0.1215)
2021-11-05 20:51:22,329 Test: [80/200]	Time 0.036 (0.039)	Loss 0.1504 (0.1197)
2021-11-05 20:51:22,692 Test: [90/200]	Time 0.035 (0.038)	Loss 0.1480 (0.1218)
2021-11-05 20:51:23,056 Test: [100/200]	Time 0.035 (0.038)	Loss 0.1602 (0.1205)
2021-11-05 20:51:23,424 Test: [110/200]	Time 0.036 (0.038)	Loss 0.2396 (0.1222)
2021-11-05 20:51:23,793 Test: [120/200]	Time 0.035 (0.038)	Loss 0.1728 (0.1214)
2021-11-05 20:51:24,165 Test: [130/200]	Time 0.036 (0.038)	Loss 0.0849 (0.1212)
2021-11-05 20:51:24,525 Test: [140/200]	Time 0.035 (0.038)	Loss 0.1528 (0.1204)
2021-11-05 20:51:24,886 Test: [150/200]	Time 0.035 (0.038)	Loss 0.1254 (0.1186)
2021-11-05 20:51:25,256 Test: [160/200]	Time 0.035 (0.038)	Loss 0.1658 (0.1187)
2021-11-05 20:51:25,627 Test: [170/200]	Time 0.036 (0.038)	Loss 0.1199 (0.1169)
2021-11-05 20:51:25,992 Test: [180/200]	Time 0.035 (0.038)	Loss 0.0978 (0.1161)
2021-11-05 20:51:26,357 Test: [190/200]	Time 0.036 (0.037)	Loss 0.0575 (0.1169)
2021-11-05 20:51:27,373 Mean IoU score: 0.729
2021-11-05 20:51:27,374 => saving checkpoint to out
2021-11-05 20:51:28,140 Epoch: [8][0/200]	Time 0.741s (0.741s)	Speed 43.2 samples/s	Data 0.101s (0.101s)	Loss 0.01414 (0.01414)
2021-11-05 20:51:33,665 Epoch: [8][10/200]	Time 0.546s (0.570s)	Speed 58.6 samples/s	Data 0.000s (0.009s)	Loss 0.01267 (0.01437)
2021-11-05 20:51:38,560 Epoch: [8][20/200]	Time 0.481s (0.531s)	Speed 66.6 samples/s	Data 0.000s (0.005s)	Loss 0.01406 (0.01458)
2021-11-05 20:51:43,797 Epoch: [8][30/200]	Time 0.520s (0.529s)	Speed 61.5 samples/s	Data 0.000s (0.003s)	Loss 0.01542 (0.01443)
2021-11-05 20:51:49,396 Epoch: [8][40/200]	Time 0.582s (0.537s)	Speed 54.9 samples/s	Data 0.000s (0.003s)	Loss 0.01048 (0.01417)
2021-11-05 20:51:55,035 Epoch: [8][50/200]	Time 0.571s (0.542s)	Speed 56.0 samples/s	Data 0.000s (0.002s)	Loss 0.01283 (0.01411)
2021-11-05 20:52:01,089 Epoch: [8][60/200]	Time 0.489s (0.552s)	Speed 65.5 samples/s	Data 0.000s (0.002s)	Loss 0.01418 (0.01385)
2021-11-05 20:52:06,638 Epoch: [8][70/200]	Time 0.631s (0.553s)	Speed 50.7 samples/s	Data 0.000s (0.002s)	Loss 0.01178 (0.01357)
2021-11-05 20:52:12,548 Epoch: [8][80/200]	Time 0.582s (0.557s)	Speed 55.0 samples/s	Data 0.000s (0.001s)	Loss 0.00970 (0.01347)
2021-11-05 20:52:18,416 Epoch: [8][90/200]	Time 0.585s (0.561s)	Speed 54.7 samples/s	Data 0.000s (0.001s)	Loss 0.01105 (0.01349)
2021-11-05 20:52:24,002 Epoch: [8][100/200]	Time 0.529s (0.560s)	Speed 60.4 samples/s	Data 0.000s (0.001s)	Loss 0.01384 (0.01360)
2021-11-05 20:52:29,930 Epoch: [8][110/200]	Time 0.577s (0.563s)	Speed 55.5 samples/s	Data 0.000s (0.001s)	Loss 0.01544 (0.01361)
2021-11-05 20:52:35,847 Epoch: [8][120/200]	Time 0.578s (0.566s)	Speed 55.4 samples/s	Data 0.000s (0.001s)	Loss 0.01429 (0.01369)
2021-11-05 20:52:41,748 Epoch: [8][130/200]	Time 0.598s (0.568s)	Speed 53.5 samples/s	Data 0.000s (0.001s)	Loss 0.00951 (0.01365)
2021-11-05 20:52:47,643 Epoch: [8][140/200]	Time 0.594s (0.569s)	Speed 53.9 samples/s	Data 0.000s (0.001s)	Loss 0.01562 (0.01365)
2021-11-05 20:52:53,361 Epoch: [8][150/200]	Time 0.534s (0.569s)	Speed 59.9 samples/s	Data 0.000s (0.001s)	Loss 0.01110 (0.01354)
2021-11-05 20:52:59,278 Epoch: [8][160/200]	Time 0.558s (0.571s)	Speed 57.3 samples/s	Data 0.000s (0.001s)	Loss 0.01316 (0.01349)
2021-11-05 20:53:05,231 Epoch: [8][170/200]	Time 0.614s (0.572s)	Speed 52.1 samples/s	Data 0.000s (0.001s)	Loss 0.01156 (0.01346)
2021-11-05 20:53:11,522 Epoch: [8][180/200]	Time 0.591s (0.575s)	Speed 54.2 samples/s	Data 0.000s (0.001s)	Loss 0.01491 (0.01343)
2021-11-05 20:53:17,717 Epoch: [8][190/200]	Time 0.492s (0.578s)	Speed 65.0 samples/s	Data 0.000s (0.001s)	Loss 0.01314 (0.01335)
2021-11-05 20:53:22,961 Test: [0/200]	Time 0.074 (0.074)	Loss 0.0757 (0.0757)
2021-11-05 20:53:23,359 Test: [10/200]	Time 0.038 (0.043)	Loss 0.0180 (0.0546)
2021-11-05 20:53:23,762 Test: [20/200]	Time 0.043 (0.042)	Loss 0.0394 (0.0560)
2021-11-05 20:53:24,207 Test: [30/200]	Time 0.043 (0.043)	Loss 0.0720 (0.0643)
2021-11-05 20:53:24,597 Test: [40/200]	Time 0.034 (0.042)	Loss 0.0363 (0.0662)
2021-11-05 20:53:24,968 Test: [50/200]	Time 0.036 (0.041)	Loss 0.1061 (0.0665)
2021-11-05 20:53:25,349 Test: [60/200]	Time 0.037 (0.040)	Loss 0.1148 (0.0678)
2021-11-05 20:53:25,807 Test: [70/200]	Time 0.071 (0.041)	Loss 0.0505 (0.0675)
2021-11-05 20:53:26,297 Test: [80/200]	Time 0.047 (0.042)	Loss 0.0771 (0.0663)
2021-11-05 20:53:26,753 Test: [90/200]	Time 0.048 (0.042)	Loss 0.0946 (0.0678)
2021-11-05 20:53:27,177 Test: [100/200]	Time 0.038 (0.042)	Loss 0.1076 (0.0673)
2021-11-05 20:53:27,563 Test: [110/200]	Time 0.036 (0.042)	Loss 0.1615 (0.0681)
2021-11-05 20:53:27,935 Test: [120/200]	Time 0.035 (0.042)	Loss 0.0651 (0.0668)
2021-11-05 20:53:28,328 Test: [130/200]	Time 0.039 (0.042)	Loss 0.0514 (0.0668)
2021-11-05 20:53:28,783 Test: [140/200]	Time 0.036 (0.042)	Loss 0.0586 (0.0663)
2021-11-05 20:53:29,165 Test: [150/200]	Time 0.036 (0.042)	Loss 0.0522 (0.0650)
2021-11-05 20:53:29,549 Test: [160/200]	Time 0.036 (0.041)	Loss 0.0855 (0.0654)
2021-11-05 20:53:29,995 Test: [170/200]	Time 0.036 (0.042)	Loss 0.0668 (0.0647)
2021-11-05 20:53:30,369 Test: [180/200]	Time 0.038 (0.041)	Loss 0.0499 (0.0648)
2021-11-05 20:53:30,752 Test: [190/200]	Time 0.040 (0.041)	Loss 0.0280 (0.0648)
2021-11-05 20:53:31,834 Mean IoU score: 0.843
2021-11-05 20:53:31,835 => saving checkpoint to out
2021-11-05 20:53:32,618 Epoch: [9][0/200]	Time 0.757s (0.757s)	Speed 42.3 samples/s	Data 0.099s (0.099s)	Loss 0.01282 (0.01282)
2021-11-05 20:53:38,167 Epoch: [9][10/200]	Time 0.570s (0.573s)	Speed 56.1 samples/s	Data 0.000s (0.009s)	Loss 0.01088 (0.01173)
2021-11-05 20:53:43,629 Epoch: [9][20/200]	Time 0.564s (0.560s)	Speed 56.7 samples/s	Data 0.000s (0.005s)	Loss 0.01932 (0.01253)
2021-11-05 20:53:49,144 Epoch: [9][30/200]	Time 0.545s (0.557s)	Speed 58.7 samples/s	Data 0.000s (0.003s)	Loss 0.01314 (0.01302)
2021-11-05 20:53:54,859 Epoch: [9][40/200]	Time 0.614s (0.561s)	Speed 52.2 samples/s	Data 0.000s (0.003s)	Loss 0.01209 (0.01327)
2021-11-05 20:54:00,998 Epoch: [9][50/200]	Time 0.645s (0.571s)	Speed 49.6 samples/s	Data 0.000s (0.002s)	Loss 0.00883 (0.01315)
2021-11-05 20:54:06,447 Epoch: [9][60/200]	Time 0.493s (0.567s)	Speed 65.0 samples/s	Data 0.000s (0.002s)	Loss 0.01373 (0.01302)
2021-11-05 20:54:11,707 Epoch: [9][70/200]	Time 0.552s (0.561s)	Speed 57.9 samples/s	Data 0.000s (0.002s)	Loss 0.01138 (0.01299)
2021-11-05 20:54:17,134 Epoch: [9][80/200]	Time 0.488s (0.559s)	Speed 65.6 samples/s	Data 0.000s (0.001s)	Loss 0.00940 (0.01297)
2021-11-05 20:54:22,353 Epoch: [9][90/200]	Time 0.538s (0.555s)	Speed 59.5 samples/s	Data 0.000s (0.001s)	Loss 0.01381 (0.01285)
2021-11-05 20:54:27,374 Epoch: [9][100/200]	Time 0.522s (0.550s)	Speed 61.3 samples/s	Data 0.000s (0.001s)	Loss 0.01739 (0.01284)
2021-11-05 20:54:32,630 Epoch: [9][110/200]	Time 0.502s (0.547s)	Speed 63.7 samples/s	Data 0.000s (0.001s)	Loss 0.01201 (0.01272)
2021-11-05 20:54:38,264 Epoch: [9][120/200]	Time 0.544s (0.549s)	Speed 58.9 samples/s	Data 0.000s (0.001s)	Loss 0.01073 (0.01257)
2021-11-05 20:54:43,792 Epoch: [9][130/200]	Time 0.549s (0.549s)	Speed 58.2 samples/s	Data 0.000s (0.001s)	Loss 0.00968 (0.01257)
2021-11-05 20:54:49,297 Epoch: [9][140/200]	Time 0.550s (0.549s)	Speed 58.2 samples/s	Data 0.000s (0.001s)	Loss 0.01427 (0.01253)
2021-11-05 20:54:54,912 Epoch: [9][150/200]	Time 0.542s (0.550s)	Speed 59.1 samples/s	Data 0.000s (0.001s)	Loss 0.00999 (0.01246)
2021-11-05 20:55:00,379 Epoch: [9][160/200]	Time 0.531s (0.550s)	Speed 60.2 samples/s	Data 0.000s (0.001s)	Loss 0.01298 (0.01240)
2021-11-05 20:55:05,857 Epoch: [9][170/200]	Time 0.544s (0.550s)	Speed 58.9 samples/s	Data 0.000s (0.001s)	Loss 0.01141 (0.01229)
2021-11-05 20:55:11,321 Epoch: [9][180/200]	Time 0.544s (0.549s)	Speed 58.8 samples/s	Data 0.000s (0.001s)	Loss 0.01493 (0.01228)
2021-11-05 20:55:16,444 Epoch: [9][190/200]	Time 0.509s (0.548s)	Speed 62.8 samples/s	Data 0.000s (0.001s)	Loss 0.00939 (0.01221)
2021-11-05 20:55:21,234 Test: [0/200]	Time 0.074 (0.074)	Loss 0.1000 (0.1000)
2021-11-05 20:55:21,640 Test: [10/200]	Time 0.038 (0.044)	Loss 0.0381 (0.0650)
2021-11-05 20:55:22,045 Test: [20/200]	Time 0.037 (0.042)	Loss 0.0333 (0.0675)
2021-11-05 20:55:22,450 Test: [30/200]	Time 0.039 (0.042)	Loss 0.1300 (0.0752)
2021-11-05 20:55:22,851 Test: [40/200]	Time 0.038 (0.041)	Loss 0.0670 (0.0790)
2021-11-05 20:55:23,250 Test: [50/200]	Time 0.040 (0.041)	Loss 0.1028 (0.0778)
2021-11-05 20:55:23,652 Test: [60/200]	Time 0.041 (0.041)	Loss 0.1090 (0.0815)
2021-11-05 20:55:24,048 Test: [70/200]	Time 0.040 (0.041)	Loss 0.0862 (0.0816)
2021-11-05 20:55:24,444 Test: [80/200]	Time 0.039 (0.041)	Loss 0.1459 (0.0799)
2021-11-05 20:55:24,834 Test: [90/200]	Time 0.038 (0.040)	Loss 0.1033 (0.0817)
2021-11-05 20:55:25,232 Test: [100/200]	Time 0.042 (0.040)	Loss 0.0956 (0.0810)
2021-11-05 20:55:25,631 Test: [110/200]	Time 0.040 (0.040)	Loss 0.1547 (0.0818)
2021-11-05 20:55:26,028 Test: [120/200]	Time 0.039 (0.040)	Loss 0.0646 (0.0812)
2021-11-05 20:55:26,430 Test: [130/200]	Time 0.038 (0.040)	Loss 0.0649 (0.0812)
2021-11-05 20:55:26,843 Test: [140/200]	Time 0.038 (0.040)	Loss 0.0665 (0.0804)
2021-11-05 20:55:27,242 Test: [150/200]	Time 0.039 (0.040)	Loss 0.1051 (0.0800)
2021-11-05 20:55:27,645 Test: [160/200]	Time 0.039 (0.040)	Loss 0.0894 (0.0803)
2021-11-05 20:55:28,038 Test: [170/200]	Time 0.038 (0.040)	Loss 0.0513 (0.0799)
2021-11-05 20:55:28,432 Test: [180/200]	Time 0.037 (0.040)	Loss 0.0689 (0.0794)
2021-11-05 20:55:28,829 Test: [190/200]	Time 0.038 (0.040)	Loss 0.0359 (0.0796)
2021-11-05 20:55:29,924 Mean IoU score: 0.819
2021-11-05 20:55:29,924 => saving checkpoint to out
2021-11-05 20:55:30,642 Epoch: [10][0/200]	Time 0.692s (0.692s)	Speed 46.3 samples/s	Data 0.095s (0.095s)	Loss 0.00833 (0.00833)
2021-11-05 20:55:35,723 Epoch: [10][10/200]	Time 0.498s (0.525s)	Speed 64.3 samples/s	Data 0.000s (0.009s)	Loss 0.00895 (0.01067)
2021-11-05 20:55:40,827 Epoch: [10][20/200]	Time 0.515s (0.518s)	Speed 62.2 samples/s	Data 0.000s (0.005s)	Loss 0.01020 (0.01028)
2021-11-05 20:55:46,370 Epoch: [10][30/200]	Time 0.562s (0.530s)	Speed 57.0 samples/s	Data 0.000s (0.003s)	Loss 0.01212 (0.01059)
2021-11-05 20:55:51,852 Epoch: [10][40/200]	Time 0.556s (0.534s)	Speed 57.6 samples/s	Data 0.000s (0.003s)	Loss 0.00918 (0.01084)
2021-11-05 20:55:57,380 Epoch: [10][50/200]	Time 0.553s (0.538s)	Speed 57.9 samples/s	Data 0.000s (0.002s)	Loss 0.01498 (0.01107)
2021-11-05 20:56:02,855 Epoch: [10][60/200]	Time 0.545s (0.539s)	Speed 58.7 samples/s	Data 0.000s (0.002s)	Loss 0.01503 (0.01121)
2021-11-05 20:56:08,361 Epoch: [10][70/200]	Time 0.559s (0.541s)	Speed 57.3 samples/s	Data 0.000s (0.002s)	Loss 0.00940 (0.01120)
2021-11-05 20:56:14,121 Epoch: [10][80/200]	Time 0.578s (0.545s)	Speed 55.4 samples/s	Data 0.000s (0.001s)	Loss 0.01142 (0.01116)
2021-11-05 20:56:20,486 Epoch: [10][90/200]	Time 0.536s (0.555s)	Speed 59.7 samples/s	Data 0.000s (0.001s)	Loss 0.00901 (0.01108)
2021-11-05 20:56:26,345 Epoch: [10][100/200]	Time 0.587s (0.558s)	Speed 54.5 samples/s	Data 0.000s (0.001s)	Loss 0.00939 (0.01107)
2021-11-05 20:56:31,906 Epoch: [10][110/200]	Time 0.499s (0.558s)	Speed 64.1 samples/s	Data 0.000s (0.001s)	Loss 0.00814 (0.01099)
2021-11-05 20:56:36,956 Epoch: [10][120/200]	Time 0.503s (0.554s)	Speed 63.7 samples/s	Data 0.000s (0.001s)	Loss 0.01145 (0.01105)
2021-11-05 20:56:41,909 Epoch: [10][130/200]	Time 0.493s (0.549s)	Speed 65.0 samples/s	Data 0.000s (0.001s)	Loss 0.01130 (0.01106)
2021-11-05 20:56:46,931 Epoch: [10][140/200]	Time 0.492s (0.546s)	Speed 65.1 samples/s	Data 0.000s (0.001s)	Loss 0.01036 (0.01107)
2021-11-05 20:56:51,983 Epoch: [10][150/200]	Time 0.504s (0.543s)	Speed 63.4 samples/s	Data 0.000s (0.001s)	Loss 0.01003 (0.01102)
2021-11-05 20:56:57,062 Epoch: [10][160/200]	Time 0.493s (0.541s)	Speed 64.9 samples/s	Data 0.000s (0.001s)	Loss 0.00873 (0.01097)
2021-11-05 20:57:02,159 Epoch: [10][170/200]	Time 0.503s (0.539s)	Speed 63.7 samples/s	Data 0.000s (0.001s)	Loss 0.01208 (0.01097)
2021-11-05 20:57:07,730 Epoch: [10][180/200]	Time 0.592s (0.540s)	Speed 54.1 samples/s	Data 0.000s (0.001s)	Loss 0.00963 (0.01091)
2021-11-05 20:57:14,498 Epoch: [10][190/200]	Time 0.686s (0.547s)	Speed 46.6 samples/s	Data 0.000s (0.001s)	Loss 0.01092 (0.01087)
2021-11-05 20:57:20,164 Test: [0/200]	Time 0.093 (0.093)	Loss 0.0624 (0.0624)
2021-11-05 20:57:20,618 Test: [10/200]	Time 0.039 (0.050)	Loss 0.0206 (0.0515)
2021-11-05 20:57:21,041 Test: [20/200]	Time 0.037 (0.046)	Loss 0.0278 (0.0527)
2021-11-05 20:57:21,470 Test: [30/200]	Time 0.037 (0.045)	Loss 0.0790 (0.0568)
2021-11-05 20:57:21,888 Test: [40/200]	Time 0.042 (0.044)	Loss 0.0412 (0.0596)
2021-11-05 20:57:22,354 Test: [50/200]	Time 0.050 (0.045)	Loss 0.0718 (0.0593)
2021-11-05 20:57:22,792 Test: [60/200]	Time 0.039 (0.045)	Loss 0.1065 (0.0615)
2021-11-05 20:57:23,216 Test: [70/200]	Time 0.038 (0.044)	Loss 0.0494 (0.0617)
2021-11-05 20:57:23,647 Test: [80/200]	Time 0.046 (0.044)	Loss 0.0833 (0.0609)
2021-11-05 20:57:24,090 Test: [90/200]	Time 0.043 (0.044)	Loss 0.0849 (0.0627)
2021-11-05 20:57:24,524 Test: [100/200]	Time 0.037 (0.044)	Loss 0.1045 (0.0628)
2021-11-05 20:57:24,929 Test: [110/200]	Time 0.038 (0.044)	Loss 0.1649 (0.0639)
2021-11-05 20:57:25,341 Test: [120/200]	Time 0.039 (0.044)	Loss 0.0691 (0.0625)
2021-11-05 20:57:25,734 Test: [130/200]	Time 0.043 (0.043)	Loss 0.0458 (0.0627)
2021-11-05 20:57:26,126 Test: [140/200]	Time 0.039 (0.043)	Loss 0.0589 (0.0624)
2021-11-05 20:57:26,560 Test: [150/200]	Time 0.039 (0.043)	Loss 0.0570 (0.0614)
2021-11-05 20:57:26,968 Test: [160/200]	Time 0.046 (0.043)	Loss 0.0737 (0.0618)
2021-11-05 20:57:27,422 Test: [170/200]	Time 0.049 (0.043)	Loss 0.0541 (0.0612)
2021-11-05 20:57:27,871 Test: [180/200]	Time 0.041 (0.043)	Loss 0.0461 (0.0608)
2021-11-05 20:57:28,264 Test: [190/200]	Time 0.037 (0.043)	Loss 0.0250 (0.0606)
2021-11-05 20:57:29,374 Mean IoU score: 0.856
2021-11-05 20:57:29,375 => saving checkpoint to out
2021-11-05 20:57:30,181 Epoch: [11][0/200]	Time 0.782s (0.782s)	Speed 40.9 samples/s	Data 0.100s (0.100s)	Loss 0.00844 (0.00844)
2021-11-05 20:57:36,019 Epoch: [11][10/200]	Time 0.561s (0.602s)	Speed 57.0 samples/s	Data 0.000s (0.009s)	Loss 0.01007 (0.00902)
2021-11-05 20:57:41,810 Epoch: [11][20/200]	Time 0.580s (0.591s)	Speed 55.2 samples/s	Data 0.000s (0.005s)	Loss 0.01188 (0.00913)
2021-11-05 20:57:47,542 Epoch: [11][30/200]	Time 0.519s (0.585s)	Speed 61.6 samples/s	Data 0.000s (0.003s)	Loss 0.00850 (0.00923)
2021-11-05 20:57:53,024 Epoch: [11][40/200]	Time 0.524s (0.576s)	Speed 61.1 samples/s	Data 0.000s (0.003s)	Loss 0.01288 (0.00940)
2021-11-05 20:57:58,373 Epoch: [11][50/200]	Time 0.549s (0.568s)	Speed 58.3 samples/s	Data 0.000s (0.002s)	Loss 0.00916 (0.00951)
2021-11-05 20:58:04,141 Epoch: [11][60/200]	Time 0.599s (0.570s)	Speed 53.4 samples/s	Data 0.000s (0.002s)	Loss 0.00995 (0.00955)
2021-11-05 20:58:09,847 Epoch: [11][70/200]	Time 0.569s (0.570s)	Speed 56.2 samples/s	Data 0.000s (0.002s)	Loss 0.01049 (0.00944)
2021-11-05 20:58:15,571 Epoch: [11][80/200]	Time 0.585s (0.570s)	Speed 54.7 samples/s	Data 0.000s (0.001s)	Loss 0.00887 (0.00941)
2021-11-05 20:58:21,315 Epoch: [11][90/200]	Time 0.576s (0.570s)	Speed 55.5 samples/s	Data 0.000s (0.001s)	Loss 0.00906 (0.00938)
2021-11-05 20:58:27,264 Epoch: [11][100/200]	Time 0.583s (0.573s)	Speed 54.9 samples/s	Data 0.000s (0.001s)	Loss 0.00973 (0.00941)
2021-11-05 20:58:33,092 Epoch: [11][110/200]	Time 0.584s (0.574s)	Speed 54.8 samples/s	Data 0.000s (0.001s)	Loss 0.01093 (0.00937)
2021-11-05 20:58:38,915 Epoch: [11][120/200]	Time 0.576s (0.575s)	Speed 55.6 samples/s	Data 0.000s (0.001s)	Loss 0.00821 (0.00938)
2021-11-05 20:58:44,617 Epoch: [11][130/200]	Time 0.558s (0.574s)	Speed 57.3 samples/s	Data 0.000s (0.001s)	Loss 0.00879 (0.00938)
2021-11-05 20:58:50,225 Epoch: [11][140/200]	Time 0.556s (0.573s)	Speed 57.6 samples/s	Data 0.000s (0.001s)	Loss 0.01226 (0.00946)
2021-11-05 20:58:55,855 Epoch: [11][150/200]	Time 0.571s (0.573s)	Speed 56.0 samples/s	Data 0.000s (0.001s)	Loss 0.01137 (0.00945)
2021-11-05 20:59:01,685 Epoch: [11][160/200]	Time 0.549s (0.573s)	Speed 58.3 samples/s	Data 0.000s (0.001s)	Loss 0.01047 (0.00946)
2021-11-05 20:59:07,246 Epoch: [11][170/200]	Time 0.572s (0.572s)	Speed 55.9 samples/s	Data 0.000s (0.001s)	Loss 0.01154 (0.00950)
2021-11-05 20:59:12,907 Epoch: [11][180/200]	Time 0.600s (0.572s)	Speed 53.4 samples/s	Data 0.000s (0.001s)	Loss 0.00894 (0.00951)
2021-11-05 20:59:18,721 Epoch: [11][190/200]	Time 0.549s (0.572s)	Speed 58.3 samples/s	Data 0.000s (0.001s)	Loss 0.00959 (0.00951)
2021-11-05 20:59:23,859 Test: [0/200]	Time 0.071 (0.071)	Loss 0.0549 (0.0549)
2021-11-05 20:59:24,252 Test: [10/200]	Time 0.040 (0.042)	Loss 0.0274 (0.0506)
2021-11-05 20:59:24,646 Test: [20/200]	Time 0.037 (0.041)	Loss 0.0228 (0.0509)
2021-11-05 20:59:25,001 Test: [30/200]	Time 0.032 (0.039)	Loss 0.0660 (0.0557)
2021-11-05 20:59:25,362 Test: [40/200]	Time 0.032 (0.038)	Loss 0.0379 (0.0579)
2021-11-05 20:59:25,733 Test: [50/200]	Time 0.037 (0.038)	Loss 0.0916 (0.0578)
2021-11-05 20:59:26,099 Test: [60/200]	Time 0.034 (0.038)	Loss 0.0984 (0.0602)
2021-11-05 20:59:26,451 Test: [70/200]	Time 0.034 (0.037)	Loss 0.0468 (0.0605)
2021-11-05 20:59:26,817 Test: [80/200]	Time 0.037 (0.037)	Loss 0.0931 (0.0593)
2021-11-05 20:59:27,184 Test: [90/200]	Time 0.037 (0.037)	Loss 0.0751 (0.0606)
2021-11-05 20:59:27,591 Test: [100/200]	Time 0.035 (0.038)	Loss 0.1008 (0.0606)
2021-11-05 20:59:27,965 Test: [110/200]	Time 0.035 (0.038)	Loss 0.1580 (0.0614)
2021-11-05 20:59:28,336 Test: [120/200]	Time 0.038 (0.038)	Loss 0.0694 (0.0603)
2021-11-05 20:59:28,704 Test: [130/200]	Time 0.036 (0.038)	Loss 0.0442 (0.0602)
2021-11-05 20:59:29,059 Test: [140/200]	Time 0.034 (0.037)	Loss 0.0533 (0.0598)
2021-11-05 20:59:29,450 Test: [150/200]	Time 0.042 (0.037)	Loss 0.0670 (0.0588)
2021-11-05 20:59:29,945 Test: [160/200]	Time 0.048 (0.038)	Loss 0.0592 (0.0593)
2021-11-05 20:59:30,375 Test: [170/200]	Time 0.038 (0.039)	Loss 0.0467 (0.0588)
2021-11-05 20:59:30,795 Test: [180/200]	Time 0.037 (0.039)	Loss 0.0406 (0.0585)
2021-11-05 20:59:31,167 Test: [190/200]	Time 0.036 (0.039)	Loss 0.0232 (0.0583)
2021-11-05 20:59:32,234 Mean IoU score: 0.861
2021-11-05 20:59:32,234 => saving checkpoint to out
2021-11-05 20:59:33,020 Epoch: [12][0/200]	Time 0.750s (0.750s)	Speed 42.7 samples/s	Data 0.101s (0.101s)	Loss 0.01111 (0.01111)
2021-11-05 20:59:38,771 Epoch: [12][10/200]	Time 0.556s (0.591s)	Speed 57.5 samples/s	Data 0.000s (0.009s)	Loss 0.01048 (0.00991)
2021-11-05 20:59:44,561 Epoch: [12][20/200]	Time 0.530s (0.585s)	Speed 60.4 samples/s	Data 0.000s (0.005s)	Loss 0.01043 (0.00916)
2021-11-05 20:59:50,292 Epoch: [12][30/200]	Time 0.559s (0.581s)	Speed 57.3 samples/s	Data 0.000s (0.003s)	Loss 0.00945 (0.00903)
2021-11-05 20:59:56,247 Epoch: [12][40/200]	Time 0.598s (0.585s)	Speed 53.5 samples/s	Data 0.000s (0.003s)	Loss 0.00906 (0.00900)
2021-11-05 21:00:02,264 Epoch: [12][50/200]	Time 0.655s (0.588s)	Speed 48.8 samples/s	Data 0.000s (0.002s)	Loss 0.00864 (0.00892)
2021-11-05 21:00:07,680 Epoch: [12][60/200]	Time 0.506s (0.580s)	Speed 63.3 samples/s	Data 0.000s (0.002s)	Loss 0.00720 (0.00894)
2021-11-05 21:00:12,734 Epoch: [12][70/200]	Time 0.505s (0.570s)	Speed 63.4 samples/s	Data 0.000s (0.002s)	Loss 0.00935 (0.00889)
2021-11-05 21:00:17,830 Epoch: [12][80/200]	Time 0.523s (0.562s)	Speed 61.1 samples/s	Data 0.000s (0.001s)	Loss 0.00957 (0.00896)
2021-11-05 21:00:22,886 Epoch: [12][90/200]	Time 0.510s (0.556s)	Speed 62.7 samples/s	Data 0.000s (0.001s)	Loss 0.00712 (0.00896)
2021-11-05 21:00:27,870 Epoch: [12][100/200]	Time 0.494s (0.550s)	Speed 64.8 samples/s	Data 0.000s (0.001s)	Loss 0.00865 (0.00890)
2021-11-05 21:00:32,908 Epoch: [12][110/200]	Time 0.503s (0.546s)	Speed 63.7 samples/s	Data 0.000s (0.001s)	Loss 0.00727 (0.00894)
2021-11-05 21:00:37,999 Epoch: [12][120/200]	Time 0.511s (0.543s)	Speed 62.7 samples/s	Data 0.000s (0.001s)	Loss 0.00773 (0.00890)
2021-11-05 21:00:43,069 Epoch: [12][130/200]	Time 0.495s (0.540s)	Speed 64.7 samples/s	Data 0.000s (0.001s)	Loss 0.00936 (0.00891)
2021-11-05 21:00:48,172 Epoch: [12][140/200]	Time 0.516s (0.538s)	Speed 62.1 samples/s	Data 0.000s (0.001s)	Loss 0.00863 (0.00891)
2021-11-05 21:00:53,614 Epoch: [12][150/200]	Time 0.532s (0.539s)	Speed 60.2 samples/s	Data 0.000s (0.001s)	Loss 0.00870 (0.00891)
2021-11-05 21:00:58,700 Epoch: [12][160/200]	Time 0.515s (0.537s)	Speed 62.1 samples/s	Data 0.000s (0.001s)	Loss 0.01037 (0.00889)
2021-11-05 21:01:03,773 Epoch: [12][170/200]	Time 0.509s (0.535s)	Speed 62.9 samples/s	Data 0.000s (0.001s)	Loss 0.00784 (0.00890)
2021-11-05 21:01:09,188 Epoch: [12][180/200]	Time 0.542s (0.535s)	Speed 59.0 samples/s	Data 0.000s (0.001s)	Loss 0.00752 (0.00890)
2021-11-05 21:01:14,244 Epoch: [12][190/200]	Time 0.502s (0.534s)	Speed 63.8 samples/s	Data 0.000s (0.001s)	Loss 0.00735 (0.00886)
2021-11-05 21:01:19,224 Test: [0/200]	Time 0.089 (0.089)	Loss 0.0856 (0.0856)
2021-11-05 21:01:19,672 Test: [10/200]	Time 0.036 (0.049)	Loss 0.0257 (0.0523)
2021-11-05 21:01:20,056 Test: [20/200]	Time 0.037 (0.044)	Loss 0.0281 (0.0536)
2021-11-05 21:01:20,445 Test: [30/200]	Time 0.035 (0.042)	Loss 0.0879 (0.0584)
2021-11-05 21:01:20,810 Test: [40/200]	Time 0.035 (0.041)	Loss 0.0425 (0.0601)
2021-11-05 21:01:21,173 Test: [50/200]	Time 0.034 (0.040)	Loss 0.0816 (0.0599)
2021-11-05 21:01:21,575 Test: [60/200]	Time 0.036 (0.040)	Loss 0.1026 (0.0625)
2021-11-05 21:01:21,949 Test: [70/200]	Time 0.036 (0.040)	Loss 0.0547 (0.0626)
2021-11-05 21:01:22,317 Test: [80/200]	Time 0.038 (0.039)	Loss 0.0773 (0.0612)
2021-11-05 21:01:22,750 Test: [90/200]	Time 0.042 (0.040)	Loss 0.0818 (0.0627)
2021-11-05 21:01:23,139 Test: [100/200]	Time 0.036 (0.040)	Loss 0.0852 (0.0625)
2021-11-05 21:01:23,522 Test: [110/200]	Time 0.036 (0.040)	Loss 0.1639 (0.0632)
2021-11-05 21:01:23,915 Test: [120/200]	Time 0.038 (0.039)	Loss 0.0688 (0.0625)
2021-11-05 21:01:24,305 Test: [130/200]	Time 0.039 (0.039)	Loss 0.0488 (0.0624)
2021-11-05 21:01:24,682 Test: [140/200]	Time 0.036 (0.039)	Loss 0.0592 (0.0621)
2021-11-05 21:01:25,086 Test: [150/200]	Time 0.043 (0.039)	Loss 0.0777 (0.0614)
2021-11-05 21:01:25,521 Test: [160/200]	Time 0.038 (0.040)	Loss 0.0709 (0.0619)
2021-11-05 21:01:25,927 Test: [170/200]	Time 0.039 (0.040)	Loss 0.0403 (0.0613)
2021-11-05 21:01:26,334 Test: [180/200]	Time 0.040 (0.040)	Loss 0.0519 (0.0609)
2021-11-05 21:01:26,726 Test: [190/200]	Time 0.038 (0.040)	Loss 0.0226 (0.0606)
2021-11-05 21:01:27,759 Mean IoU score: 0.857
2021-11-05 21:01:27,759 => saving checkpoint to out
2021-11-05 21:01:28,499 Epoch: [13][0/200]	Time 0.713s (0.713s)	Speed 44.9 samples/s	Data 0.092s (0.092s)	Loss 0.00588 (0.00588)
2021-11-05 21:01:34,380 Epoch: [13][10/200]	Time 0.560s (0.599s)	Speed 57.2 samples/s	Data 0.000s (0.009s)	Loss 0.00694 (0.00841)
2021-11-05 21:01:40,411 Epoch: [13][20/200]	Time 0.662s (0.601s)	Speed 48.3 samples/s	Data 0.000s (0.005s)	Loss 0.00614 (0.00792)
2021-11-05 21:01:46,264 Epoch: [13][30/200]	Time 0.598s (0.596s)	Speed 53.5 samples/s	Data 0.000s (0.003s)	Loss 0.00743 (0.00811)
2021-11-05 21:01:52,294 Epoch: [13][40/200]	Time 0.593s (0.598s)	Speed 54.0 samples/s	Data 0.000s (0.002s)	Loss 0.00932 (0.00817)
2021-11-05 21:01:58,230 Epoch: [13][50/200]	Time 0.616s (0.597s)	Speed 52.0 samples/s	Data 0.000s (0.002s)	Loss 0.00864 (0.00810)
2021-11-05 21:02:04,092 Epoch: [13][60/200]	Time 0.540s (0.595s)	Speed 59.3 samples/s	Data 0.000s (0.002s)	Loss 0.00935 (0.00811)
2021-11-05 21:02:09,567 Epoch: [13][70/200]	Time 0.512s (0.588s)	Speed 62.5 samples/s	Data 0.000s (0.002s)	Loss 0.00905 (0.00802)
2021-11-05 21:02:15,059 Epoch: [13][80/200]	Time 0.501s (0.584s)	Speed 63.9 samples/s	Data 0.000s (0.001s)	Loss 0.00976 (0.00810)
2021-11-05 21:02:20,381 Epoch: [13][90/200]	Time 0.524s (0.578s)	Speed 61.1 samples/s	Data 0.000s (0.001s)	Loss 0.01027 (0.00817)
2021-11-05 21:02:25,809 Epoch: [13][100/200]	Time 0.567s (0.574s)	Speed 56.4 samples/s	Data 0.000s (0.001s)	Loss 0.00601 (0.00817)
2021-11-05 21:02:31,171 Epoch: [13][110/200]	Time 0.546s (0.571s)	Speed 58.6 samples/s	Data 0.000s (0.001s)	Loss 0.00836 (0.00820)
2021-11-05 21:02:36,681 Epoch: [13][120/200]	Time 0.498s (0.569s)	Speed 64.2 samples/s	Data 0.000s (0.001s)	Loss 0.00789 (0.00818)
2021-11-05 21:02:41,894 Epoch: [13][130/200]	Time 0.498s (0.566s)	Speed 64.2 samples/s	Data 0.000s (0.001s)	Loss 0.00920 (0.00815)
2021-11-05 21:02:46,959 Epoch: [13][140/200]	Time 0.507s (0.562s)	Speed 63.1 samples/s	Data 0.000s (0.001s)	Loss 0.00929 (0.00818)
2021-11-05 21:02:51,977 Epoch: [13][150/200]	Time 0.514s (0.558s)	Speed 62.3 samples/s	Data 0.000s (0.001s)	Loss 0.00659 (0.00813)
2021-11-05 21:02:57,061 Epoch: [13][160/200]	Time 0.493s (0.555s)	Speed 64.9 samples/s	Data 0.000s (0.001s)	Loss 0.00855 (0.00812)
2021-11-05 21:03:02,235 Epoch: [13][170/200]	Time 0.522s (0.552s)	Speed 61.3 samples/s	Data 0.000s (0.001s)	Loss 0.00923 (0.00812)
2021-11-05 21:03:08,836 Epoch: [13][180/200]	Time 0.581s (0.558s)	Speed 55.1 samples/s	Data 0.000s (0.001s)	Loss 0.00787 (0.00810)
2021-11-05 21:03:14,852 Epoch: [13][190/200]	Time 0.601s (0.561s)	Speed 53.3 samples/s	Data 0.000s (0.001s)	Loss 0.00759 (0.00808)
2021-11-05 21:03:20,310 Test: [0/200]	Time 0.085 (0.085)	Loss 0.0747 (0.0747)
2021-11-05 21:03:20,778 Test: [10/200]	Time 0.038 (0.050)	Loss 0.0183 (0.0492)
2021-11-05 21:03:21,117 Test: [20/200]	Time 0.032 (0.042)	Loss 0.0326 (0.0520)
2021-11-05 21:03:21,527 Test: [30/200]	Time 0.039 (0.042)	Loss 0.0775 (0.0585)
2021-11-05 21:03:21,916 Test: [40/200]	Time 0.033 (0.041)	Loss 0.0422 (0.0613)
2021-11-05 21:03:22,292 Test: [50/200]	Time 0.041 (0.041)	Loss 0.1059 (0.0613)
2021-11-05 21:03:22,672 Test: [60/200]	Time 0.037 (0.040)	Loss 0.1153 (0.0640)
2021-11-05 21:03:23,045 Test: [70/200]	Time 0.036 (0.040)	Loss 0.0546 (0.0643)
2021-11-05 21:03:23,450 Test: [80/200]	Time 0.057 (0.040)	Loss 0.0853 (0.0630)
2021-11-05 21:03:23,859 Test: [90/200]	Time 0.035 (0.040)	Loss 0.1034 (0.0646)
2021-11-05 21:03:24,252 Test: [100/200]	Time 0.054 (0.040)	Loss 0.1163 (0.0647)
2021-11-05 21:03:24,852 Test: [110/200]	Time 0.047 (0.042)	Loss 0.1604 (0.0655)
2021-11-05 21:03:25,288 Test: [120/200]	Time 0.040 (0.042)	Loss 0.0763 (0.0647)
2021-11-05 21:03:25,771 Test: [130/200]	Time 0.049 (0.042)	Loss 0.0528 (0.0644)
2021-11-05 21:03:26,219 Test: [140/200]	Time 0.043 (0.042)	Loss 0.0615 (0.0641)
2021-11-05 21:03:26,630 Test: [150/200]	Time 0.038 (0.042)	Loss 0.0562 (0.0628)
2021-11-05 21:03:27,063 Test: [160/200]	Time 0.055 (0.042)	Loss 0.0665 (0.0633)
2021-11-05 21:03:27,534 Test: [170/200]	Time 0.044 (0.043)	Loss 0.0411 (0.0626)
2021-11-05 21:03:28,036 Test: [180/200]	Time 0.047 (0.043)	Loss 0.0447 (0.0623)
2021-11-05 21:03:28,489 Test: [190/200]	Time 0.047 (0.043)	Loss 0.0225 (0.0621)
2021-11-05 21:03:29,862 Mean IoU score: 0.854
2021-11-05 21:03:29,863 => saving checkpoint to out
2021-11-05 21:03:30,777 Epoch: [14][0/200]	Time 0.896s (0.896s)	Speed 35.7 samples/s	Data 0.139s (0.139s)	Loss 0.00634 (0.00634)
2021-11-05 21:03:38,166 Epoch: [14][10/200]	Time 0.758s (0.753s)	Speed 42.2 samples/s	Data 0.000s (0.013s)	Loss 0.00608 (0.00727)
2021-11-05 21:03:45,725 Epoch: [14][20/200]	Time 0.724s (0.754s)	Speed 44.2 samples/s	Data 0.000s (0.007s)	Loss 0.00697 (0.00730)
2021-11-05 21:03:52,554 Epoch: [14][30/200]	Time 0.603s (0.731s)	Speed 53.1 samples/s	Data 0.000s (0.005s)	Loss 0.00740 (0.00703)
2021-11-05 21:03:58,243 Epoch: [14][40/200]	Time 0.549s (0.692s)	Speed 58.3 samples/s	Data 0.000s (0.004s)	Loss 0.00618 (0.00713)
2021-11-05 21:04:04,126 Epoch: [14][50/200]	Time 0.599s (0.671s)	Speed 53.4 samples/s	Data 0.000s (0.003s)	Loss 0.00944 (0.00734)
2021-11-05 21:04:10,152 Epoch: [14][60/200]	Time 0.580s (0.660s)	Speed 55.1 samples/s	Data 0.000s (0.003s)	Loss 0.00667 (0.00734)
2021-11-05 21:04:16,161 Epoch: [14][70/200]	Time 0.567s (0.652s)	Speed 56.4 samples/s	Data 0.000s (0.002s)	Loss 0.00732 (0.00744)
2021-11-05 21:04:21,832 Epoch: [14][80/200]	Time 0.576s (0.641s)	Speed 55.6 samples/s	Data 0.000s (0.002s)	Loss 0.00874 (0.00742)
2021-11-05 21:04:27,477 Epoch: [14][90/200]	Time 0.554s (0.633s)	Speed 57.7 samples/s	Data 0.000s (0.002s)	Loss 0.00801 (0.00753)
2021-11-05 21:04:33,098 Epoch: [14][100/200]	Time 0.565s (0.626s)	Speed 56.7 samples/s	Data 0.000s (0.002s)	Loss 0.00999 (0.00756)
2021-11-05 21:04:38,801 Epoch: [14][110/200]	Time 0.546s (0.621s)	Speed 58.6 samples/s	Data 0.000s (0.002s)	Loss 0.00639 (0.00763)
2021-11-05 21:04:44,027 Epoch: [14][120/200]	Time 0.523s (0.613s)	Speed 61.1 samples/s	Data 0.000s (0.001s)	Loss 0.00744 (0.00763)
2021-11-05 21:04:49,258 Epoch: [14][130/200]	Time 0.518s (0.606s)	Speed 61.8 samples/s	Data 0.000s (0.001s)	Loss 0.00653 (0.00761)
2021-11-05 21:04:55,417 Epoch: [14][140/200]	Time 0.665s (0.607s)	Speed 48.2 samples/s	Data 0.000s (0.001s)	Loss 0.00611 (0.00765)
2021-11-05 21:05:01,173 Epoch: [14][150/200]	Time 0.569s (0.605s)	Speed 56.3 samples/s	Data 0.000s (0.001s)	Loss 0.00746 (0.00765)
2021-11-05 21:05:07,113 Epoch: [14][160/200]	Time 0.610s (0.604s)	Speed 52.4 samples/s	Data 0.000s (0.001s)	Loss 0.00667 (0.00768)
2021-11-05 21:05:13,065 Epoch: [14][170/200]	Time 0.598s (0.603s)	Speed 53.5 samples/s	Data 0.000s (0.001s)	Loss 0.00860 (0.00771)
2021-11-05 21:05:18,798 Epoch: [14][180/200]	Time 0.561s (0.602s)	Speed 57.0 samples/s	Data 0.000s (0.001s)	Loss 0.00854 (0.00767)
2021-11-05 21:05:24,770 Epoch: [14][190/200]	Time 0.613s (0.602s)	Speed 52.2 samples/s	Data 0.000s (0.001s)	Loss 0.00823 (0.00770)
2021-11-05 21:05:30,162 Test: [0/200]	Time 0.075 (0.075)	Loss 0.0702 (0.0702)
2021-11-05 21:05:30,561 Test: [10/200]	Time 0.039 (0.043)	Loss 0.0119 (0.0500)
2021-11-05 21:05:30,959 Test: [20/200]	Time 0.039 (0.042)	Loss 0.0284 (0.0510)
2021-11-05 21:05:31,379 Test: [30/200]	Time 0.040 (0.042)	Loss 0.0669 (0.0565)
2021-11-05 21:05:31,838 Test: [40/200]	Time 0.044 (0.043)	Loss 0.0390 (0.0588)
2021-11-05 21:05:32,243 Test: [50/200]	Time 0.040 (0.042)	Loss 0.0968 (0.0587)
2021-11-05 21:05:32,653 Test: [60/200]	Time 0.038 (0.042)	Loss 0.1132 (0.0615)
2021-11-05 21:05:33,062 Test: [70/200]	Time 0.038 (0.042)	Loss 0.0495 (0.0611)
2021-11-05 21:05:33,476 Test: [80/200]	Time 0.038 (0.042)	Loss 0.0997 (0.0603)
2021-11-05 21:05:33,879 Test: [90/200]	Time 0.038 (0.042)	Loss 0.0928 (0.0620)
2021-11-05 21:05:34,271 Test: [100/200]	Time 0.038 (0.041)	Loss 0.1122 (0.0623)
2021-11-05 21:05:34,656 Test: [110/200]	Time 0.037 (0.041)	Loss 0.1569 (0.0634)
2021-11-05 21:05:35,055 Test: [120/200]	Time 0.038 (0.041)	Loss 0.0713 (0.0622)
2021-11-05 21:05:35,448 Test: [130/200]	Time 0.042 (0.041)	Loss 0.0439 (0.0623)
2021-11-05 21:05:35,838 Test: [140/200]	Time 0.037 (0.041)	Loss 0.0698 (0.0621)
2021-11-05 21:05:36,231 Test: [150/200]	Time 0.039 (0.041)	Loss 0.0592 (0.0610)
2021-11-05 21:05:36,663 Test: [160/200]	Time 0.043 (0.041)	Loss 0.0590 (0.0615)
2021-11-05 21:05:37,123 Test: [170/200]	Time 0.044 (0.041)	Loss 0.0414 (0.0608)
2021-11-05 21:05:37,522 Test: [180/200]	Time 0.038 (0.041)	Loss 0.0454 (0.0605)
2021-11-05 21:05:37,915 Test: [190/200]	Time 0.038 (0.041)	Loss 0.0223 (0.0603)
2021-11-05 21:05:39,006 Mean IoU score: 0.858
2021-11-05 21:05:39,007 => saving checkpoint to out
2021-11-05 21:05:39,799 Epoch: [15][0/200]	Time 0.775s (0.775s)	Speed 41.3 samples/s	Data 0.100s (0.100s)	Loss 0.00665 (0.00665)
2021-11-05 21:05:45,546 Epoch: [15][10/200]	Time 0.559s (0.593s)	Speed 57.3 samples/s	Data 0.000s (0.009s)	Loss 0.00783 (0.00734)
2021-11-05 21:05:51,520 Epoch: [15][20/200]	Time 0.625s (0.595s)	Speed 51.2 samples/s	Data 0.000s (0.005s)	Loss 0.00670 (0.00720)
2021-11-05 21:05:57,630 Epoch: [15][30/200]	Time 0.572s (0.600s)	Speed 55.9 samples/s	Data 0.000s (0.003s)	Loss 0.00740 (0.00728)
2021-11-05 21:06:03,575 Epoch: [15][40/200]	Time 0.555s (0.599s)	Speed 57.7 samples/s	Data 0.000s (0.003s)	Loss 0.00843 (0.00719)
2021-11-05 21:06:09,252 Epoch: [15][50/200]	Time 0.564s (0.593s)	Speed 56.7 samples/s	Data 0.000s (0.002s)	Loss 0.00853 (0.00723)
2021-11-05 21:06:15,163 Epoch: [15][60/200]	Time 0.596s (0.592s)	Speed 53.7 samples/s	Data 0.000s (0.002s)	Loss 0.00685 (0.00734)
2021-11-05 21:06:21,061 Epoch: [15][70/200]	Time 0.575s (0.592s)	Speed 55.6 samples/s	Data 0.000s (0.002s)	Loss 0.00521 (0.00731)
2021-11-05 21:06:26,940 Epoch: [15][80/200]	Time 0.578s (0.592s)	Speed 55.4 samples/s	Data 0.000s (0.001s)	Loss 0.00699 (0.00726)
2021-11-05 21:06:32,596 Epoch: [15][90/200]	Time 0.562s (0.589s)	Speed 57.0 samples/s	Data 0.000s (0.001s)	Loss 0.00725 (0.00730)
2021-11-05 21:06:38,314 Epoch: [15][100/200]	Time 0.577s (0.587s)	Speed 55.5 samples/s	Data 0.000s (0.001s)	Loss 0.00889 (0.00736)
2021-11-05 21:06:43,957 Epoch: [15][110/200]	Time 0.592s (0.585s)	Speed 54.1 samples/s	Data 0.000s (0.001s)	Loss 0.00584 (0.00738)
2021-11-05 21:06:49,796 Epoch: [15][120/200]	Time 0.540s (0.585s)	Speed 59.2 samples/s	Data 0.000s (0.001s)	Loss 0.00842 (0.00740)
2021-11-05 21:06:55,317 Epoch: [15][130/200]	Time 0.569s (0.582s)	Speed 56.3 samples/s	Data 0.000s (0.001s)	Loss 0.00641 (0.00737)
2021-11-05 21:07:00,961 Epoch: [15][140/200]	Time 0.556s (0.581s)	Speed 57.5 samples/s	Data 0.000s (0.001s)	Loss 0.01071 (0.00739)
2021-11-05 21:07:07,019 Epoch: [15][150/200]	Time 0.594s (0.583s)	Speed 53.8 samples/s	Data 0.000s (0.001s)	Loss 0.00998 (0.00743)
2021-11-05 21:07:12,868 Epoch: [15][160/200]	Time 0.600s (0.583s)	Speed 53.3 samples/s	Data 0.000s (0.001s)	Loss 0.00722 (0.00742)
2021-11-05 21:07:18,669 Epoch: [15][170/200]	Time 0.588s (0.583s)	Speed 54.4 samples/s	Data 0.000s (0.001s)	Loss 0.00502 (0.00740)
2021-11-05 21:07:24,576 Epoch: [15][180/200]	Time 0.615s (0.583s)	Speed 52.1 samples/s	Data 0.000s (0.001s)	Loss 0.00628 (0.00739)
2021-11-05 21:07:30,348 Epoch: [15][190/200]	Time 0.654s (0.583s)	Speed 48.9 samples/s	Data 0.000s (0.001s)	Loss 0.00610 (0.00737)
2021-11-05 21:07:35,692 Test: [0/200]	Time 0.071 (0.071)	Loss 0.0936 (0.0936)
2021-11-05 21:07:36,071 Test: [10/200]	Time 0.036 (0.041)	Loss 0.0177 (0.0684)
2021-11-05 21:07:36,448 Test: [20/200]	Time 0.035 (0.039)	Loss 0.0372 (0.0699)
2021-11-05 21:07:36,831 Test: [30/200]	Time 0.036 (0.039)	Loss 0.1111 (0.0796)
2021-11-05 21:07:37,200 Test: [40/200]	Time 0.036 (0.038)	Loss 0.0530 (0.0821)
2021-11-05 21:07:37,575 Test: [50/200]	Time 0.036 (0.038)	Loss 0.1113 (0.0851)
2021-11-05 21:07:37,940 Test: [60/200]	Time 0.035 (0.038)	Loss 0.1569 (0.0902)
2021-11-05 21:07:38,311 Test: [70/200]	Time 0.036 (0.038)	Loss 0.0639 (0.0903)
2021-11-05 21:07:38,688 Test: [80/200]	Time 0.037 (0.038)	Loss 0.1273 (0.0886)
2021-11-05 21:07:39,077 Test: [90/200]	Time 0.037 (0.038)	Loss 0.1604 (0.0901)
2021-11-05 21:07:39,451 Test: [100/200]	Time 0.036 (0.038)	Loss 0.1907 (0.0894)
2021-11-05 21:07:39,846 Test: [110/200]	Time 0.038 (0.038)	Loss 0.2218 (0.0914)
2021-11-05 21:07:40,233 Test: [120/200]	Time 0.040 (0.038)	Loss 0.1085 (0.0901)
2021-11-05 21:07:40,622 Test: [130/200]	Time 0.038 (0.038)	Loss 0.0410 (0.0901)
2021-11-05 21:07:41,001 Test: [140/200]	Time 0.035 (0.038)	Loss 0.0951 (0.0894)
2021-11-05 21:07:41,387 Test: [150/200]	Time 0.037 (0.038)	Loss 0.0608 (0.0877)
2021-11-05 21:07:41,780 Test: [160/200]	Time 0.038 (0.038)	Loss 0.1113 (0.0880)
2021-11-05 21:07:42,180 Test: [170/200]	Time 0.038 (0.038)	Loss 0.0575 (0.0870)
2021-11-05 21:07:42,578 Test: [180/200]	Time 0.038 (0.038)	Loss 0.0603 (0.0865)
2021-11-05 21:07:42,983 Test: [190/200]	Time 0.038 (0.039)	Loss 0.0249 (0.0860)
2021-11-05 21:07:44,091 Mean IoU score: 0.815
2021-11-05 21:07:44,092 => saving checkpoint to out
2021-11-05 21:07:44,910 Epoch: [16][0/200]	Time 0.789s (0.789s)	Speed 40.5 samples/s	Data 0.106s (0.106s)	Loss 0.00591 (0.00591)
2021-11-05 21:07:51,049 Epoch: [16][10/200]	Time 0.627s (0.630s)	Speed 51.0 samples/s	Data 0.000s (0.010s)	Loss 0.00799 (0.00744)
2021-11-05 21:07:56,730 Epoch: [16][20/200]	Time 0.585s (0.600s)	Speed 54.7 samples/s	Data 0.000s (0.005s)	Loss 0.00831 (0.00777)
2021-11-05 21:08:02,457 Epoch: [16][30/200]	Time 0.569s (0.591s)	Speed 56.2 samples/s	Data 0.000s (0.004s)	Loss 0.00747 (0.00768)
2021-11-05 21:08:08,103 Epoch: [16][40/200]	Time 0.564s (0.585s)	Speed 56.7 samples/s	Data 0.000s (0.003s)	Loss 0.00779 (0.00767)
2021-11-05 21:08:13,573 Epoch: [16][50/200]	Time 0.550s (0.578s)	Speed 58.1 samples/s	Data 0.000s (0.002s)	Loss 0.00858 (0.00761)
2021-11-05 21:08:19,012 Epoch: [16][60/200]	Time 0.539s (0.572s)	Speed 59.3 samples/s	Data 0.000s (0.002s)	Loss 0.00842 (0.00761)
2021-11-05 21:08:24,530 Epoch: [16][70/200]	Time 0.566s (0.569s)	Speed 56.5 samples/s	Data 0.000s (0.002s)	Loss 0.00671 (0.00759)
2021-11-05 21:08:30,087 Epoch: [16][80/200]	Time 0.545s (0.567s)	Speed 58.7 samples/s	Data 0.000s (0.002s)	Loss 0.00518 (0.00747)
2021-11-05 21:08:35,604 Epoch: [16][90/200]	Time 0.542s (0.566s)	Speed 59.0 samples/s	Data 0.000s (0.001s)	Loss 0.00799 (0.00755)
2021-11-05 21:08:41,135 Epoch: [16][100/200]	Time 0.556s (0.565s)	Speed 57.6 samples/s	Data 0.000s (0.001s)	Loss 0.00899 (0.00757)
2021-11-05 21:08:46,566 Epoch: [16][110/200]	Time 0.557s (0.563s)	Speed 57.5 samples/s	Data 0.000s (0.001s)	Loss 0.00701 (0.00755)
2021-11-05 21:08:52,067 Epoch: [16][120/200]	Time 0.566s (0.562s)	Speed 56.6 samples/s	Data 0.000s (0.001s)	Loss 0.00874 (0.00757)
2021-11-05 21:08:57,617 Epoch: [16][130/200]	Time 0.542s (0.561s)	Speed 59.1 samples/s	Data 0.000s (0.001s)	Loss 0.00722 (0.00750)
2021-11-05 21:09:03,308 Epoch: [16][140/200]	Time 0.558s (0.562s)	Speed 57.3 samples/s	Data 0.000s (0.001s)	Loss 0.00824 (0.00748)
2021-11-05 21:09:09,040 Epoch: [16][150/200]	Time 0.570s (0.562s)	Speed 56.2 samples/s	Data 0.000s (0.001s)	Loss 0.00730 (0.00746)
2021-11-05 21:09:14,718 Epoch: [16][160/200]	Time 0.571s (0.563s)	Speed 56.1 samples/s	Data 0.000s (0.001s)	Loss 0.00581 (0.00744)
2021-11-05 21:09:19,949 Epoch: [16][170/200]	Time 0.533s (0.560s)	Speed 60.0 samples/s	Data 0.000s (0.001s)	Loss 0.00885 (0.00744)
2021-11-05 21:09:25,179 Epoch: [16][180/200]	Time 0.520s (0.558s)	Speed 61.5 samples/s	Data 0.000s (0.001s)	Loss 0.00649 (0.00738)
2021-11-05 21:09:30,893 Epoch: [16][190/200]	Time 0.558s (0.559s)	Speed 57.3 samples/s	Data 0.000s (0.001s)	Loss 0.00640 (0.00737)
2021-11-05 21:09:36,068 Test: [0/200]	Time 0.071 (0.071)	Loss 0.0787 (0.0787)
2021-11-05 21:09:36,452 Test: [10/200]	Time 0.037 (0.041)	Loss 0.0219 (0.0541)
2021-11-05 21:09:36,817 Test: [20/200]	Time 0.035 (0.039)	Loss 0.0260 (0.0564)
2021-11-05 21:09:37,192 Test: [30/200]	Time 0.037 (0.039)	Loss 0.0702 (0.0617)
2021-11-05 21:09:37,578 Test: [40/200]	Time 0.039 (0.039)	Loss 0.0479 (0.0637)
2021-11-05 21:09:37,983 Test: [50/200]	Time 0.040 (0.039)	Loss 0.1080 (0.0631)
2021-11-05 21:09:38,370 Test: [60/200]	Time 0.036 (0.039)	Loss 0.1141 (0.0659)
2021-11-05 21:09:38,766 Test: [70/200]	Time 0.037 (0.039)	Loss 0.0474 (0.0657)
2021-11-05 21:09:39,165 Test: [80/200]	Time 0.039 (0.039)	Loss 0.0755 (0.0641)
2021-11-05 21:09:39,557 Test: [90/200]	Time 0.038 (0.039)	Loss 0.0918 (0.0658)
2021-11-05 21:09:39,937 Test: [100/200]	Time 0.036 (0.039)	Loss 0.0968 (0.0654)
2021-11-05 21:09:40,299 Test: [110/200]	Time 0.036 (0.039)	Loss 0.1679 (0.0664)
2021-11-05 21:09:40,677 Test: [120/200]	Time 0.038 (0.039)	Loss 0.0525 (0.0652)
2021-11-05 21:09:41,077 Test: [130/200]	Time 0.039 (0.039)	Loss 0.0633 (0.0653)
2021-11-05 21:09:41,457 Test: [140/200]	Time 0.037 (0.039)	Loss 0.0671 (0.0646)
2021-11-05 21:09:41,870 Test: [150/200]	Time 0.048 (0.039)	Loss 0.0495 (0.0632)
2021-11-05 21:09:42,368 Test: [160/200]	Time 0.045 (0.040)	Loss 0.0972 (0.0640)
2021-11-05 21:09:42,827 Test: [170/200]	Time 0.037 (0.040)	Loss 0.0296 (0.0632)
2021-11-05 21:09:43,222 Test: [180/200]	Time 0.036 (0.040)	Loss 0.0380 (0.0629)
2021-11-05 21:09:43,621 Test: [190/200]	Time 0.038 (0.040)	Loss 0.0248 (0.0627)
2021-11-05 21:09:44,723 Mean IoU score: 0.855
2021-11-05 21:09:44,723 => saving checkpoint to out
2021-11-05 21:09:45,520 Epoch: [17][0/200]	Time 0.780s (0.780s)	Speed 41.0 samples/s	Data 0.103s (0.103s)	Loss 0.00698 (0.00698)
2021-11-05 21:09:51,313 Epoch: [17][10/200]	Time 0.572s (0.598s)	Speed 56.0 samples/s	Data 0.000s (0.010s)	Loss 0.00718 (0.00628)
2021-11-05 21:09:56,906 Epoch: [17][20/200]	Time 0.570s (0.579s)	Speed 56.2 samples/s	Data 0.000s (0.005s)	Loss 0.00688 (0.00653)
2021-11-05 21:10:02,450 Epoch: [17][30/200]	Time 0.549s (0.571s)	Speed 58.3 samples/s	Data 0.000s (0.004s)	Loss 0.00614 (0.00656)
2021-11-05 21:10:08,194 Epoch: [17][40/200]	Time 0.681s (0.572s)	Speed 47.0 samples/s	Data 0.000s (0.003s)	Loss 0.00717 (0.00674)
2021-11-05 21:10:13,788 Epoch: [17][50/200]	Time 0.551s (0.570s)	Speed 58.1 samples/s	Data 0.000s (0.002s)	Loss 0.00773 (0.00681)
2021-11-05 21:10:19,412 Epoch: [17][60/200]	Time 0.566s (0.568s)	Speed 56.5 samples/s	Data 0.000s (0.002s)	Loss 0.00820 (0.00682)
2021-11-05 21:10:25,189 Epoch: [17][70/200]	Time 0.550s (0.570s)	Speed 58.2 samples/s	Data 0.000s (0.002s)	Loss 0.00651 (0.00688)
2021-11-05 21:10:30,798 Epoch: [17][80/200]	Time 0.562s (0.569s)	Speed 57.0 samples/s	Data 0.000s (0.002s)	Loss 0.00850 (0.00689)
2021-11-05 21:10:36,336 Epoch: [17][90/200]	Time 0.548s (0.567s)	Speed 58.4 samples/s	Data 0.000s (0.001s)	Loss 0.00690 (0.00687)
2021-11-05 21:10:41,847 Epoch: [17][100/200]	Time 0.546s (0.565s)	Speed 58.6 samples/s	Data 0.000s (0.001s)	Loss 0.00571 (0.00683)
2021-11-05 21:10:47,405 Epoch: [17][110/200]	Time 0.577s (0.565s)	Speed 55.4 samples/s	Data 0.000s (0.001s)	Loss 0.00502 (0.00689)
2021-11-05 21:10:53,642 Epoch: [17][120/200]	Time 0.696s (0.569s)	Speed 45.9 samples/s	Data 0.000s (0.001s)	Loss 0.00630 (0.00687)
2021-11-05 21:10:59,455 Epoch: [17][130/200]	Time 0.568s (0.570s)	Speed 56.4 samples/s	Data 0.000s (0.001s)	Loss 0.00744 (0.00689)
2021-11-05 21:11:05,197 Epoch: [17][140/200]	Time 0.562s (0.571s)	Speed 57.0 samples/s	Data 0.000s (0.001s)	Loss 0.00619 (0.00687)
2021-11-05 21:11:10,903 Epoch: [17][150/200]	Time 0.561s (0.571s)	Speed 57.1 samples/s	Data 0.000s (0.001s)	Loss 0.00511 (0.00689)
2021-11-05 21:11:16,632 Epoch: [17][160/200]	Time 0.560s (0.571s)	Speed 57.2 samples/s	Data 0.000s (0.001s)	Loss 0.00708 (0.00692)
2021-11-05 21:11:22,359 Epoch: [17][170/200]	Time 0.571s (0.571s)	Speed 56.1 samples/s	Data 0.000s (0.001s)	Loss 0.00738 (0.00696)
2021-11-05 21:11:28,210 Epoch: [17][180/200]	Time 0.618s (0.572s)	Speed 51.8 samples/s	Data 0.000s (0.001s)	Loss 0.00626 (0.00695)
2021-11-05 21:11:33,764 Epoch: [17][190/200]	Time 0.643s (0.571s)	Speed 49.8 samples/s	Data 0.000s (0.001s)	Loss 0.00667 (0.00694)
2021-11-05 21:11:39,222 Test: [0/200]	Time 0.076 (0.076)	Loss 0.0559 (0.0559)
2021-11-05 21:11:39,626 Test: [10/200]	Time 0.040 (0.044)	Loss 0.0084 (0.0512)
2021-11-05 21:11:40,015 Test: [20/200]	Time 0.038 (0.041)	Loss 0.0267 (0.0547)
2021-11-05 21:11:40,445 Test: [30/200]	Time 0.038 (0.042)	Loss 0.0755 (0.0603)
2021-11-05 21:11:40,870 Test: [40/200]	Time 0.044 (0.042)	Loss 0.0582 (0.0648)
2021-11-05 21:11:41,311 Test: [50/200]	Time 0.037 (0.042)	Loss 0.0873 (0.0649)
2021-11-05 21:11:41,753 Test: [60/200]	Time 0.040 (0.043)	Loss 0.0855 (0.0672)
2021-11-05 21:11:42,154 Test: [70/200]	Time 0.038 (0.042)	Loss 0.0642 (0.0674)
2021-11-05 21:11:42,549 Test: [80/200]	Time 0.038 (0.042)	Loss 0.0671 (0.0659)
2021-11-05 21:11:42,989 Test: [90/200]	Time 0.038 (0.042)	Loss 0.0748 (0.0672)
2021-11-05 21:11:43,384 Test: [100/200]	Time 0.038 (0.042)	Loss 0.1386 (0.0683)
2021-11-05 21:11:43,774 Test: [110/200]	Time 0.038 (0.042)	Loss 0.1734 (0.0700)
2021-11-05 21:11:44,172 Test: [120/200]	Time 0.039 (0.042)	Loss 0.0907 (0.0685)
2021-11-05 21:11:44,570 Test: [130/200]	Time 0.039 (0.041)	Loss 0.0768 (0.0693)
2021-11-05 21:11:44,971 Test: [140/200]	Time 0.038 (0.041)	Loss 0.0848 (0.0688)
2021-11-05 21:11:45,373 Test: [150/200]	Time 0.039 (0.041)	Loss 0.0517 (0.0674)
2021-11-05 21:11:45,784 Test: [160/200]	Time 0.039 (0.041)	Loss 0.0706 (0.0672)
2021-11-05 21:11:46,183 Test: [170/200]	Time 0.042 (0.041)	Loss 0.0794 (0.0668)
2021-11-05 21:11:46,593 Test: [180/200]	Time 0.038 (0.041)	Loss 0.0516 (0.0662)
2021-11-05 21:11:46,993 Test: [190/200]	Time 0.038 (0.041)	Loss 0.0228 (0.0658)
2021-11-05 21:11:48,084 Mean IoU score: 0.852
2021-11-05 21:11:48,091 => saving checkpoint to out
2021-11-05 21:11:48,939 Epoch: [18][0/200]	Time 0.820s (0.820s)	Speed 39.0 samples/s	Data 0.106s (0.106s)	Loss 0.00760 (0.00760)
2021-11-05 21:11:54,792 Epoch: [18][10/200]	Time 0.579s (0.607s)	Speed 55.3 samples/s	Data 0.000s (0.010s)	Loss 0.00615 (0.00681)
2021-11-05 21:12:00,731 Epoch: [18][20/200]	Time 0.569s (0.601s)	Speed 56.2 samples/s	Data 0.000s (0.005s)	Loss 0.00953 (0.00697)
2021-11-05 21:12:06,617 Epoch: [18][30/200]	Time 0.583s (0.597s)	Speed 54.9 samples/s	Data 0.000s (0.004s)	Loss 0.00861 (0.00699)
2021-11-05 21:12:12,486 Epoch: [18][40/200]	Time 0.632s (0.594s)	Speed 50.7 samples/s	Data 0.000s (0.003s)	Loss 0.00988 (0.00715)
2021-11-05 21:12:18,549 Epoch: [18][50/200]	Time 0.605s (0.597s)	Speed 52.9 samples/s	Data 0.000s (0.002s)	Loss 0.00651 (0.00714)
2021-11-05 21:12:24,025 Epoch: [18][60/200]	Time 0.540s (0.589s)	Speed 59.3 samples/s	Data 0.000s (0.002s)	Loss 0.00498 (0.00714)
2021-11-05 21:12:29,944 Epoch: [18][70/200]	Time 0.634s (0.589s)	Speed 50.5 samples/s	Data 0.000s (0.002s)	Loss 0.00780 (0.00714)
2021-11-05 21:12:35,773 Epoch: [18][80/200]	Time 0.585s (0.588s)	Speed 54.7 samples/s	Data 0.000s (0.002s)	Loss 0.00702 (0.00712)
2021-11-05 21:12:41,784 Epoch: [18][90/200]	Time 0.569s (0.590s)	Speed 56.2 samples/s	Data 0.000s (0.001s)	Loss 0.00666 (0.00724)
2021-11-05 21:12:47,865 Epoch: [18][100/200]	Time 0.625s (0.592s)	Speed 51.2 samples/s	Data 0.001s (0.001s)	Loss 0.00843 (0.00729)
2021-11-05 21:12:54,047 Epoch: [18][110/200]	Time 0.582s (0.594s)	Speed 55.0 samples/s	Data 0.000s (0.001s)	Loss 0.01254 (0.00750)
2021-11-05 21:13:00,080 Epoch: [18][120/200]	Time 0.669s (0.595s)	Speed 47.9 samples/s	Data 0.000s (0.001s)	Loss 0.01285 (0.00787)
2021-11-05 21:13:05,732 Epoch: [18][130/200]	Time 0.576s (0.592s)	Speed 55.6 samples/s	Data 0.000s (0.001s)	Loss 0.01839 (0.00842)
2021-11-05 21:13:11,484 Epoch: [18][140/200]	Time 0.550s (0.591s)	Speed 58.1 samples/s	Data 0.000s (0.001s)	Loss 0.01432 (0.00912)
