2021-11-05 17:42:43,717 Namespace(eval_interval=1, frequent=10, gpus='', num_workers=4, out_dir='out')
2021-11-05 17:42:43,727 => load 200 samples
2021-11-05 17:42:43,728 => load 200 samples
2021-11-05 17:42:46,439 Epoch: [0][0/200]	Time 2.710s (2.710s)	Speed 11.8 samples/s	Data 2.083s (2.083s)	Loss 2.53597 (2.53597)
2021-11-05 17:42:52,012 Epoch: [0][10/200]	Time 0.546s (0.753s)	Speed 58.6 samples/s	Data 0.000s (0.190s)	Loss 2.05253 (2.26270)
2021-11-05 17:42:57,598 Epoch: [0][20/200]	Time 0.565s (0.660s)	Speed 56.7 samples/s	Data 0.000s (0.099s)	Loss 1.76608 (2.08507)
2021-11-05 17:43:03,145 Epoch: [0][30/200]	Time 0.505s (0.626s)	Speed 63.4 samples/s	Data 0.000s (0.067s)	Loss 1.51170 (1.93446)
2021-11-05 17:43:08,244 Epoch: [0][40/200]	Time 0.512s (0.598s)	Speed 62.5 samples/s	Data 0.000s (0.051s)	Loss 1.28857 (1.80103)
2021-11-05 17:43:13,474 Epoch: [0][50/200]	Time 0.524s (0.583s)	Speed 61.1 samples/s	Data 0.000s (0.041s)	Loss 1.09603 (1.68003)
2021-11-05 17:43:18,725 Epoch: [0][60/200]	Time 0.518s (0.574s)	Speed 61.8 samples/s	Data 0.000s (0.034s)	Loss 0.92739 (1.56832)
2021-11-05 17:43:24,003 Epoch: [0][70/200]	Time 0.526s (0.567s)	Speed 60.8 samples/s	Data 0.000s (0.030s)	Loss 0.77163 (1.46648)
2021-11-05 17:43:29,234 Epoch: [0][80/200]	Time 0.509s (0.562s)	Speed 62.8 samples/s	Data 0.000s (0.026s)	Loss 0.65996 (1.37320)
2021-11-05 17:43:34,920 Epoch: [0][90/200]	Time 0.566s (0.563s)	Speed 56.5 samples/s	Data 0.000s (0.023s)	Loss 0.57953 (1.28909)
2021-11-05 17:43:40,608 Epoch: [0][100/200]	Time 0.556s (0.563s)	Speed 57.5 samples/s	Data 0.000s (0.021s)	Loss 0.48690 (1.21330)
2021-11-05 17:43:46,131 Epoch: [0][110/200]	Time 0.536s (0.562s)	Speed 59.7 samples/s	Data 0.000s (0.019s)	Loss 0.41617 (1.14477)
2021-11-05 17:43:51,649 Epoch: [0][120/200]	Time 0.564s (0.561s)	Speed 56.7 samples/s	Data 0.000s (0.017s)	Loss 0.36451 (1.08296)
2021-11-05 17:43:57,112 Epoch: [0][130/200]	Time 0.541s (0.560s)	Speed 59.2 samples/s	Data 0.000s (0.016s)	Loss 0.34604 (1.02689)
2021-11-05 17:44:02,568 Epoch: [0][140/200]	Time 0.575s (0.559s)	Speed 55.7 samples/s	Data 0.000s (0.015s)	Loss 0.30805 (0.97698)
2021-11-05 17:44:08,092 Epoch: [0][150/200]	Time 0.535s (0.559s)	Speed 59.8 samples/s	Data 0.000s (0.014s)	Loss 0.28603 (0.93138)
2021-11-05 17:44:13,974 Epoch: [0][160/200]	Time 0.590s (0.561s)	Speed 54.2 samples/s	Data 0.000s (0.013s)	Loss 0.26824 (0.89030)
2021-11-05 17:44:19,824 Epoch: [0][170/200]	Time 0.579s (0.562s)	Speed 55.3 samples/s	Data 0.000s (0.012s)	Loss 0.25878 (0.85300)
2021-11-05 17:44:25,629 Epoch: [0][180/200]	Time 0.573s (0.563s)	Speed 55.9 samples/s	Data 0.000s (0.012s)	Loss 0.23102 (0.81908)
2021-11-05 17:44:31,396 Epoch: [0][190/200]	Time 0.574s (0.564s)	Speed 55.7 samples/s	Data 0.000s (0.011s)	Loss 0.20628 (0.78752)
2021-11-05 17:44:36,729 Test: [0/200]	Time 0.082 (0.082)	Loss 0.4327 (0.4327)
2021-11-05 17:44:37,120 Test: [10/200]	Time 0.036 (0.043)	Loss 0.1457 (0.3551)
2021-11-05 17:44:37,472 Test: [20/200]	Time 0.034 (0.039)	Loss 0.2611 (0.3664)
2021-11-05 17:44:37,844 Test: [30/200]	Time 0.037 (0.039)	Loss 0.5299 (0.3736)
2021-11-05 17:44:38,202 Test: [40/200]	Time 0.033 (0.038)	Loss 0.3923 (0.3882)
2021-11-05 17:44:38,583 Test: [50/200]	Time 0.034 (0.038)	Loss 0.4702 (0.3915)
2021-11-05 17:44:38,967 Test: [60/200]	Time 0.035 (0.038)	Loss 0.4468 (0.3918)
2021-11-05 17:44:39,364 Test: [70/200]	Time 0.046 (0.038)	Loss 0.3784 (0.3908)
2021-11-05 17:44:39,800 Test: [80/200]	Time 0.044 (0.039)	Loss 0.4722 (0.3859)
2021-11-05 17:44:40,189 Test: [90/200]	Time 0.035 (0.039)	Loss 0.4792 (0.3894)
2021-11-05 17:44:40,593 Test: [100/200]	Time 0.038 (0.039)	Loss 0.4821 (0.3883)
2021-11-05 17:44:41,009 Test: [110/200]	Time 0.047 (0.039)	Loss 0.4674 (0.3898)
2021-11-05 17:44:41,438 Test: [120/200]	Time 0.037 (0.040)	Loss 0.4446 (0.3875)
2021-11-05 17:44:41,797 Test: [130/200]	Time 0.036 (0.039)	Loss 0.3775 (0.3917)
2021-11-05 17:44:42,317 Test: [140/200]	Time 0.042 (0.040)	Loss 0.3510 (0.3907)
2021-11-05 17:44:42,734 Test: [150/200]	Time 0.043 (0.040)	Loss 0.4331 (0.3896)
2021-11-05 17:44:43,172 Test: [160/200]	Time 0.034 (0.041)	Loss 0.3999 (0.3893)
2021-11-05 17:44:43,535 Test: [170/200]	Time 0.033 (0.040)	Loss 0.2894 (0.3870)
2021-11-05 17:44:43,894 Test: [180/200]	Time 0.035 (0.040)	Loss 0.3232 (0.3850)
2021-11-05 17:44:44,255 Test: [190/200]	Time 0.034 (0.040)	Loss 0.3322 (0.3863)
2021-11-05 17:44:45,297 Mean IoU score: 0.189
2021-11-05 17:44:45,297 => saving checkpoint to out
2021-11-05 17:44:46,082 Epoch: [1][0/200]	Time 0.757s (0.757s)	Speed 42.3 samples/s	Data 0.084s (0.084s)	Loss 0.19862 (0.19862)
2021-11-05 17:44:52,140 Epoch: [1][10/200]	Time 0.636s (0.620s)	Speed 50.4 samples/s	Data 0.000s (0.008s)	Loss 0.19900 (0.20691)
2021-11-05 17:44:58,026 Epoch: [1][20/200]	Time 0.606s (0.605s)	Speed 52.8 samples/s	Data 0.000s (0.004s)	Loss 0.24958 (0.20328)
2021-11-05 17:45:03,762 Epoch: [1][30/200]	Time 0.558s (0.595s)	Speed 57.3 samples/s	Data 0.000s (0.003s)	Loss 0.16590 (0.20008)
2021-11-05 17:45:09,381 Epoch: [1][40/200]	Time 0.543s (0.587s)	Speed 58.9 samples/s	Data 0.000s (0.002s)	Loss 0.17807 (0.19529)
2021-11-05 17:45:14,992 Epoch: [1][50/200]	Time 0.566s (0.582s)	Speed 56.5 samples/s	Data 0.000s (0.002s)	Loss 0.15538 (0.19155)
2021-11-05 17:45:20,613 Epoch: [1][60/200]	Time 0.557s (0.579s)	Speed 57.5 samples/s	Data 0.000s (0.002s)	Loss 0.16461 (0.18790)
2021-11-05 17:45:26,127 Epoch: [1][70/200]	Time 0.562s (0.575s)	Speed 56.9 samples/s	Data 0.000s (0.001s)	Loss 0.15899 (0.18410)
2021-11-05 17:45:31,588 Epoch: [1][80/200]	Time 0.530s (0.571s)	Speed 60.4 samples/s	Data 0.000s (0.001s)	Loss 0.12306 (0.17956)
2021-11-05 17:45:36,998 Epoch: [1][90/200]	Time 0.542s (0.568s)	Speed 59.1 samples/s	Data 0.000s (0.001s)	Loss 0.13855 (0.17507)
2021-11-05 17:45:42,463 Epoch: [1][100/200]	Time 0.554s (0.566s)	Speed 57.8 samples/s	Data 0.000s (0.001s)	Loss 0.13198 (0.17217)
2021-11-05 17:45:47,909 Epoch: [1][110/200]	Time 0.543s (0.564s)	Speed 59.0 samples/s	Data 0.000s (0.001s)	Loss 0.12138 (0.16885)
2021-11-05 17:45:53,606 Epoch: [1][120/200]	Time 0.566s (0.564s)	Speed 56.6 samples/s	Data 0.000s (0.001s)	Loss 0.10781 (0.16477)
2021-11-05 17:45:59,271 Epoch: [1][130/200]	Time 0.564s (0.564s)	Speed 56.8 samples/s	Data 0.000s (0.001s)	Loss 0.10587 (0.16091)
2021-11-05 17:46:04,971 Epoch: [1][140/200]	Time 0.586s (0.565s)	Speed 54.6 samples/s	Data 0.000s (0.001s)	Loss 0.12480 (0.15744)
2021-11-05 17:46:10,619 Epoch: [1][150/200]	Time 0.559s (0.565s)	Speed 57.2 samples/s	Data 0.000s (0.001s)	Loss 0.09354 (0.15396)
2021-11-05 17:46:16,350 Epoch: [1][160/200]	Time 0.587s (0.565s)	Speed 54.5 samples/s	Data 0.000s (0.001s)	Loss 0.10485 (0.15084)
2021-11-05 17:46:21,992 Epoch: [1][170/200]	Time 0.560s (0.565s)	Speed 57.1 samples/s	Data 0.000s (0.001s)	Loss 0.08970 (0.14780)
2021-11-05 17:46:27,915 Epoch: [1][180/200]	Time 0.567s (0.567s)	Speed 56.4 samples/s	Data 0.000s (0.001s)	Loss 0.10070 (0.14494)
2021-11-05 17:46:33,614 Epoch: [1][190/200]	Time 0.568s (0.567s)	Speed 56.4 samples/s	Data 0.000s (0.001s)	Loss 0.09578 (0.14222)
2021-11-05 17:46:38,818 Test: [0/200]	Time 0.068 (0.068)	Loss 0.2652 (0.2652)
2021-11-05 17:46:39,217 Test: [10/200]	Time 0.039 (0.042)	Loss 0.0645 (0.1878)
2021-11-05 17:46:39,609 Test: [20/200]	Time 0.038 (0.041)	Loss 0.1482 (0.1931)
2021-11-05 17:46:40,007 Test: [30/200]	Time 0.039 (0.041)	Loss 0.2585 (0.2026)
2021-11-05 17:46:40,375 Test: [40/200]	Time 0.036 (0.040)	Loss 0.2046 (0.2114)
2021-11-05 17:46:40,734 Test: [50/200]	Time 0.035 (0.039)	Loss 0.2729 (0.2122)
2021-11-05 17:46:41,107 Test: [60/200]	Time 0.034 (0.039)	Loss 0.2447 (0.2134)
2021-11-05 17:46:41,459 Test: [70/200]	Time 0.034 (0.038)	Loss 0.1925 (0.2128)
2021-11-05 17:46:41,807 Test: [80/200]	Time 0.033 (0.038)	Loss 0.2630 (0.2095)
2021-11-05 17:46:42,162 Test: [90/200]	Time 0.034 (0.037)	Loss 0.2787 (0.2119)
2021-11-05 17:46:42,517 Test: [100/200]	Time 0.034 (0.037)	Loss 0.2856 (0.2107)
2021-11-05 17:46:42,865 Test: [110/200]	Time 0.033 (0.037)	Loss 0.2696 (0.2115)
2021-11-05 17:46:43,229 Test: [120/200]	Time 0.033 (0.037)	Loss 0.2326 (0.2101)
2021-11-05 17:46:43,582 Test: [130/200]	Time 0.032 (0.037)	Loss 0.1925 (0.2124)
2021-11-05 17:46:43,934 Test: [140/200]	Time 0.033 (0.037)	Loss 0.1782 (0.2120)
2021-11-05 17:46:44,286 Test: [150/200]	Time 0.034 (0.037)	Loss 0.2079 (0.2106)
2021-11-05 17:46:44,635 Test: [160/200]	Time 0.034 (0.037)	Loss 0.2422 (0.2106)
2021-11-05 17:46:44,985 Test: [170/200]	Time 0.032 (0.036)	Loss 0.1554 (0.2089)
2021-11-05 17:46:45,352 Test: [180/200]	Time 0.033 (0.036)	Loss 0.1716 (0.2079)
2021-11-05 17:46:45,702 Test: [190/200]	Time 0.033 (0.036)	Loss 0.1532 (0.2087)
2021-11-05 17:46:46,643 Mean IoU score: 0.547
2021-11-05 17:46:46,644 => saving checkpoint to out
2021-11-05 17:46:47,330 Epoch: [2][0/200]	Time 0.658s (0.658s)	Speed 48.6 samples/s	Data 0.082s (0.082s)	Loss 0.07148 (0.07148)
2021-11-05 17:46:52,506 Epoch: [2][10/200]	Time 0.584s (0.530s)	Speed 54.8 samples/s	Data 0.000s (0.008s)	Loss 0.08107 (0.08188)
2021-11-05 17:46:57,710 Epoch: [2][20/200]	Time 0.509s (0.526s)	Speed 62.9 samples/s	Data 0.000s (0.004s)	Loss 0.07891 (0.07844)
2021-11-05 17:47:02,827 Epoch: [2][30/200]	Time 0.527s (0.521s)	Speed 60.8 samples/s	Data 0.000s (0.003s)	Loss 0.07091 (0.07596)
2021-11-05 17:47:08,303 Epoch: [2][40/200]	Time 0.548s (0.528s)	Speed 58.4 samples/s	Data 0.000s (0.002s)	Loss 0.06365 (0.07518)
2021-11-05 17:47:13,834 Epoch: [2][50/200]	Time 0.561s (0.533s)	Speed 57.0 samples/s	Data 0.000s (0.002s)	Loss 0.06088 (0.07353)
2021-11-05 17:47:19,456 Epoch: [2][60/200]	Time 0.540s (0.537s)	Speed 59.2 samples/s	Data 0.000s (0.002s)	Loss 0.05741 (0.07196)
2021-11-05 17:47:24,921 Epoch: [2][70/200]	Time 0.528s (0.539s)	Speed 60.6 samples/s	Data 0.000s (0.001s)	Loss 0.07130 (0.07054)
2021-11-05 17:47:30,374 Epoch: [2][80/200]	Time 0.541s (0.540s)	Speed 59.1 samples/s	Data 0.000s (0.001s)	Loss 0.06417 (0.06956)
2021-11-05 17:47:35,819 Epoch: [2][90/200]	Time 0.542s (0.540s)	Speed 59.0 samples/s	Data 0.000s (0.001s)	Loss 0.05333 (0.06826)
2021-11-05 17:47:41,383 Epoch: [2][100/200]	Time 0.567s (0.542s)	Speed 56.4 samples/s	Data 0.000s (0.001s)	Loss 0.06277 (0.06704)
2021-11-05 17:47:46,925 Epoch: [2][110/200]	Time 0.554s (0.543s)	Speed 57.8 samples/s	Data 0.000s (0.001s)	Loss 0.05476 (0.06663)
2021-11-05 17:47:52,318 Epoch: [2][120/200]	Time 0.536s (0.543s)	Speed 59.7 samples/s	Data 0.000s (0.001s)	Loss 0.05941 (0.06555)
2021-11-05 17:47:57,648 Epoch: [2][130/200]	Time 0.528s (0.542s)	Speed 60.6 samples/s	Data 0.000s (0.001s)	Loss 0.05818 (0.06465)
2021-11-05 17:48:03,069 Epoch: [2][140/200]	Time 0.557s (0.542s)	Speed 57.5 samples/s	Data 0.000s (0.001s)	Loss 0.05589 (0.06386)
2021-11-05 17:48:08,451 Epoch: [2][150/200]	Time 0.523s (0.542s)	Speed 61.1 samples/s	Data 0.000s (0.001s)	Loss 0.04504 (0.06320)
2021-11-05 17:48:13,859 Epoch: [2][160/200]	Time 0.551s (0.542s)	Speed 58.1 samples/s	Data 0.000s (0.001s)	Loss 0.04491 (0.06227)
2021-11-05 17:48:19,262 Epoch: [2][170/200]	Time 0.527s (0.541s)	Speed 60.7 samples/s	Data 0.000s (0.001s)	Loss 0.04445 (0.06138)
2021-11-05 17:48:24,674 Epoch: [2][180/200]	Time 0.556s (0.541s)	Speed 57.6 samples/s	Data 0.000s (0.001s)	Loss 0.04230 (0.06043)
2021-11-05 17:48:30,214 Epoch: [2][190/200]	Time 0.546s (0.542s)	Speed 58.6 samples/s	Data 0.000s (0.001s)	Loss 0.05363 (0.05956)
2021-11-05 17:48:35,260 Test: [0/200]	Time 0.069 (0.069)	Loss 0.1207 (0.1207)
2021-11-05 17:48:35,651 Test: [10/200]	Time 0.038 (0.042)	Loss 0.0362 (0.0963)
2021-11-05 17:48:36,025 Test: [20/200]	Time 0.036 (0.040)	Loss 0.0673 (0.0992)
2021-11-05 17:48:36,399 Test: [30/200]	Time 0.037 (0.039)	Loss 0.1578 (0.1056)
2021-11-05 17:48:36,779 Test: [40/200]	Time 0.039 (0.039)	Loss 0.0908 (0.1099)
2021-11-05 17:48:37,167 Test: [50/200]	Time 0.034 (0.039)	Loss 0.1449 (0.1109)
2021-11-05 17:48:37,547 Test: [60/200]	Time 0.036 (0.039)	Loss 0.1332 (0.1134)
2021-11-05 17:48:37,920 Test: [70/200]	Time 0.037 (0.038)	Loss 0.0980 (0.1132)
2021-11-05 17:48:38,298 Test: [80/200]	Time 0.040 (0.038)	Loss 0.1626 (0.1124)
2021-11-05 17:48:38,678 Test: [90/200]	Time 0.037 (0.038)	Loss 0.1605 (0.1142)
2021-11-05 17:48:39,054 Test: [100/200]	Time 0.037 (0.038)	Loss 0.1758 (0.1137)
2021-11-05 17:48:39,449 Test: [110/200]	Time 0.037 (0.038)	Loss 0.1861 (0.1147)
2021-11-05 17:48:39,826 Test: [120/200]	Time 0.039 (0.038)	Loss 0.1430 (0.1133)
2021-11-05 17:48:40,204 Test: [130/200]	Time 0.036 (0.038)	Loss 0.0988 (0.1139)
2021-11-05 17:48:40,580 Test: [140/200]	Time 0.036 (0.038)	Loss 0.1014 (0.1133)
2021-11-05 17:48:40,952 Test: [150/200]	Time 0.037 (0.038)	Loss 0.1140 (0.1123)
2021-11-05 17:48:41,333 Test: [160/200]	Time 0.041 (0.038)	Loss 0.1175 (0.1121)
2021-11-05 17:48:41,720 Test: [170/200]	Time 0.036 (0.038)	Loss 0.1214 (0.1112)
2021-11-05 17:48:42,095 Test: [180/200]	Time 0.038 (0.038)	Loss 0.0985 (0.1105)
2021-11-05 17:48:42,474 Test: [190/200]	Time 0.036 (0.038)	Loss 0.0646 (0.1106)
2021-11-05 17:48:43,515 Mean IoU score: 0.762
2021-11-05 17:48:43,515 => saving checkpoint to out
2021-11-05 17:48:44,251 Epoch: [3][0/200]	Time 0.704s (0.704s)	Speed 45.5 samples/s	Data 0.081s (0.081s)	Loss 0.03931 (0.03931)
2021-11-05 17:48:49,751 Epoch: [3][10/200]	Time 0.540s (0.564s)	Speed 59.2 samples/s	Data 0.000s (0.008s)	Loss 0.04273 (0.04053)
2021-11-05 17:48:55,199 Epoch: [3][20/200]	Time 0.551s (0.555s)	Speed 58.0 samples/s	Data 0.000s (0.004s)	Loss 0.06116 (0.03961)
2021-11-05 17:49:00,656 Epoch: [3][30/200]	Time 0.554s (0.552s)	Speed 57.8 samples/s	Data 0.000s (0.003s)	Loss 0.02572 (0.03889)
2021-11-05 17:49:06,100 Epoch: [3][40/200]	Time 0.536s (0.550s)	Speed 59.7 samples/s	Data 0.000s (0.002s)	Loss 0.03418 (0.03842)
2021-11-05 17:49:11,557 Epoch: [3][50/200]	Time 0.552s (0.549s)	Speed 57.9 samples/s	Data 0.000s (0.002s)	Loss 0.03127 (0.03771)
2021-11-05 17:49:17,060 Epoch: [3][60/200]	Time 0.541s (0.549s)	Speed 59.1 samples/s	Data 0.000s (0.002s)	Loss 0.03119 (0.03690)
2021-11-05 17:49:22,460 Epoch: [3][70/200]	Time 0.538s (0.548s)	Speed 59.5 samples/s	Data 0.000s (0.001s)	Loss 0.03625 (0.03654)
2021-11-05 17:49:27,883 Epoch: [3][80/200]	Time 0.540s (0.547s)	Speed 59.2 samples/s	Data 0.000s (0.001s)	Loss 0.02562 (0.03637)
2021-11-05 17:49:33,321 Epoch: [3][90/200]	Time 0.556s (0.547s)	Speed 57.6 samples/s	Data 0.000s (0.001s)	Loss 0.03327 (0.03614)
2021-11-05 17:49:38,620 Epoch: [3][100/200]	Time 0.529s (0.545s)	Speed 60.5 samples/s	Data 0.000s (0.001s)	Loss 0.03410 (0.03608)
2021-11-05 17:49:43,972 Epoch: [3][110/200]	Time 0.547s (0.544s)	Speed 58.5 samples/s	Data 0.000s (0.001s)	Loss 0.02734 (0.03597)
2021-11-05 17:49:49,282 Epoch: [3][120/200]	Time 0.532s (0.543s)	Speed 60.2 samples/s	Data 0.000s (0.001s)	Loss 0.04001 (0.03598)
2021-11-05 17:49:54,617 Epoch: [3][130/200]	Time 0.534s (0.543s)	Speed 60.0 samples/s	Data 0.000s (0.001s)	Loss 0.03324 (0.03592)
2021-11-05 17:49:59,955 Epoch: [3][140/200]	Time 0.543s (0.542s)	Speed 58.9 samples/s	Data 0.000s (0.001s)	Loss 0.03229 (0.03570)
2021-11-05 17:50:05,299 Epoch: [3][150/200]	Time 0.528s (0.541s)	Speed 60.6 samples/s	Data 0.000s (0.001s)	Loss 0.02552 (0.03565)
2021-11-05 17:50:10,791 Epoch: [3][160/200]	Time 0.545s (0.542s)	Speed 58.7 samples/s	Data 0.000s (0.001s)	Loss 0.03165 (0.03567)
2021-11-05 17:50:16,325 Epoch: [3][170/200]	Time 0.528s (0.543s)	Speed 60.6 samples/s	Data 0.000s (0.001s)	Loss 0.04164 (0.03556)
2021-11-05 17:50:21,745 Epoch: [3][180/200]	Time 0.535s (0.543s)	Speed 59.8 samples/s	Data 0.000s (0.001s)	Loss 0.03531 (0.03532)
2021-11-05 17:50:27,228 Epoch: [3][190/200]	Time 0.550s (0.543s)	Speed 58.2 samples/s	Data 0.000s (0.001s)	Loss 0.02465 (0.03509)
2021-11-05 17:50:32,131 Test: [0/200]	Time 0.065 (0.065)	Loss 0.1150 (0.1150)
2021-11-05 17:50:32,497 Test: [10/200]	Time 0.035 (0.039)	Loss 0.0238 (0.0898)
2021-11-05 17:50:32,856 Test: [20/200]	Time 0.034 (0.038)	Loss 0.0556 (0.0971)
2021-11-05 17:50:33,258 Test: [30/200]	Time 0.039 (0.038)	Loss 0.1196 (0.1008)
2021-11-05 17:50:33,644 Test: [40/200]	Time 0.037 (0.038)	Loss 0.0993 (0.1057)
2021-11-05 17:50:34,032 Test: [50/200]	Time 0.038 (0.039)	Loss 0.1424 (0.1053)
2021-11-05 17:50:34,418 Test: [60/200]	Time 0.038 (0.039)	Loss 0.1255 (0.1075)
2021-11-05 17:50:34,802 Test: [70/200]	Time 0.038 (0.039)	Loss 0.1083 (0.1082)
2021-11-05 17:50:35,156 Test: [80/200]	Time 0.032 (0.038)	Loss 0.1084 (0.1055)
2021-11-05 17:50:35,483 Test: [90/200]	Time 0.033 (0.038)	Loss 0.1309 (0.1073)
2021-11-05 17:50:35,816 Test: [100/200]	Time 0.032 (0.037)	Loss 0.1511 (0.1071)
2021-11-05 17:50:36,154 Test: [110/200]	Time 0.033 (0.037)	Loss 0.1661 (0.1084)
2021-11-05 17:50:36,484 Test: [120/200]	Time 0.032 (0.037)	Loss 0.1015 (0.1071)
2021-11-05 17:50:36,813 Test: [130/200]	Time 0.032 (0.036)	Loss 0.0975 (0.1078)
2021-11-05 17:50:37,154 Test: [140/200]	Time 0.031 (0.036)	Loss 0.1045 (0.1075)
2021-11-05 17:50:37,496 Test: [150/200]	Time 0.033 (0.036)	Loss 0.0988 (0.1062)
2021-11-05 17:50:37,826 Test: [160/200]	Time 0.032 (0.036)	Loss 0.1197 (0.1060)
2021-11-05 17:50:38,159 Test: [170/200]	Time 0.032 (0.036)	Loss 0.0896 (0.1051)
2021-11-05 17:50:38,487 Test: [180/200]	Time 0.031 (0.035)	Loss 0.0850 (0.1043)
2021-11-05 17:50:38,818 Test: [190/200]	Time 0.033 (0.035)	Loss 0.0604 (0.1044)
2021-11-05 17:50:39,757 Mean IoU score: 0.754
2021-11-05 17:50:39,757 => saving checkpoint to out
2021-11-05 17:50:40,413 Epoch: [4][0/200]	Time 0.638s (0.638s)	Speed 50.1 samples/s	Data 0.076s (0.076s)	Loss 0.03559 (0.03559)
2021-11-05 17:50:45,661 Epoch: [4][10/200]	Time 0.493s (0.535s)	Speed 64.9 samples/s	Data 0.000s (0.007s)	Loss 0.02599 (0.02962)
2021-11-05 17:50:50,725 Epoch: [4][20/200]	Time 0.497s (0.521s)	Speed 64.3 samples/s	Data 0.000s (0.004s)	Loss 0.02278 (0.02769)
2021-11-05 17:50:55,783 Epoch: [4][30/200]	Time 0.497s (0.516s)	Speed 64.4 samples/s	Data 0.000s (0.003s)	Loss 0.02377 (0.02742)
2021-11-05 17:51:00,967 Epoch: [4][40/200]	Time 0.520s (0.517s)	Speed 61.5 samples/s	Data 0.000s (0.002s)	Loss 0.02450 (0.02760)
2021-11-05 17:51:06,073 Epoch: [4][50/200]	Time 0.512s (0.516s)	Speed 62.5 samples/s	Data 0.000s (0.002s)	Loss 0.02570 (0.02732)
2021-11-05 17:51:11,112 Epoch: [4][60/200]	Time 0.508s (0.514s)	Speed 63.0 samples/s	Data 0.000s (0.001s)	Loss 0.01903 (0.02669)
2021-11-05 17:51:16,748 Epoch: [4][70/200]	Time 0.563s (0.521s)	Speed 56.8 samples/s	Data 0.000s (0.001s)	Loss 0.02460 (0.02660)
2021-11-05 17:51:22,289 Epoch: [4][80/200]	Time 0.566s (0.525s)	Speed 56.5 samples/s	Data 0.000s (0.001s)	Loss 0.02402 (0.02633)
2021-11-05 17:51:27,785 Epoch: [4][90/200]	Time 0.560s (0.528s)	Speed 57.1 samples/s	Data 0.000s (0.001s)	Loss 0.02568 (0.02599)
2021-11-05 17:51:33,254 Epoch: [4][100/200]	Time 0.531s (0.529s)	Speed 60.3 samples/s	Data 0.000s (0.001s)	Loss 0.02563 (0.02588)
2021-11-05 17:51:38,737 Epoch: [4][110/200]	Time 0.534s (0.531s)	Speed 59.9 samples/s	Data 0.000s (0.001s)	Loss 0.02664 (0.02587)
2021-11-05 17:51:44,258 Epoch: [4][120/200]	Time 0.552s (0.533s)	Speed 57.9 samples/s	Data 0.000s (0.001s)	Loss 0.02723 (0.02573)
2021-11-05 17:51:49,759 Epoch: [4][130/200]	Time 0.547s (0.534s)	Speed 58.5 samples/s	Data 0.000s (0.001s)	Loss 0.02378 (0.02574)
2021-11-05 17:51:55,277 Epoch: [4][140/200]	Time 0.549s (0.535s)	Speed 58.3 samples/s	Data 0.000s (0.001s)	Loss 0.02549 (0.02574)
2021-11-05 17:52:00,772 Epoch: [4][150/200]	Time 0.564s (0.536s)	Speed 56.8 samples/s	Data 0.000s (0.001s)	Loss 0.01997 (0.02566)
2021-11-05 17:52:06,216 Epoch: [4][160/200]	Time 0.555s (0.537s)	Speed 57.6 samples/s	Data 0.000s (0.001s)	Loss 0.02117 (0.02547)
2021-11-05 17:52:11,702 Epoch: [4][170/200]	Time 0.577s (0.538s)	Speed 55.4 samples/s	Data 0.000s (0.001s)	Loss 0.01835 (0.02535)
2021-11-05 17:52:17,166 Epoch: [4][180/200]	Time 0.556s (0.538s)	Speed 57.5 samples/s	Data 0.000s (0.001s)	Loss 0.03189 (0.02530)
2021-11-05 17:52:22,317 Epoch: [4][190/200]	Time 0.507s (0.537s)	Speed 63.2 samples/s	Data 0.000s (0.001s)	Loss 0.02540 (0.02517)
2021-11-05 17:52:26,807 Test: [0/200]	Time 0.066 (0.066)	Loss 0.0862 (0.0862)
2021-11-05 17:52:27,180 Test: [10/200]	Time 0.036 (0.040)	Loss 0.0225 (0.0756)
2021-11-05 17:52:27,556 Test: [20/200]	Time 0.037 (0.039)	Loss 0.0523 (0.0783)
2021-11-05 17:52:27,931 Test: [30/200]	Time 0.037 (0.038)	Loss 0.1134 (0.0855)
2021-11-05 17:52:28,310 Test: [40/200]	Time 0.037 (0.038)	Loss 0.0587 (0.0880)
2021-11-05 17:52:28,708 Test: [50/200]	Time 0.056 (0.039)	Loss 0.1201 (0.0888)
2021-11-05 17:52:29,076 Test: [60/200]	Time 0.037 (0.038)	Loss 0.1342 (0.0913)
2021-11-05 17:52:29,456 Test: [70/200]	Time 0.037 (0.038)	Loss 0.0747 (0.0913)
2021-11-05 17:52:29,831 Test: [80/200]	Time 0.037 (0.038)	Loss 0.1177 (0.0893)
2021-11-05 17:52:30,208 Test: [90/200]	Time 0.038 (0.038)	Loss 0.1612 (0.0912)
2021-11-05 17:52:30,583 Test: [100/200]	Time 0.037 (0.038)	Loss 0.1678 (0.0907)
2021-11-05 17:52:30,971 Test: [110/200]	Time 0.037 (0.038)	Loss 0.1439 (0.0914)
2021-11-05 17:52:31,346 Test: [120/200]	Time 0.037 (0.038)	Loss 0.1375 (0.0898)
2021-11-05 17:52:31,731 Test: [130/200]	Time 0.038 (0.038)	Loss 0.0828 (0.0906)
2021-11-05 17:52:32,106 Test: [140/200]	Time 0.036 (0.038)	Loss 0.0735 (0.0901)
2021-11-05 17:52:32,482 Test: [150/200]	Time 0.036 (0.038)	Loss 0.0748 (0.0890)
2021-11-05 17:52:32,854 Test: [160/200]	Time 0.037 (0.038)	Loss 0.0864 (0.0890)
2021-11-05 17:52:33,238 Test: [170/200]	Time 0.035 (0.038)	Loss 0.0857 (0.0881)
2021-11-05 17:52:33,614 Test: [180/200]	Time 0.036 (0.038)	Loss 0.0920 (0.0874)
2021-11-05 17:52:33,982 Test: [190/200]	Time 0.036 (0.038)	Loss 0.0393 (0.0875)
2021-11-05 17:52:35,024 Mean IoU score: 0.796
2021-11-05 17:52:35,025 => saving checkpoint to out
2021-11-05 17:52:35,770 Epoch: [5][0/200]	Time 0.715s (0.715s)	Speed 44.8 samples/s	Data 0.087s (0.087s)	Loss 0.01794 (0.01794)
2021-11-05 17:52:41,320 Epoch: [5][10/200]	Time 0.555s (0.570s)	Speed 57.6 samples/s	Data 0.000s (0.008s)	Loss 0.01587 (0.02063)
2021-11-05 17:52:46,887 Epoch: [5][20/200]	Time 0.548s (0.563s)	Speed 58.4 samples/s	Data 0.000s (0.004s)	Loss 0.02004 (0.02125)
2021-11-05 17:52:52,485 Epoch: [5][30/200]	Time 0.572s (0.562s)	Speed 55.9 samples/s	Data 0.000s (0.003s)	Loss 0.02585 (0.02098)
2021-11-05 17:52:57,438 Epoch: [5][40/200]	Time 0.486s (0.546s)	Speed 65.8 samples/s	Data 0.000s (0.002s)	Loss 0.01941 (0.02084)
2021-11-05 17:53:02,426 Epoch: [5][50/200]	Time 0.483s (0.537s)	Speed 66.2 samples/s	Data 0.000s (0.002s)	Loss 0.02198 (0.02071)
2021-11-05 17:53:07,398 Epoch: [5][60/200]	Time 0.497s (0.530s)	Speed 64.4 samples/s	Data 0.000s (0.002s)	Loss 0.01563 (0.02035)
2021-11-05 17:53:12,404 Epoch: [5][70/200]	Time 0.499s (0.526s)	Speed 64.2 samples/s	Data 0.000s (0.001s)	Loss 0.01725 (0.02017)
2021-11-05 17:53:17,824 Epoch: [5][80/200]	Time 0.527s (0.528s)	Speed 60.7 samples/s	Data 0.000s (0.001s)	Loss 0.02044 (0.02007)
2021-11-05 17:53:23,196 Epoch: [5][90/200]	Time 0.525s (0.529s)	Speed 61.0 samples/s	Data 0.000s (0.001s)	Loss 0.01367 (0.01999)
2021-11-05 17:53:28,275 Epoch: [5][100/200]	Time 0.509s (0.527s)	Speed 62.8 samples/s	Data 0.000s (0.001s)	Loss 0.02072 (0.01988)
2021-11-05 17:53:33,369 Epoch: [5][110/200]	Time 0.522s (0.525s)	Speed 61.3 samples/s	Data 0.000s (0.001s)	Loss 0.02052 (0.01988)
2021-11-05 17:53:38,879 Epoch: [5][120/200]	Time 0.550s (0.527s)	Speed 58.2 samples/s	Data 0.000s (0.001s)	Loss 0.01712 (0.01969)
2021-11-05 17:53:44,375 Epoch: [5][130/200]	Time 0.563s (0.529s)	Speed 56.9 samples/s	Data 0.000s (0.001s)	Loss 0.02397 (0.01978)
2021-11-05 17:53:49,862 Epoch: [5][140/200]	Time 0.551s (0.531s)	Speed 58.0 samples/s	Data 0.000s (0.001s)	Loss 0.02015 (0.01978)
2021-11-05 17:53:55,359 Epoch: [5][150/200]	Time 0.542s (0.532s)	Speed 59.0 samples/s	Data 0.000s (0.001s)	Loss 0.02376 (0.01976)
2021-11-05 17:54:00,813 Epoch: [5][160/200]	Time 0.551s (0.533s)	Speed 58.0 samples/s	Data 0.000s (0.001s)	Loss 0.02178 (0.01967)
2021-11-05 17:54:06,302 Epoch: [5][170/200]	Time 0.545s (0.534s)	Speed 58.7 samples/s	Data 0.000s (0.001s)	Loss 0.01867 (0.01962)
2021-11-05 17:54:11,809 Epoch: [5][180/200]	Time 0.544s (0.535s)	Speed 58.8 samples/s	Data 0.000s (0.001s)	Loss 0.01792 (0.01970)
2021-11-05 17:54:17,319 Epoch: [5][190/200]	Time 0.534s (0.535s)	Speed 59.9 samples/s	Data 0.000s (0.001s)	Loss 0.01921 (0.01980)
2021-11-05 17:54:22,310 Test: [0/200]	Time 0.066 (0.066)	Loss 0.1075 (0.1075)
2021-11-05 17:54:22,669 Test: [10/200]	Time 0.034 (0.039)	Loss 0.0294 (0.0741)
2021-11-05 17:54:23,046 Test: [20/200]	Time 0.034 (0.038)	Loss 0.0568 (0.0770)
2021-11-05 17:54:23,411 Test: [30/200]	Time 0.036 (0.038)	Loss 0.1260 (0.0875)
2021-11-05 17:54:23,773 Test: [40/200]	Time 0.035 (0.037)	Loss 0.0628 (0.0913)
2021-11-05 17:54:24,134 Test: [50/200]	Time 0.036 (0.037)	Loss 0.1177 (0.0910)
2021-11-05 17:54:24,486 Test: [60/200]	Time 0.033 (0.037)	Loss 0.1180 (0.0928)
2021-11-05 17:54:24,830 Test: [70/200]	Time 0.034 (0.036)	Loss 0.1008 (0.0933)
2021-11-05 17:54:25,180 Test: [80/200]	Time 0.033 (0.036)	Loss 0.1752 (0.0925)
2021-11-05 17:54:25,526 Test: [90/200]	Time 0.034 (0.036)	Loss 0.1067 (0.0948)
2021-11-05 17:54:25,864 Test: [100/200]	Time 0.034 (0.036)	Loss 0.1475 (0.0943)
2021-11-05 17:54:26,208 Test: [110/200]	Time 0.033 (0.036)	Loss 0.1648 (0.0943)
2021-11-05 17:54:26,558 Test: [120/200]	Time 0.034 (0.036)	Loss 0.1094 (0.0925)
2021-11-05 17:54:26,908 Test: [130/200]	Time 0.033 (0.036)	Loss 0.0701 (0.0928)
2021-11-05 17:54:27,261 Test: [140/200]	Time 0.032 (0.036)	Loss 0.0930 (0.0925)
2021-11-05 17:54:27,607 Test: [150/200]	Time 0.033 (0.036)	Loss 0.0821 (0.0911)
2021-11-05 17:54:27,945 Test: [160/200]	Time 0.035 (0.035)	Loss 0.1065 (0.0912)
2021-11-05 17:54:28,279 Test: [170/200]	Time 0.032 (0.035)	Loss 0.0857 (0.0904)
2021-11-05 17:54:28,627 Test: [180/200]	Time 0.034 (0.035)	Loss 0.0749 (0.0897)
2021-11-05 17:54:28,968 Test: [190/200]	Time 0.037 (0.035)	Loss 0.0463 (0.0896)
2021-11-05 17:54:29,918 Mean IoU score: 0.789
2021-11-05 17:54:29,919 => saving checkpoint to out
2021-11-05 17:54:30,627 Epoch: [6][0/200]	Time 0.684s (0.684s)	Speed 46.8 samples/s	Data 0.076s (0.076s)	Loss 0.01888 (0.01888)
2021-11-05 17:54:35,970 Epoch: [6][10/200]	Time 0.534s (0.548s)	Speed 59.9 samples/s	Data 0.000s (0.007s)	Loss 0.02080 (0.01791)
2021-11-05 17:54:41,280 Epoch: [6][20/200]	Time 0.534s (0.540s)	Speed 59.9 samples/s	Data 0.000s (0.004s)	Loss 0.01709 (0.01852)
2021-11-05 17:54:46,592 Epoch: [6][30/200]	Time 0.541s (0.537s)	Speed 59.1 samples/s	Data 0.000s (0.003s)	Loss 0.01957 (0.01863)
2021-11-05 17:54:51,951 Epoch: [6][40/200]	Time 0.547s (0.537s)	Speed 58.5 samples/s	Data 0.000s (0.002s)	Loss 0.01847 (0.01839)
2021-11-05 17:54:57,305 Epoch: [6][50/200]	Time 0.539s (0.537s)	Speed 59.3 samples/s	Data 0.000s (0.002s)	Loss 0.01592 (0.01810)
2021-11-05 17:55:02,847 Epoch: [6][60/200]	Time 0.548s (0.539s)	Speed 58.4 samples/s	Data 0.000s (0.001s)	Loss 0.01492 (0.01773)
2021-11-05 17:55:08,393 Epoch: [6][70/200]	Time 0.562s (0.542s)	Speed 56.9 samples/s	Data 0.000s (0.001s)	Loss 0.01457 (0.01740)
2021-11-05 17:55:13,714 Epoch: [6][80/200]	Time 0.536s (0.540s)	Speed 59.7 samples/s	Data 0.000s (0.001s)	Loss 0.01510 (0.01724)
2021-11-05 17:55:19,101 Epoch: [6][90/200]	Time 0.530s (0.540s)	Speed 60.3 samples/s	Data 0.000s (0.001s)	Loss 0.01601 (0.01707)
2021-11-05 17:55:24,410 Epoch: [6][100/200]	Time 0.525s (0.539s)	Speed 60.9 samples/s	Data 0.000s (0.001s)	Loss 0.01528 (0.01699)
2021-11-05 17:55:29,776 Epoch: [6][110/200]	Time 0.535s (0.539s)	Speed 59.8 samples/s	Data 0.000s (0.001s)	Loss 0.01302 (0.01685)
2021-11-05 17:55:35,101 Epoch: [6][120/200]	Time 0.541s (0.538s)	Speed 59.1 samples/s	Data 0.000s (0.001s)	Loss 0.01677 (0.01678)
2021-11-05 17:55:40,135 Epoch: [6][130/200]	Time 0.514s (0.536s)	Speed 62.2 samples/s	Data 0.000s (0.001s)	Loss 0.01171 (0.01661)
2021-11-05 17:55:45,203 Epoch: [6][140/200]	Time 0.503s (0.534s)	Speed 63.6 samples/s	Data 0.000s (0.001s)	Loss 0.01371 (0.01650)
2021-11-05 17:55:50,226 Epoch: [6][150/200]	Time 0.502s (0.532s)	Speed 63.7 samples/s	Data 0.000s (0.001s)	Loss 0.01498 (0.01641)
2021-11-05 17:55:55,252 Epoch: [6][160/200]	Time 0.504s (0.530s)	Speed 63.4 samples/s	Data 0.000s (0.001s)	Loss 0.01840 (0.01638)
2021-11-05 17:56:00,814 Epoch: [6][170/200]	Time 0.546s (0.531s)	Speed 58.6 samples/s	Data 0.000s (0.001s)	Loss 0.01497 (0.01624)
2021-11-05 17:56:06,339 Epoch: [6][180/200]	Time 0.562s (0.533s)	Speed 56.9 samples/s	Data 0.000s (0.001s)	Loss 0.01043 (0.01621)
2021-11-05 17:56:11,936 Epoch: [6][190/200]	Time 0.542s (0.534s)	Speed 59.1 samples/s	Data 0.000s (0.001s)	Loss 0.01430 (0.01614)
2021-11-05 17:56:16,998 Test: [0/200]	Time 0.064 (0.064)	Loss 0.0699 (0.0699)
2021-11-05 17:56:17,340 Test: [10/200]	Time 0.033 (0.037)	Loss 0.0163 (0.0503)
2021-11-05 17:56:17,670 Test: [20/200]	Time 0.032 (0.035)	Loss 0.0328 (0.0567)
2021-11-05 17:56:18,001 Test: [30/200]	Time 0.032 (0.034)	Loss 0.0702 (0.0613)
2021-11-05 17:56:18,334 Test: [40/200]	Time 0.032 (0.034)	Loss 0.0469 (0.0625)
2021-11-05 17:56:18,664 Test: [50/200]	Time 0.032 (0.034)	Loss 0.0913 (0.0631)
2021-11-05 17:56:19,016 Test: [60/200]	Time 0.032 (0.034)	Loss 0.0970 (0.0645)
2021-11-05 17:56:19,348 Test: [70/200]	Time 0.032 (0.034)	Loss 0.0509 (0.0641)
2021-11-05 17:56:19,677 Test: [80/200]	Time 0.032 (0.034)	Loss 0.0756 (0.0629)
2021-11-05 17:56:20,018 Test: [90/200]	Time 0.033 (0.034)	Loss 0.0870 (0.0648)
2021-11-05 17:56:20,355 Test: [100/200]	Time 0.032 (0.034)	Loss 0.0933 (0.0646)
2021-11-05 17:56:20,699 Test: [110/200]	Time 0.039 (0.034)	Loss 0.1491 (0.0660)
2021-11-05 17:56:21,046 Test: [120/200]	Time 0.033 (0.034)	Loss 0.0700 (0.0645)
2021-11-05 17:56:21,379 Test: [130/200]	Time 0.031 (0.034)	Loss 0.0577 (0.0647)
2021-11-05 17:56:21,717 Test: [140/200]	Time 0.039 (0.034)	Loss 0.0540 (0.0641)
2021-11-05 17:56:22,058 Test: [150/200]	Time 0.034 (0.034)	Loss 0.0474 (0.0630)
2021-11-05 17:56:22,391 Test: [160/200]	Time 0.032 (0.034)	Loss 0.0812 (0.0633)
2021-11-05 17:56:22,731 Test: [170/200]	Time 0.033 (0.034)	Loss 0.0552 (0.0627)
2021-11-05 17:56:23,082 Test: [180/200]	Time 0.037 (0.034)	Loss 0.0521 (0.0624)
2021-11-05 17:56:23,418 Test: [190/200]	Time 0.034 (0.034)	Loss 0.0298 (0.0623)
2021-11-05 17:56:24,333 Mean IoU score: 0.853
2021-11-05 17:56:24,334 => saving checkpoint to out
2021-11-05 17:56:25,009 Epoch: [7][0/200]	Time 0.647s (0.647s)	Speed 49.5 samples/s	Data 0.078s (0.078s)	Loss 0.01346 (0.01346)
2021-11-05 17:56:30,377 Epoch: [7][10/200]	Time 0.562s (0.547s)	Speed 56.9 samples/s	Data 0.000s (0.007s)	Loss 0.01295 (0.01419)
2021-11-05 17:56:35,889 Epoch: [7][20/200]	Time 0.547s (0.549s)	Speed 58.5 samples/s	Data 0.000s (0.004s)	Loss 0.01561 (0.01413)
2021-11-05 17:56:41,364 Epoch: [7][30/200]	Time 0.543s (0.548s)	Speed 59.0 samples/s	Data 0.000s (0.003s)	Loss 0.01534 (0.01374)
2021-11-05 17:56:46,878 Epoch: [7][40/200]	Time 0.554s (0.549s)	Speed 57.8 samples/s	Data 0.000s (0.002s)	Loss 0.01112 (0.01368)
2021-11-05 17:56:52,308 Epoch: [7][50/200]	Time 0.541s (0.548s)	Speed 59.1 samples/s	Data 0.000s (0.002s)	Loss 0.01317 (0.01352)
2021-11-05 17:56:57,793 Epoch: [7][60/200]	Time 0.557s (0.548s)	Speed 57.5 samples/s	Data 0.000s (0.001s)	Loss 0.01237 (0.01343)
2021-11-05 17:57:03,137 Epoch: [7][70/200]	Time 0.540s (0.546s)	Speed 59.2 samples/s	Data 0.000s (0.001s)	Loss 0.01108 (0.01327)
2021-11-05 17:57:08,514 Epoch: [7][80/200]	Time 0.538s (0.545s)	Speed 59.5 samples/s	Data 0.000s (0.001s)	Loss 0.01142 (0.01326)
2021-11-05 17:57:13,879 Epoch: [7][90/200]	Time 0.523s (0.544s)	Speed 61.2 samples/s	Data 0.000s (0.001s)	Loss 0.01546 (0.01316)
2021-11-05 17:57:19,237 Epoch: [7][100/200]	Time 0.532s (0.543s)	Speed 60.1 samples/s	Data 0.000s (0.001s)	Loss 0.01574 (0.01324)
2021-11-05 17:57:24,582 Epoch: [7][110/200]	Time 0.531s (0.543s)	Speed 60.3 samples/s	Data 0.000s (0.001s)	Loss 0.00962 (0.01321)
2021-11-05 17:57:29,962 Epoch: [7][120/200]	Time 0.556s (0.542s)	Speed 57.5 samples/s	Data 0.000s (0.001s)	Loss 0.01233 (0.01329)
2021-11-05 17:57:35,265 Epoch: [7][130/200]	Time 0.524s (0.541s)	Speed 61.0 samples/s	Data 0.000s (0.001s)	Loss 0.01185 (0.01328)
2021-11-05 17:57:40,599 Epoch: [7][140/200]	Time 0.539s (0.541s)	Speed 59.4 samples/s	Data 0.000s (0.001s)	Loss 0.01678 (0.01323)
2021-11-05 17:57:45,956 Epoch: [7][150/200]	Time 0.532s (0.540s)	Speed 60.1 samples/s	Data 0.000s (0.001s)	Loss 0.01291 (0.01325)
2021-11-05 17:57:51,301 Epoch: [7][160/200]	Time 0.537s (0.540s)	Speed 59.6 samples/s	Data 0.000s (0.001s)	Loss 0.01612 (0.01329)
2021-11-05 17:57:56,353 Epoch: [7][170/200]	Time 0.495s (0.538s)	Speed 64.6 samples/s	Data 0.000s (0.001s)	Loss 0.01433 (0.01332)
2021-11-05 17:58:01,401 Epoch: [7][180/200]	Time 0.508s (0.536s)	Speed 63.0 samples/s	Data 0.000s (0.001s)	Loss 0.01328 (0.01337)
2021-11-05 17:58:06,906 Epoch: [7][190/200]	Time 0.556s (0.537s)	Speed 57.5 samples/s	Data 0.000s (0.001s)	Loss 0.01299 (0.01355)
2021-11-05 17:58:11,518 Test: [0/200]	Time 0.073 (0.073)	Loss 0.1361 (0.1361)
2021-11-05 17:58:11,852 Test: [10/200]	Time 0.032 (0.037)	Loss 0.0380 (0.1051)
2021-11-05 17:58:12,187 Test: [20/200]	Time 0.034 (0.035)	Loss 0.0621 (0.1059)
2021-11-05 17:58:12,529 Test: [30/200]	Time 0.047 (0.035)	Loss 0.1594 (0.1154)
2021-11-05 17:58:12,862 Test: [40/200]	Time 0.034 (0.035)	Loss 0.1027 (0.1219)
2021-11-05 17:58:13,197 Test: [50/200]	Time 0.033 (0.034)	Loss 0.2029 (0.1209)
2021-11-05 17:58:13,533 Test: [60/200]	Time 0.033 (0.034)	Loss 0.1387 (0.1225)
2021-11-05 17:58:13,873 Test: [70/200]	Time 0.033 (0.034)	Loss 0.0858 (0.1215)
2021-11-05 17:58:14,209 Test: [80/200]	Time 0.032 (0.034)	Loss 0.1504 (0.1197)
2021-11-05 17:58:14,545 Test: [90/200]	Time 0.033 (0.034)	Loss 0.1480 (0.1218)
2021-11-05 17:58:14,897 Test: [100/200]	Time 0.033 (0.034)	Loss 0.1602 (0.1205)
2021-11-05 17:58:15,227 Test: [110/200]	Time 0.034 (0.034)	Loss 0.2396 (0.1222)
2021-11-05 17:58:15,560 Test: [120/200]	Time 0.032 (0.034)	Loss 0.1728 (0.1214)
2021-11-05 17:58:15,892 Test: [130/200]	Time 0.031 (0.034)	Loss 0.0849 (0.1212)
2021-11-05 17:58:16,222 Test: [140/200]	Time 0.032 (0.034)	Loss 0.1528 (0.1204)
2021-11-05 17:58:16,551 Test: [150/200]	Time 0.034 (0.034)	Loss 0.1254 (0.1186)
2021-11-05 17:58:16,900 Test: [160/200]	Time 0.032 (0.034)	Loss 0.1658 (0.1187)
2021-11-05 17:58:17,240 Test: [170/200]	Time 0.033 (0.034)	Loss 0.1199 (0.1169)
2021-11-05 17:58:17,570 Test: [180/200]	Time 0.034 (0.034)	Loss 0.0978 (0.1161)
2021-11-05 17:58:17,904 Test: [190/200]	Time 0.032 (0.034)	Loss 0.0575 (0.1169)
2021-11-05 17:58:18,820 Mean IoU score: 0.729
2021-11-05 17:58:18,821 => saving checkpoint to out
2021-11-05 17:58:19,531 Epoch: [8][0/200]	Time 0.688s (0.688s)	Speed 46.5 samples/s	Data 0.077s (0.077s)	Loss 0.01414 (0.01414)
2021-11-05 17:58:24,840 Epoch: [8][10/200]	Time 0.537s (0.545s)	Speed 59.6 samples/s	Data 0.000s (0.007s)	Loss 0.01267 (0.01437)
2021-11-05 17:58:30,230 Epoch: [8][20/200]	Time 0.519s (0.542s)	Speed 61.6 samples/s	Data 0.000s (0.004s)	Loss 0.01406 (0.01458)
2021-11-05 17:58:35,713 Epoch: [8][30/200]	Time 0.541s (0.544s)	Speed 59.1 samples/s	Data 0.000s (0.003s)	Loss 0.01542 (0.01443)
2021-11-05 17:58:41,012 Epoch: [8][40/200]	Time 0.516s (0.541s)	Speed 62.0 samples/s	Data 0.000s (0.002s)	Loss 0.01048 (0.01417)
2021-11-05 17:58:46,079 Epoch: [8][50/200]	Time 0.503s (0.534s)	Speed 63.6 samples/s	Data 0.000s (0.002s)	Loss 0.01283 (0.01411)
2021-11-05 17:58:51,112 Epoch: [8][60/200]	Time 0.511s (0.529s)	Speed 62.6 samples/s	Data 0.000s (0.001s)	Loss 0.01418 (0.01385)
2021-11-05 17:58:56,178 Epoch: [8][70/200]	Time 0.504s (0.526s)	Speed 63.5 samples/s	Data 0.000s (0.001s)	Loss 0.01178 (0.01357)
2021-11-05 17:59:01,240 Epoch: [8][80/200]	Time 0.502s (0.523s)	Speed 63.7 samples/s	Data 0.000s (0.001s)	Loss 0.00970 (0.01347)
2021-11-05 17:59:06,293 Epoch: [8][90/200]	Time 0.514s (0.521s)	Speed 62.3 samples/s	Data 0.000s (0.001s)	Loss 0.01105 (0.01349)
2021-11-05 17:59:11,343 Epoch: [8][100/200]	Time 0.513s (0.520s)	Speed 62.3 samples/s	Data 0.000s (0.001s)	Loss 0.01384 (0.01360)
2021-11-05 17:59:16,436 Epoch: [8][110/200]	Time 0.509s (0.519s)	Speed 62.8 samples/s	Data 0.000s (0.001s)	Loss 0.01544 (0.01361)
2021-11-05 17:59:21,541 Epoch: [8][120/200]	Time 0.521s (0.518s)	Speed 61.4 samples/s	Data 0.000s (0.001s)	Loss 0.01429 (0.01369)
2021-11-05 17:59:26,981 Epoch: [8][130/200]	Time 0.530s (0.520s)	Speed 60.4 samples/s	Data 0.000s (0.001s)	Loss 0.00951 (0.01365)
2021-11-05 17:59:32,334 Epoch: [8][140/200]	Time 0.547s (0.521s)	Speed 58.5 samples/s	Data 0.000s (0.001s)	Loss 0.01562 (0.01365)
2021-11-05 17:59:37,727 Epoch: [8][150/200]	Time 0.542s (0.522s)	Speed 59.1 samples/s	Data 0.000s (0.001s)	Loss 0.01110 (0.01354)
2021-11-05 17:59:43,063 Epoch: [8][160/200]	Time 0.553s (0.523s)	Speed 57.9 samples/s	Data 0.000s (0.001s)	Loss 0.01316 (0.01349)
2021-11-05 17:59:48,387 Epoch: [8][170/200]	Time 0.515s (0.524s)	Speed 62.1 samples/s	Data 0.000s (0.001s)	Loss 0.01156 (0.01346)
2021-11-05 17:59:53,446 Epoch: [8][180/200]	Time 0.519s (0.523s)	Speed 61.6 samples/s	Data 0.000s (0.001s)	Loss 0.01491 (0.01343)
2021-11-05 17:59:58,490 Epoch: [8][190/200]	Time 0.502s (0.522s)	Speed 63.7 samples/s	Data 0.000s (0.001s)	Loss 0.01314 (0.01335)
2021-11-05 18:00:03,126 Test: [0/200]	Time 0.068 (0.068)	Loss 0.0757 (0.0757)
2021-11-05 18:00:03,467 Test: [10/200]	Time 0.032 (0.037)	Loss 0.0180 (0.0546)
2021-11-05 18:00:03,802 Test: [20/200]	Time 0.033 (0.035)	Loss 0.0394 (0.0560)
2021-11-05 18:00:04,147 Test: [30/200]	Time 0.033 (0.035)	Loss 0.0720 (0.0643)
2021-11-05 18:00:04,494 Test: [40/200]	Time 0.032 (0.035)	Loss 0.0363 (0.0662)
2021-11-05 18:00:04,832 Test: [50/200]	Time 0.033 (0.035)	Loss 0.1061 (0.0665)
2021-11-05 18:00:05,170 Test: [60/200]	Time 0.034 (0.035)	Loss 0.1148 (0.0678)
2021-11-05 18:00:05,505 Test: [70/200]	Time 0.032 (0.034)	Loss 0.0505 (0.0675)
2021-11-05 18:00:05,844 Test: [80/200]	Time 0.034 (0.034)	Loss 0.0771 (0.0663)
2021-11-05 18:00:06,176 Test: [90/200]	Time 0.035 (0.034)	Loss 0.0946 (0.0678)
2021-11-05 18:00:06,520 Test: [100/200]	Time 0.033 (0.034)	Loss 0.1076 (0.0673)
2021-11-05 18:00:06,851 Test: [110/200]	Time 0.032 (0.034)	Loss 0.1615 (0.0681)
2021-11-05 18:00:07,184 Test: [120/200]	Time 0.034 (0.034)	Loss 0.0651 (0.0668)
2021-11-05 18:00:07,514 Test: [130/200]	Time 0.031 (0.034)	Loss 0.0514 (0.0668)
2021-11-05 18:00:07,838 Test: [140/200]	Time 0.031 (0.034)	Loss 0.0586 (0.0663)
2021-11-05 18:00:08,171 Test: [150/200]	Time 0.033 (0.034)	Loss 0.0522 (0.0650)
2021-11-05 18:00:08,504 Test: [160/200]	Time 0.032 (0.034)	Loss 0.0855 (0.0654)
2021-11-05 18:00:08,839 Test: [170/200]	Time 0.034 (0.034)	Loss 0.0668 (0.0647)
2021-11-05 18:00:09,176 Test: [180/200]	Time 0.032 (0.034)	Loss 0.0499 (0.0648)
2021-11-05 18:00:09,509 Test: [190/200]	Time 0.032 (0.034)	Loss 0.0280 (0.0648)
2021-11-05 18:00:10,434 Mean IoU score: 0.843
2021-11-05 18:00:10,434 => saving checkpoint to out
2021-11-05 18:00:11,116 Epoch: [9][0/200]	Time 0.657s (0.657s)	Speed 48.7 samples/s	Data 0.088s (0.088s)	Loss 0.01282 (0.01282)
2021-11-05 18:00:16,139 Epoch: [9][10/200]	Time 0.505s (0.516s)	Speed 63.4 samples/s	Data 0.000s (0.008s)	Loss 0.01088 (0.01173)
2021-11-05 18:00:21,218 Epoch: [9][20/200]	Time 0.513s (0.512s)	Speed 62.4 samples/s	Data 0.000s (0.004s)	Loss 0.01932 (0.01253)
2021-11-05 18:00:26,797 Epoch: [9][30/200]	Time 0.558s (0.527s)	Speed 57.4 samples/s	Data 0.000s (0.003s)	Loss 0.01314 (0.01302)
2021-11-05 18:00:32,392 Epoch: [9][40/200]	Time 0.573s (0.535s)	Speed 55.8 samples/s	Data 0.000s (0.002s)	Loss 0.01209 (0.01327)
2021-11-05 18:00:37,952 Epoch: [9][50/200]	Time 0.537s (0.539s)	Speed 59.6 samples/s	Data 0.000s (0.002s)	Loss 0.00883 (0.01315)
2021-11-05 18:00:42,959 Epoch: [9][60/200]	Time 0.516s (0.533s)	Speed 62.0 samples/s	Data 0.000s (0.002s)	Loss 0.01373 (0.01302)
2021-11-05 18:00:48,430 Epoch: [9][70/200]	Time 0.537s (0.535s)	Speed 59.5 samples/s	Data 0.000s (0.001s)	Loss 0.01138 (0.01299)
2021-11-05 18:00:53,888 Epoch: [9][80/200]	Time 0.569s (0.536s)	Speed 56.3 samples/s	Data 0.000s (0.001s)	Loss 0.00940 (0.01297)
2021-11-05 18:00:59,352 Epoch: [9][90/200]	Time 0.557s (0.537s)	Speed 57.5 samples/s	Data 0.000s (0.001s)	Loss 0.01381 (0.01285)
2021-11-05 18:01:04,796 Epoch: [9][100/200]	Time 0.529s (0.538s)	Speed 60.5 samples/s	Data 0.000s (0.001s)	Loss 0.01739 (0.01284)
2021-11-05 18:01:10,203 Epoch: [9][110/200]	Time 0.532s (0.538s)	Speed 60.1 samples/s	Data 0.000s (0.001s)	Loss 0.01201 (0.01272)
2021-11-05 18:01:15,701 Epoch: [9][120/200]	Time 0.542s (0.539s)	Speed 59.0 samples/s	Data 0.000s (0.001s)	Loss 0.01073 (0.01257)
2021-11-05 18:01:21,113 Epoch: [9][130/200]	Time 0.537s (0.539s)	Speed 59.5 samples/s	Data 0.000s (0.001s)	Loss 0.00968 (0.01257)
2021-11-05 18:01:26,542 Epoch: [9][140/200]	Time 0.545s (0.540s)	Speed 58.7 samples/s	Data 0.000s (0.001s)	Loss 0.01427 (0.01253)
2021-11-05 18:01:31,958 Epoch: [9][150/200]	Time 0.530s (0.540s)	Speed 60.4 samples/s	Data 0.000s (0.001s)	Loss 0.00999 (0.01246)
2021-11-05 18:01:37,256 Epoch: [9][160/200]	Time 0.516s (0.539s)	Speed 62.0 samples/s	Data 0.000s (0.001s)	Loss 0.01298 (0.01240)
2021-11-05 18:01:42,265 Epoch: [9][170/200]	Time 0.492s (0.537s)	Speed 65.0 samples/s	Data 0.000s (0.001s)	Loss 0.01141 (0.01229)
2021-11-05 18:01:47,258 Epoch: [9][180/200]	Time 0.511s (0.535s)	Speed 62.6 samples/s	Data 0.000s (0.001s)	Loss 0.01493 (0.01228)
2021-11-05 18:01:52,261 Epoch: [9][190/200]	Time 0.500s (0.533s)	Speed 64.1 samples/s	Data 0.000s (0.001s)	Loss 0.00939 (0.01221)
2021-11-05 18:01:57,263 Test: [0/200]	Time 0.071 (0.071)	Loss 0.1000 (0.1000)
2021-11-05 18:01:57,623 Test: [10/200]	Time 0.037 (0.039)	Loss 0.0381 (0.0650)
2021-11-05 18:01:57,997 Test: [20/200]	Time 0.034 (0.038)	Loss 0.0333 (0.0675)
2021-11-05 18:01:58,356 Test: [30/200]	Time 0.035 (0.038)	Loss 0.1300 (0.0752)
2021-11-05 18:01:58,719 Test: [40/200]	Time 0.034 (0.037)	Loss 0.0670 (0.0790)
2021-11-05 18:01:59,093 Test: [50/200]	Time 0.037 (0.037)	Loss 0.1028 (0.0778)
2021-11-05 18:01:59,476 Test: [60/200]	Time 0.038 (0.037)	Loss 0.1090 (0.0815)
2021-11-05 18:01:59,850 Test: [70/200]	Time 0.036 (0.037)	Loss 0.0862 (0.0816)
2021-11-05 18:02:00,235 Test: [80/200]	Time 0.037 (0.038)	Loss 0.1459 (0.0799)
2021-11-05 18:02:00,613 Test: [90/200]	Time 0.037 (0.038)	Loss 0.1033 (0.0817)
2021-11-05 18:02:00,989 Test: [100/200]	Time 0.038 (0.038)	Loss 0.0956 (0.0810)
2021-11-05 18:02:01,364 Test: [110/200]	Time 0.037 (0.038)	Loss 0.1547 (0.0818)
2021-11-05 18:02:01,742 Test: [120/200]	Time 0.038 (0.038)	Loss 0.0646 (0.0812)
2021-11-05 18:02:02,133 Test: [130/200]	Time 0.034 (0.038)	Loss 0.0649 (0.0812)
2021-11-05 18:02:02,508 Test: [140/200]	Time 0.036 (0.038)	Loss 0.0665 (0.0804)
2021-11-05 18:02:02,878 Test: [150/200]	Time 0.036 (0.038)	Loss 0.1051 (0.0800)
2021-11-05 18:02:03,248 Test: [160/200]	Time 0.036 (0.038)	Loss 0.0894 (0.0803)
2021-11-05 18:02:03,629 Test: [170/200]	Time 0.036 (0.038)	Loss 0.0513 (0.0799)
2021-11-05 18:02:04,002 Test: [180/200]	Time 0.036 (0.038)	Loss 0.0689 (0.0794)
2021-11-05 18:02:04,399 Test: [190/200]	Time 0.037 (0.038)	Loss 0.0359 (0.0796)
2021-11-05 18:02:05,429 Mean IoU score: 0.819
2021-11-05 18:02:05,430 => saving checkpoint to out
2021-11-05 18:02:06,145 Epoch: [10][0/200]	Time 0.695s (0.695s)	Speed 46.0 samples/s	Data 0.084s (0.084s)	Loss 0.00833 (0.00833)
2021-11-05 18:02:11,603 Epoch: [10][10/200]	Time 0.540s (0.559s)	Speed 59.3 samples/s	Data 0.000s (0.008s)	Loss 0.00895 (0.01067)
2021-11-05 18:02:17,087 Epoch: [10][20/200]	Time 0.563s (0.554s)	Speed 56.9 samples/s	Data 0.000s (0.004s)	Loss 0.01020 (0.01028)
2021-11-05 18:02:22,490 Epoch: [10][30/200]	Time 0.534s (0.550s)	Speed 59.9 samples/s	Data 0.000s (0.003s)	Loss 0.01212 (0.01059)
2021-11-05 18:02:27,909 Epoch: [10][40/200]	Time 0.551s (0.548s)	Speed 58.1 samples/s	Data 0.000s (0.002s)	Loss 0.00918 (0.01084)
2021-11-05 18:02:33,371 Epoch: [10][50/200]	Time 0.543s (0.547s)	Speed 58.9 samples/s	Data 0.000s (0.002s)	Loss 0.01498 (0.01107)
2021-11-05 18:02:38,778 Epoch: [10][60/200]	Time 0.557s (0.546s)	Speed 57.4 samples/s	Data 0.000s (0.002s)	Loss 0.01503 (0.01121)
2021-11-05 18:02:44,212 Epoch: [10][70/200]	Time 0.557s (0.546s)	Speed 57.4 samples/s	Data 0.000s (0.001s)	Loss 0.00940 (0.01120)
2021-11-05 18:02:49,644 Epoch: [10][80/200]	Time 0.551s (0.546s)	Speed 58.0 samples/s	Data 0.000s (0.001s)	Loss 0.01142 (0.01116)
2021-11-05 18:02:55,058 Epoch: [10][90/200]	Time 0.545s (0.545s)	Speed 58.7 samples/s	Data 0.000s (0.001s)	Loss 0.00901 (0.01108)
2021-11-05 18:03:00,477 Epoch: [10][100/200]	Time 0.569s (0.545s)	Speed 56.2 samples/s	Data 0.000s (0.001s)	Loss 0.00939 (0.01107)
2021-11-05 18:03:05,929 Epoch: [10][110/200]	Time 0.527s (0.545s)	Speed 60.7 samples/s	Data 0.000s (0.001s)	Loss 0.00814 (0.01099)
2021-11-05 18:03:11,321 Epoch: [10][120/200]	Time 0.525s (0.544s)	Speed 61.0 samples/s	Data 0.000s (0.001s)	Loss 0.01145 (0.01105)
2021-11-05 18:03:16,774 Epoch: [10][130/200]	Time 0.546s (0.544s)	Speed 58.6 samples/s	Data 0.000s (0.001s)	Loss 0.01130 (0.01106)
2021-11-05 18:03:22,226 Epoch: [10][140/200]	Time 0.539s (0.545s)	Speed 59.4 samples/s	Data 0.000s (0.001s)	Loss 0.01036 (0.01107)
2021-11-05 18:03:27,686 Epoch: [10][150/200]	Time 0.549s (0.545s)	Speed 58.3 samples/s	Data 0.000s (0.001s)	Loss 0.01003 (0.01102)
2021-11-05 18:03:33,145 Epoch: [10][160/200]	Time 0.527s (0.545s)	Speed 60.8 samples/s	Data 0.000s (0.001s)	Loss 0.00873 (0.01097)
2021-11-05 18:03:38,531 Epoch: [10][170/200]	Time 0.543s (0.544s)	Speed 58.9 samples/s	Data 0.000s (0.001s)	Loss 0.01208 (0.01097)
2021-11-05 18:03:43,932 Epoch: [10][180/200]	Time 0.546s (0.544s)	Speed 58.6 samples/s	Data 0.000s (0.001s)	Loss 0.00963 (0.01091)
2021-11-05 18:03:49,356 Epoch: [10][190/200]	Time 0.546s (0.544s)	Speed 58.6 samples/s	Data 0.000s (0.001s)	Loss 0.01092 (0.01087)
2021-11-05 18:03:54,215 Test: [0/200]	Time 0.066 (0.066)	Loss 0.0624 (0.0624)
2021-11-05 18:03:54,570 Test: [10/200]	Time 0.035 (0.038)	Loss 0.0206 (0.0515)
2021-11-05 18:03:54,925 Test: [20/200]	Time 0.034 (0.037)	Loss 0.0278 (0.0527)
2021-11-05 18:03:55,279 Test: [30/200]	Time 0.035 (0.036)	Loss 0.0790 (0.0568)
2021-11-05 18:03:55,639 Test: [40/200]	Time 0.035 (0.036)	Loss 0.0412 (0.0596)
2021-11-05 18:03:56,001 Test: [50/200]	Time 0.034 (0.036)	Loss 0.0718 (0.0593)
2021-11-05 18:03:56,355 Test: [60/200]	Time 0.035 (0.036)	Loss 0.1065 (0.0615)
2021-11-05 18:03:56,703 Test: [70/200]	Time 0.034 (0.036)	Loss 0.0494 (0.0617)
2021-11-05 18:03:57,052 Test: [80/200]	Time 0.034 (0.036)	Loss 0.0833 (0.0609)
2021-11-05 18:03:57,405 Test: [90/200]	Time 0.035 (0.036)	Loss 0.0849 (0.0627)
2021-11-05 18:03:57,759 Test: [100/200]	Time 0.036 (0.036)	Loss 0.1045 (0.0628)
2021-11-05 18:03:58,115 Test: [110/200]	Time 0.035 (0.036)	Loss 0.1649 (0.0639)
2021-11-05 18:03:58,469 Test: [120/200]	Time 0.035 (0.036)	Loss 0.0691 (0.0625)
2021-11-05 18:03:58,826 Test: [130/200]	Time 0.035 (0.036)	Loss 0.0458 (0.0627)
2021-11-05 18:03:59,179 Test: [140/200]	Time 0.034 (0.036)	Loss 0.0589 (0.0624)
2021-11-05 18:03:59,534 Test: [150/200]	Time 0.035 (0.036)	Loss 0.0570 (0.0614)
2021-11-05 18:03:59,888 Test: [160/200]	Time 0.034 (0.036)	Loss 0.0737 (0.0618)
2021-11-05 18:04:00,261 Test: [170/200]	Time 0.035 (0.036)	Loss 0.0541 (0.0612)
2021-11-05 18:04:00,616 Test: [180/200]	Time 0.034 (0.036)	Loss 0.0461 (0.0608)
2021-11-05 18:04:00,966 Test: [190/200]	Time 0.034 (0.036)	Loss 0.0250 (0.0606)
2021-11-05 18:04:01,942 Mean IoU score: 0.856
2021-11-05 18:04:01,943 => saving checkpoint to out
2021-11-05 18:04:02,629 Epoch: [11][0/200]	Time 0.656s (0.656s)	Speed 48.8 samples/s	Data 0.081s (0.081s)	Loss 0.00844 (0.00844)
2021-11-05 18:04:07,604 Epoch: [11][10/200]	Time 0.488s (0.512s)	Speed 65.6 samples/s	Data 0.000s (0.008s)	Loss 0.01007 (0.00902)
2021-11-05 18:04:12,587 Epoch: [11][20/200]	Time 0.505s (0.505s)	Speed 63.4 samples/s	Data 0.000s (0.004s)	Loss 0.01188 (0.00913)
2021-11-05 18:04:17,564 Epoch: [11][30/200]	Time 0.513s (0.503s)	Speed 62.4 samples/s	Data 0.000s (0.003s)	Loss 0.00850 (0.00923)
2021-11-05 18:04:22,570 Epoch: [11][40/200]	Time 0.505s (0.502s)	Speed 63.4 samples/s	Data 0.000s (0.002s)	Loss 0.01288 (0.00940)
2021-11-05 18:04:27,922 Epoch: [11][50/200]	Time 0.546s (0.509s)	Speed 58.6 samples/s	Data 0.000s (0.002s)	Loss 0.00916 (0.00951)
2021-11-05 18:04:33,256 Epoch: [11][60/200]	Time 0.517s (0.513s)	Speed 61.8 samples/s	Data 0.000s (0.002s)	Loss 0.00995 (0.00955)
2021-11-05 18:04:38,579 Epoch: [11][70/200]	Time 0.530s (0.516s)	Speed 60.4 samples/s	Data 0.000s (0.001s)	Loss 0.01049 (0.00944)
2021-11-05 18:04:43,933 Epoch: [11][80/200]	Time 0.521s (0.518s)	Speed 61.4 samples/s	Data 0.000s (0.001s)	Loss 0.00887 (0.00941)
2021-11-05 18:04:49,254 Epoch: [11][90/200]	Time 0.518s (0.520s)	Speed 61.7 samples/s	Data 0.000s (0.001s)	Loss 0.00906 (0.00938)
2021-11-05 18:04:54,609 Epoch: [11][100/200]	Time 0.537s (0.521s)	Speed 59.6 samples/s	Data 0.000s (0.001s)	Loss 0.00973 (0.00941)
2021-11-05 18:04:59,928 Epoch: [11][110/200]	Time 0.518s (0.522s)	Speed 61.8 samples/s	Data 0.000s (0.001s)	Loss 0.01093 (0.00937)
2021-11-05 18:05:05,292 Epoch: [11][120/200]	Time 0.534s (0.523s)	Speed 59.9 samples/s	Data 0.000s (0.001s)	Loss 0.00821 (0.00938)
2021-11-05 18:05:10,682 Epoch: [11][130/200]	Time 0.546s (0.524s)	Speed 58.6 samples/s	Data 0.000s (0.001s)	Loss 0.00879 (0.00938)
2021-11-05 18:05:15,992 Epoch: [11][140/200]	Time 0.527s (0.525s)	Speed 60.8 samples/s	Data 0.000s (0.001s)	Loss 0.01226 (0.00946)
2021-11-05 18:05:21,324 Epoch: [11][150/200]	Time 0.528s (0.526s)	Speed 60.6 samples/s	Data 0.000s (0.001s)	Loss 0.01137 (0.00945)
2021-11-05 18:05:26,656 Epoch: [11][160/200]	Time 0.539s (0.526s)	Speed 59.4 samples/s	Data 0.000s (0.001s)	Loss 0.01047 (0.00946)
2021-11-05 18:05:31,981 Epoch: [11][170/200]	Time 0.528s (0.526s)	Speed 60.6 samples/s	Data 0.000s (0.001s)	Loss 0.01154 (0.00950)
2021-11-05 18:05:37,316 Epoch: [11][180/200]	Time 0.530s (0.527s)	Speed 60.4 samples/s	Data 0.000s (0.001s)	Loss 0.00894 (0.00951)
2021-11-05 18:05:42,655 Epoch: [11][190/200]	Time 0.528s (0.527s)	Speed 60.7 samples/s	Data 0.000s (0.001s)	Loss 0.00959 (0.00951)
2021-11-05 18:05:47,534 Test: [0/200]	Time 0.065 (0.065)	Loss 0.0549 (0.0549)
2021-11-05 18:05:47,892 Test: [10/200]	Time 0.034 (0.038)	Loss 0.0274 (0.0506)
2021-11-05 18:05:48,247 Test: [20/200]	Time 0.034 (0.037)	Loss 0.0228 (0.0509)
2021-11-05 18:05:48,603 Test: [30/200]	Time 0.035 (0.037)	Loss 0.0660 (0.0557)
2021-11-05 18:05:48,964 Test: [40/200]	Time 0.035 (0.036)	Loss 0.0379 (0.0579)
2021-11-05 18:05:49,315 Test: [50/200]	Time 0.035 (0.036)	Loss 0.0916 (0.0578)
2021-11-05 18:05:49,681 Test: [60/200]	Time 0.034 (0.036)	Loss 0.0984 (0.0602)
2021-11-05 18:05:50,036 Test: [70/200]	Time 0.035 (0.036)	Loss 0.0468 (0.0605)
2021-11-05 18:05:50,384 Test: [80/200]	Time 0.034 (0.036)	Loss 0.0931 (0.0593)
2021-11-05 18:05:50,737 Test: [90/200]	Time 0.034 (0.036)	Loss 0.0751 (0.0606)
2021-11-05 18:05:51,088 Test: [100/200]	Time 0.034 (0.036)	Loss 0.1008 (0.0606)
2021-11-05 18:05:51,441 Test: [110/200]	Time 0.034 (0.036)	Loss 0.1580 (0.0614)
2021-11-05 18:05:51,807 Test: [120/200]	Time 0.034 (0.036)	Loss 0.0694 (0.0603)
2021-11-05 18:05:52,155 Test: [130/200]	Time 0.034 (0.036)	Loss 0.0442 (0.0602)
2021-11-05 18:05:52,506 Test: [140/200]	Time 0.034 (0.036)	Loss 0.0533 (0.0598)
2021-11-05 18:05:52,857 Test: [150/200]	Time 0.035 (0.036)	Loss 0.0670 (0.0588)
2021-11-05 18:05:53,209 Test: [160/200]	Time 0.035 (0.036)	Loss 0.0592 (0.0593)
2021-11-05 18:05:53,567 Test: [170/200]	Time 0.036 (0.036)	Loss 0.0467 (0.0588)
2021-11-05 18:05:53,943 Test: [180/200]	Time 0.035 (0.036)	Loss 0.0406 (0.0585)
2021-11-05 18:05:54,298 Test: [190/200]	Time 0.034 (0.036)	Loss 0.0232 (0.0583)
2021-11-05 18:05:55,286 Mean IoU score: 0.861
2021-11-05 18:05:55,286 => saving checkpoint to out
2021-11-05 18:05:55,998 Epoch: [12][0/200]	Time 0.684s (0.684s)	Speed 46.8 samples/s	Data 0.073s (0.073s)	Loss 0.01111 (0.01111)
2021-11-05 18:06:01,290 Epoch: [12][10/200]	Time 0.533s (0.543s)	Speed 60.1 samples/s	Data 0.000s (0.007s)	Loss 0.01048 (0.00991)
2021-11-05 18:06:06,599 Epoch: [12][20/200]	Time 0.569s (0.537s)	Speed 56.3 samples/s	Data 0.000s (0.004s)	Loss 0.01043 (0.00916)
2021-11-05 18:06:11,879 Epoch: [12][30/200]	Time 0.517s (0.534s)	Speed 61.9 samples/s	Data 0.000s (0.003s)	Loss 0.00945 (0.00903)
2021-11-05 18:06:17,135 Epoch: [12][40/200]	Time 0.521s (0.532s)	Speed 61.4 samples/s	Data 0.000s (0.002s)	Loss 0.00906 (0.00900)
2021-11-05 18:06:22,397 Epoch: [12][50/200]	Time 0.518s (0.531s)	Speed 61.8 samples/s	Data 0.000s (0.002s)	Loss 0.00864 (0.00892)
2021-11-05 18:06:27,457 Epoch: [12][60/200]	Time 0.495s (0.527s)	Speed 64.7 samples/s	Data 0.000s (0.001s)	Loss 0.00720 (0.00894)
2021-11-05 18:06:33,002 Epoch: [12][70/200]	Time 0.571s (0.531s)	Speed 56.0 samples/s	Data 0.000s (0.001s)	Loss 0.00935 (0.00889)
2021-11-05 18:06:38,550 Epoch: [12][80/200]	Time 0.557s (0.534s)	Speed 57.5 samples/s	Data 0.000s (0.001s)	Loss 0.00957 (0.00896)
2021-11-05 18:06:43,538 Epoch: [12][90/200]	Time 0.501s (0.530s)	Speed 63.9 samples/s	Data 0.000s (0.001s)	Loss 0.00712 (0.00896)
2021-11-05 18:06:48,515 Epoch: [12][100/200]	Time 0.485s (0.527s)	Speed 65.9 samples/s	Data 0.000s (0.001s)	Loss 0.00865 (0.00890)
2021-11-05 18:06:53,498 Epoch: [12][110/200]	Time 0.499s (0.524s)	Speed 64.2 samples/s	Data 0.000s (0.001s)	Loss 0.00727 (0.00894)
2021-11-05 18:06:58,496 Epoch: [12][120/200]	Time 0.497s (0.522s)	Speed 64.4 samples/s	Data 0.000s (0.001s)	Loss 0.00773 (0.00890)
2021-11-05 18:07:03,728 Epoch: [12][130/200]	Time 0.557s (0.522s)	Speed 57.4 samples/s	Data 0.000s (0.001s)	Loss 0.00936 (0.00891)
2021-11-05 18:07:09,114 Epoch: [12][140/200]	Time 0.538s (0.523s)	Speed 59.4 samples/s	Data 0.000s (0.001s)	Loss 0.00863 (0.00891)
2021-11-05 18:07:14,414 Epoch: [12][150/200]	Time 0.538s (0.524s)	Speed 59.5 samples/s	Data 0.000s (0.001s)	Loss 0.00870 (0.00891)
2021-11-05 18:07:19,722 Epoch: [12][160/200]	Time 0.517s (0.524s)	Speed 61.9 samples/s	Data 0.000s (0.001s)	Loss 0.01037 (0.00889)
2021-11-05 18:07:25,068 Epoch: [12][170/200]	Time 0.537s (0.525s)	Speed 59.6 samples/s	Data 0.000s (0.001s)	Loss 0.00784 (0.00890)
2021-11-05 18:07:30,379 Epoch: [12][180/200]	Time 0.529s (0.525s)	Speed 60.5 samples/s	Data 0.000s (0.001s)	Loss 0.00752 (0.00890)
2021-11-05 18:07:35,685 Epoch: [12][190/200]	Time 0.521s (0.525s)	Speed 61.4 samples/s	Data 0.000s (0.001s)	Loss 0.00735 (0.00886)
2021-11-05 18:07:40,526 Test: [0/200]	Time 0.069 (0.069)	Loss 0.0856 (0.0856)
2021-11-05 18:07:40,886 Test: [10/200]	Time 0.035 (0.039)	Loss 0.0257 (0.0523)
2021-11-05 18:07:41,273 Test: [20/200]	Time 0.034 (0.039)	Loss 0.0281 (0.0536)
2021-11-05 18:07:41,630 Test: [30/200]	Time 0.037 (0.038)	Loss 0.0879 (0.0584)
2021-11-05 18:07:41,993 Test: [40/200]	Time 0.036 (0.037)	Loss 0.0425 (0.0601)
2021-11-05 18:07:42,348 Test: [50/200]	Time 0.035 (0.037)	Loss 0.0816 (0.0599)
2021-11-05 18:07:42,705 Test: [60/200]	Time 0.035 (0.037)	Loss 0.1026 (0.0625)
2021-11-05 18:07:43,065 Test: [70/200]	Time 0.036 (0.037)	Loss 0.0547 (0.0626)
2021-11-05 18:07:43,431 Test: [80/200]	Time 0.036 (0.037)	Loss 0.0773 (0.0612)
2021-11-05 18:07:43,798 Test: [90/200]	Time 0.037 (0.037)	Loss 0.0818 (0.0627)
2021-11-05 18:07:44,163 Test: [100/200]	Time 0.036 (0.037)	Loss 0.0852 (0.0625)
2021-11-05 18:07:44,531 Test: [110/200]	Time 0.036 (0.037)	Loss 0.1639 (0.0632)
2021-11-05 18:07:44,900 Test: [120/200]	Time 0.036 (0.037)	Loss 0.0688 (0.0625)
2021-11-05 18:07:45,269 Test: [130/200]	Time 0.035 (0.037)	Loss 0.0488 (0.0624)
2021-11-05 18:07:45,633 Test: [140/200]	Time 0.035 (0.037)	Loss 0.0592 (0.0621)
2021-11-05 18:07:46,001 Test: [150/200]	Time 0.036 (0.037)	Loss 0.0777 (0.0614)
2021-11-05 18:07:46,369 Test: [160/200]	Time 0.036 (0.037)	Loss 0.0709 (0.0619)
2021-11-05 18:07:46,741 Test: [170/200]	Time 0.038 (0.037)	Loss 0.0403 (0.0613)
2021-11-05 18:07:47,108 Test: [180/200]	Time 0.037 (0.037)	Loss 0.0519 (0.0609)
2021-11-05 18:07:47,474 Test: [190/200]	Time 0.035 (0.037)	Loss 0.0226 (0.0606)
2021-11-05 18:07:48,454 Mean IoU score: 0.857
2021-11-05 18:07:48,455 => saving checkpoint to out
2021-11-05 18:07:49,172 Epoch: [13][0/200]	Time 0.699s (0.699s)	Speed 45.8 samples/s	Data 0.103s (0.103s)	Loss 0.00588 (0.00588)
2021-11-05 18:07:54,460 Epoch: [13][10/200]	Time 0.533s (0.544s)	Speed 60.1 samples/s	Data 0.000s (0.010s)	Loss 0.00694 (0.00841)
2021-11-05 18:07:59,751 Epoch: [13][20/200]	Time 0.518s (0.537s)	Speed 61.7 samples/s	Data 0.000s (0.005s)	Loss 0.00614 (0.00792)
2021-11-05 18:08:04,979 Epoch: [13][30/200]	Time 0.519s (0.532s)	Speed 61.6 samples/s	Data 0.000s (0.004s)	Loss 0.00743 (0.00811)
2021-11-05 18:08:10,244 Epoch: [13][40/200]	Time 0.532s (0.531s)	Speed 60.1 samples/s	Data 0.000s (0.003s)	Loss 0.00932 (0.00817)
2021-11-05 18:08:15,484 Epoch: [13][50/200]	Time 0.516s (0.530s)	Speed 62.0 samples/s	Data 0.000s (0.002s)	Loss 0.00864 (0.00810)
2021-11-05 18:08:21,003 Epoch: [13][60/200]	Time 0.556s (0.533s)	Speed 57.6 samples/s	Data 0.000s (0.002s)	Loss 0.00935 (0.00811)
2021-11-05 18:08:26,511 Epoch: [13][70/200]	Time 0.552s (0.536s)	Speed 57.9 samples/s	Data 0.000s (0.002s)	Loss 0.00905 (0.00802)
2021-11-05 18:08:31,958 Epoch: [13][80/200]	Time 0.533s (0.537s)	Speed 60.0 samples/s	Data 0.000s (0.001s)	Loss 0.00976 (0.00810)
2021-11-05 18:08:37,345 Epoch: [13][90/200]	Time 0.544s (0.537s)	Speed 58.8 samples/s	Data 0.000s (0.001s)	Loss 0.01027 (0.00817)
2021-11-05 18:08:42,719 Epoch: [13][100/200]	Time 0.537s (0.537s)	Speed 59.6 samples/s	Data 0.000s (0.001s)	Loss 0.00601 (0.00817)
2021-11-05 18:08:48,188 Epoch: [13][110/200]	Time 0.542s (0.538s)	Speed 59.1 samples/s	Data 0.000s (0.001s)	Loss 0.00836 (0.00820)
2021-11-05 18:08:53,615 Epoch: [13][120/200]	Time 0.545s (0.538s)	Speed 58.7 samples/s	Data 0.000s (0.001s)	Loss 0.00789 (0.00818)
2021-11-05 18:08:59,005 Epoch: [13][130/200]	Time 0.532s (0.538s)	Speed 60.2 samples/s	Data 0.000s (0.001s)	Loss 0.00920 (0.00815)
2021-11-05 18:09:04,437 Epoch: [13][140/200]	Time 0.551s (0.539s)	Speed 58.1 samples/s	Data 0.000s (0.001s)	Loss 0.00929 (0.00818)
2021-11-05 18:09:09,847 Epoch: [13][150/200]	Time 0.537s (0.539s)	Speed 59.6 samples/s	Data 0.000s (0.001s)	Loss 0.00659 (0.00813)
2021-11-05 18:09:15,311 Epoch: [13][160/200]	Time 0.529s (0.539s)	Speed 60.4 samples/s	Data 0.000s (0.001s)	Loss 0.00855 (0.00812)
2021-11-05 18:09:20,277 Epoch: [13][170/200]	Time 0.490s (0.537s)	Speed 65.3 samples/s	Data 0.000s (0.001s)	Loss 0.00923 (0.00812)
2021-11-05 18:09:25,243 Epoch: [13][180/200]	Time 0.506s (0.535s)	Speed 63.2 samples/s	Data 0.000s (0.001s)	Loss 0.00787 (0.00810)
2021-11-05 18:09:30,210 Epoch: [13][190/200]	Time 0.494s (0.533s)	Speed 64.8 samples/s	Data 0.000s (0.001s)	Loss 0.00759 (0.00808)
2021-11-05 18:09:34,786 Test: [0/200]	Time 0.063 (0.063)	Loss 0.0747 (0.0747)
2021-11-05 18:09:35,123 Test: [10/200]	Time 0.033 (0.036)	Loss 0.0183 (0.0492)
2021-11-05 18:09:35,462 Test: [20/200]	Time 0.033 (0.035)	Loss 0.0326 (0.0520)
2021-11-05 18:09:35,797 Test: [30/200]	Time 0.034 (0.035)	Loss 0.0775 (0.0585)
2021-11-05 18:09:36,143 Test: [40/200]	Time 0.034 (0.035)	Loss 0.0422 (0.0613)
2021-11-05 18:09:36,482 Test: [50/200]	Time 0.033 (0.034)	Loss 0.1059 (0.0613)
2021-11-05 18:09:36,821 Test: [60/200]	Time 0.036 (0.034)	Loss 0.1153 (0.0640)
2021-11-05 18:09:37,158 Test: [70/200]	Time 0.034 (0.034)	Loss 0.0546 (0.0643)
2021-11-05 18:09:37,499 Test: [80/200]	Time 0.033 (0.034)	Loss 0.0853 (0.0630)
2021-11-05 18:09:37,835 Test: [90/200]	Time 0.035 (0.034)	Loss 0.1034 (0.0646)
2021-11-05 18:09:38,176 Test: [100/200]	Time 0.033 (0.034)	Loss 0.1163 (0.0647)
2021-11-05 18:09:38,510 Test: [110/200]	Time 0.033 (0.034)	Loss 0.1604 (0.0655)
2021-11-05 18:09:38,849 Test: [120/200]	Time 0.034 (0.034)	Loss 0.0763 (0.0647)
2021-11-05 18:09:39,186 Test: [130/200]	Time 0.033 (0.034)	Loss 0.0528 (0.0644)
2021-11-05 18:09:39,516 Test: [140/200]	Time 0.032 (0.034)	Loss 0.0615 (0.0641)
2021-11-05 18:09:39,851 Test: [150/200]	Time 0.034 (0.034)	Loss 0.0562 (0.0628)
2021-11-05 18:09:40,180 Test: [160/200]	Time 0.032 (0.034)	Loss 0.0665 (0.0633)
2021-11-05 18:09:40,517 Test: [170/200]	Time 0.033 (0.034)	Loss 0.0411 (0.0626)
2021-11-05 18:09:40,857 Test: [180/200]	Time 0.033 (0.034)	Loss 0.0447 (0.0623)
2021-11-05 18:09:41,189 Test: [190/200]	Time 0.033 (0.034)	Loss 0.0225 (0.0621)
2021-11-05 18:09:42,117 Mean IoU score: 0.854
2021-11-05 18:09:42,118 => saving checkpoint to out
2021-11-05 18:09:42,852 Epoch: [14][0/200]	Time 0.710s (0.710s)	Speed 45.0 samples/s	Data 0.081s (0.081s)	Loss 0.00634 (0.00634)
2021-11-05 18:09:48,391 Epoch: [14][10/200]	Time 0.557s (0.568s)	Speed 57.4 samples/s	Data 0.000s (0.008s)	Loss 0.00608 (0.00727)
2021-11-05 18:09:53,962 Epoch: [14][20/200]	Time 0.555s (0.563s)	Speed 57.7 samples/s	Data 0.000s (0.004s)	Loss 0.00697 (0.00730)
2021-11-05 18:09:59,492 Epoch: [14][30/200]	Time 0.561s (0.560s)	Speed 57.0 samples/s	Data 0.000s (0.003s)	Loss 0.00740 (0.00703)
2021-11-05 18:10:05,010 Epoch: [14][40/200]	Time 0.556s (0.558s)	Speed 57.6 samples/s	Data 0.000s (0.002s)	Loss 0.00618 (0.00713)
2021-11-05 18:10:09,936 Epoch: [14][50/200]	Time 0.497s (0.545s)	Speed 64.5 samples/s	Data 0.000s (0.002s)	Loss 0.00944 (0.00734)
2021-11-05 18:10:14,930 Epoch: [14][60/200]	Time 0.498s (0.538s)	Speed 64.2 samples/s	Data 0.000s (0.002s)	Loss 0.00667 (0.00734)
2021-11-05 18:10:19,880 Epoch: [14][70/200]	Time 0.506s (0.532s)	Speed 63.2 samples/s	Data 0.000s (0.001s)	Loss 0.00732 (0.00744)
2021-11-05 18:10:24,898 Epoch: [14][80/200]	Time 0.500s (0.528s)	Speed 64.0 samples/s	Data 0.000s (0.001s)	Loss 0.00874 (0.00742)
2021-11-05 18:10:29,879 Epoch: [14][90/200]	Time 0.506s (0.525s)	Speed 63.3 samples/s	Data 0.000s (0.001s)	Loss 0.00801 (0.00753)
2021-11-05 18:10:34,880 Epoch: [14][100/200]	Time 0.493s (0.522s)	Speed 64.9 samples/s	Data 0.000s (0.001s)	Loss 0.00999 (0.00756)
2021-11-05 18:10:39,870 Epoch: [14][110/200]	Time 0.498s (0.520s)	Speed 64.2 samples/s	Data 0.000s (0.001s)	Loss 0.00639 (0.00763)
2021-11-05 18:10:45,228 Epoch: [14][120/200]	Time 0.539s (0.521s)	Speed 59.4 samples/s	Data 0.000s (0.001s)	Loss 0.00744 (0.00763)
2021-11-05 18:10:50,610 Epoch: [14][130/200]	Time 0.521s (0.523s)	Speed 61.4 samples/s	Data 0.000s (0.001s)	Loss 0.00653 (0.00761)
2021-11-05 18:10:55,650 Epoch: [14][140/200]	Time 0.507s (0.521s)	Speed 63.2 samples/s	Data 0.000s (0.001s)	Loss 0.00611 (0.00765)
2021-11-05 18:11:00,669 Epoch: [14][150/200]	Time 0.515s (0.520s)	Speed 62.1 samples/s	Data 0.000s (0.001s)	Loss 0.00746 (0.00765)
2021-11-05 18:11:06,207 Epoch: [14][160/200]	Time 0.539s (0.522s)	Speed 59.4 samples/s	Data 0.000s (0.001s)	Loss 0.00667 (0.00768)
2021-11-05 18:11:11,701 Epoch: [14][170/200]	Time 0.536s (0.524s)	Speed 59.7 samples/s	Data 0.000s (0.001s)	Loss 0.00860 (0.00771)
2021-11-05 18:11:17,206 Epoch: [14][180/200]	Time 0.555s (0.525s)	Speed 57.6 samples/s	Data 0.000s (0.001s)	Loss 0.00854 (0.00767)
2021-11-05 18:11:22,747 Epoch: [14][190/200]	Time 0.555s (0.527s)	Speed 57.6 samples/s	Data 0.000s (0.001s)	Loss 0.00823 (0.00770)
2021-11-05 18:11:27,748 Test: [0/200]	Time 0.067 (0.067)	Loss 0.0702 (0.0702)
2021-11-05 18:11:28,120 Test: [10/200]	Time 0.035 (0.040)	Loss 0.0119 (0.0500)
2021-11-05 18:11:28,492 Test: [20/200]	Time 0.036 (0.039)	Loss 0.0284 (0.0510)
2021-11-05 18:11:28,862 Test: [30/200]	Time 0.036 (0.038)	Loss 0.0669 (0.0565)
2021-11-05 18:11:29,240 Test: [40/200]	Time 0.037 (0.038)	Loss 0.0390 (0.0588)
2021-11-05 18:11:29,611 Test: [50/200]	Time 0.037 (0.038)	Loss 0.0968 (0.0587)
2021-11-05 18:11:29,985 Test: [60/200]	Time 0.037 (0.038)	Loss 0.1132 (0.0615)
2021-11-05 18:11:30,353 Test: [70/200]	Time 0.036 (0.038)	Loss 0.0495 (0.0611)
2021-11-05 18:11:30,725 Test: [80/200]	Time 0.037 (0.038)	Loss 0.0997 (0.0603)
2021-11-05 18:11:31,100 Test: [90/200]	Time 0.036 (0.038)	Loss 0.0928 (0.0620)
2021-11-05 18:11:31,470 Test: [100/200]	Time 0.036 (0.038)	Loss 0.1122 (0.0623)
2021-11-05 18:11:31,837 Test: [110/200]	Time 0.036 (0.037)	Loss 0.1569 (0.0634)
2021-11-05 18:11:32,204 Test: [120/200]	Time 0.037 (0.037)	Loss 0.0713 (0.0622)
2021-11-05 18:11:32,573 Test: [130/200]	Time 0.036 (0.037)	Loss 0.0439 (0.0623)
2021-11-05 18:11:32,944 Test: [140/200]	Time 0.036 (0.037)	Loss 0.0698 (0.0621)
2021-11-05 18:11:33,307 Test: [150/200]	Time 0.036 (0.037)	Loss 0.0592 (0.0610)
2021-11-05 18:11:33,676 Test: [160/200]	Time 0.036 (0.037)	Loss 0.0590 (0.0615)
2021-11-05 18:11:34,044 Test: [170/200]	Time 0.036 (0.037)	Loss 0.0414 (0.0608)
2021-11-05 18:11:34,411 Test: [180/200]	Time 0.036 (0.037)	Loss 0.0454 (0.0605)
2021-11-05 18:11:34,778 Test: [190/200]	Time 0.037 (0.037)	Loss 0.0223 (0.0603)
2021-11-05 18:11:35,800 Mean IoU score: 0.858
2021-11-05 18:11:35,800 => saving checkpoint to out
2021-11-05 18:11:36,496 Epoch: [15][0/200]	Time 0.672s (0.672s)	Speed 47.6 samples/s	Data 0.075s (0.075s)	Loss 0.00665 (0.00665)
2021-11-05 18:11:41,792 Epoch: [15][10/200]	Time 0.532s (0.543s)	Speed 60.2 samples/s	Data 0.000s (0.007s)	Loss 0.00783 (0.00734)
2021-11-05 18:11:47,104 Epoch: [15][20/200]	Time 0.530s (0.537s)	Speed 60.3 samples/s	Data 0.000s (0.004s)	Loss 0.00670 (0.00720)
2021-11-05 18:11:52,350 Epoch: [15][30/200]	Time 0.521s (0.533s)	Speed 61.4 samples/s	Data 0.000s (0.003s)	Loss 0.00740 (0.00728)
2021-11-05 18:11:57,665 Epoch: [15][40/200]	Time 0.521s (0.533s)	Speed 61.4 samples/s	Data 0.000s (0.002s)	Loss 0.00843 (0.00719)
2021-11-05 18:12:02,656 Epoch: [15][50/200]	Time 0.500s (0.526s)	Speed 63.9 samples/s	Data 0.000s (0.002s)	Loss 0.00853 (0.00723)
2021-11-05 18:12:07,644 Epoch: [15][60/200]	Time 0.502s (0.522s)	Speed 63.8 samples/s	Data 0.000s (0.001s)	Loss 0.00685 (0.00734)
2021-11-05 18:12:12,652 Epoch: [15][70/200]	Time 0.509s (0.519s)	Speed 62.9 samples/s	Data 0.000s (0.001s)	Loss 0.00521 (0.00731)
2021-11-05 18:12:17,607 Epoch: [15][80/200]	Time 0.487s (0.516s)	Speed 65.7 samples/s	Data 0.000s (0.001s)	Loss 0.00699 (0.00726)
2021-11-05 18:12:23,065 Epoch: [15][90/200]	Time 0.553s (0.519s)	Speed 57.9 samples/s	Data 0.000s (0.001s)	Loss 0.00725 (0.00730)
2021-11-05 18:12:28,519 Epoch: [15][100/200]	Time 0.550s (0.522s)	Speed 58.2 samples/s	Data 0.000s (0.001s)	Loss 0.00889 (0.00736)
2021-11-05 18:12:33,882 Epoch: [15][110/200]	Time 0.543s (0.523s)	Speed 59.0 samples/s	Data 0.000s (0.001s)	Loss 0.00584 (0.00738)
2021-11-05 18:12:39,308 Epoch: [15][120/200]	Time 0.531s (0.525s)	Speed 60.2 samples/s	Data 0.000s (0.001s)	Loss 0.00842 (0.00740)
2021-11-05 18:12:44,493 Epoch: [15][130/200]	Time 0.520s (0.524s)	Speed 61.5 samples/s	Data 0.000s (0.001s)	Loss 0.00641 (0.00737)
2021-11-05 18:12:49,802 Epoch: [15][140/200]	Time 0.525s (0.525s)	Speed 61.0 samples/s	Data 0.000s (0.001s)	Loss 0.01071 (0.00739)
2021-11-05 18:12:55,068 Epoch: [15][150/200]	Time 0.511s (0.525s)	Speed 62.6 samples/s	Data 0.000s (0.001s)	Loss 0.00998 (0.00743)
2021-11-05 18:13:00,291 Epoch: [15][160/200]	Time 0.514s (0.525s)	Speed 62.3 samples/s	Data 0.000s (0.001s)	Loss 0.00722 (0.00742)
2021-11-05 18:13:05,514 Epoch: [15][170/200]	Time 0.525s (0.525s)	Speed 60.9 samples/s	Data 0.000s (0.001s)	Loss 0.00502 (0.00740)
2021-11-05 18:13:10,736 Epoch: [15][180/200]	Time 0.538s (0.524s)	Speed 59.5 samples/s	Data 0.000s (0.001s)	Loss 0.00628 (0.00739)
2021-11-05 18:13:15,993 Epoch: [15][190/200]	Time 0.533s (0.524s)	Speed 60.0 samples/s	Data 0.000s (0.001s)	Loss 0.00610 (0.00737)
2021-11-05 18:13:20,793 Test: [0/200]	Time 0.065 (0.065)	Loss 0.0936 (0.0936)
2021-11-05 18:13:21,151 Test: [10/200]	Time 0.035 (0.038)	Loss 0.0177 (0.0684)
2021-11-05 18:13:21,506 Test: [20/200]	Time 0.034 (0.037)	Loss 0.0372 (0.0699)
2021-11-05 18:13:21,855 Test: [30/200]	Time 0.035 (0.036)	Loss 0.1111 (0.0796)
2021-11-05 18:13:22,208 Test: [40/200]	Time 0.035 (0.036)	Loss 0.0530 (0.0821)
2021-11-05 18:13:22,563 Test: [50/200]	Time 0.036 (0.036)	Loss 0.1113 (0.0851)
2021-11-05 18:13:22,917 Test: [60/200]	Time 0.034 (0.036)	Loss 0.1569 (0.0902)
2021-11-05 18:13:23,273 Test: [70/200]	Time 0.034 (0.036)	Loss 0.0639 (0.0903)
2021-11-05 18:13:23,629 Test: [80/200]	Time 0.035 (0.036)	Loss 0.1273 (0.0886)
2021-11-05 18:13:23,985 Test: [90/200]	Time 0.036 (0.036)	Loss 0.1604 (0.0901)
2021-11-05 18:13:24,346 Test: [100/200]	Time 0.038 (0.036)	Loss 0.1907 (0.0894)
2021-11-05 18:13:24,701 Test: [110/200]	Time 0.035 (0.036)	Loss 0.2218 (0.0914)
2021-11-05 18:13:25,058 Test: [120/200]	Time 0.035 (0.036)	Loss 0.1085 (0.0901)
2021-11-05 18:13:25,416 Test: [130/200]	Time 0.034 (0.036)	Loss 0.0410 (0.0901)
2021-11-05 18:13:25,767 Test: [140/200]	Time 0.034 (0.036)	Loss 0.0951 (0.0894)
2021-11-05 18:13:26,122 Test: [150/200]	Time 0.034 (0.036)	Loss 0.0608 (0.0877)
2021-11-05 18:13:26,475 Test: [160/200]	Time 0.034 (0.036)	Loss 0.1113 (0.0880)
2021-11-05 18:13:26,831 Test: [170/200]	Time 0.035 (0.036)	Loss 0.0575 (0.0870)
2021-11-05 18:13:27,191 Test: [180/200]	Time 0.037 (0.036)	Loss 0.0603 (0.0865)
2021-11-05 18:13:27,543 Test: [190/200]	Time 0.034 (0.036)	Loss 0.0249 (0.0860)
2021-11-05 18:13:28,525 Mean IoU score: 0.815
2021-11-05 18:13:28,525 => saving checkpoint to out
2021-11-05 18:13:29,194 Epoch: [16][0/200]	Time 0.643s (0.643s)	Speed 49.7 samples/s	Data 0.084s (0.084s)	Loss 0.00591 (0.00591)
2021-11-05 18:13:34,418 Epoch: [16][10/200]	Time 0.521s (0.533s)	Speed 61.5 samples/s	Data 0.000s (0.008s)	Loss 0.00799 (0.00744)
2021-11-05 18:13:39,933 Epoch: [16][20/200]	Time 0.541s (0.542s)	Speed 59.1 samples/s	Data 0.000s (0.004s)	Loss 0.00831 (0.00777)
2021-11-05 18:13:45,437 Epoch: [16][30/200]	Time 0.570s (0.545s)	Speed 56.2 samples/s	Data 0.000s (0.003s)	Loss 0.00747 (0.00768)
2021-11-05 18:13:50,849 Epoch: [16][40/200]	Time 0.537s (0.544s)	Speed 59.6 samples/s	Data 0.000s (0.002s)	Loss 0.00779 (0.00767)
2021-11-05 18:13:56,285 Epoch: [16][50/200]	Time 0.547s (0.544s)	Speed 58.5 samples/s	Data 0.000s (0.002s)	Loss 0.00858 (0.00761)
2021-11-05 18:14:01,730 Epoch: [16][60/200]	Time 0.555s (0.544s)	Speed 57.7 samples/s	Data 0.000s (0.002s)	Loss 0.00842 (0.00761)
2021-11-05 18:14:07,205 Epoch: [16][70/200]	Time 0.541s (0.544s)	Speed 59.1 samples/s	Data 0.000s (0.001s)	Loss 0.00671 (0.00759)
2021-11-05 18:14:12,670 Epoch: [16][80/200]	Time 0.545s (0.545s)	Speed 58.7 samples/s	Data 0.000s (0.001s)	Loss 0.00518 (0.00747)
2021-11-05 18:14:18,127 Epoch: [16][90/200]	Time 0.540s (0.545s)	Speed 59.3 samples/s	Data 0.000s (0.001s)	Loss 0.00799 (0.00755)
2021-11-05 18:14:23,502 Epoch: [16][100/200]	Time 0.529s (0.544s)	Speed 60.4 samples/s	Data 0.000s (0.001s)	Loss 0.00899 (0.00757)
2021-11-05 18:14:28,880 Epoch: [16][110/200]	Time 0.542s (0.544s)	Speed 59.1 samples/s	Data 0.000s (0.001s)	Loss 0.00701 (0.00755)
2021-11-05 18:14:34,188 Epoch: [16][120/200]	Time 0.528s (0.542s)	Speed 60.6 samples/s	Data 0.000s (0.001s)	Loss 0.00874 (0.00757)
2021-11-05 18:14:39,445 Epoch: [16][130/200]	Time 0.524s (0.541s)	Speed 61.1 samples/s	Data 0.000s (0.001s)	Loss 0.00722 (0.00750)
2021-11-05 18:14:44,742 Epoch: [16][140/200]	Time 0.523s (0.540s)	Speed 61.2 samples/s	Data 0.000s (0.001s)	Loss 0.00824 (0.00748)
2021-11-05 18:14:49,979 Epoch: [16][150/200]	Time 0.524s (0.539s)	Speed 61.1 samples/s	Data 0.000s (0.001s)	Loss 0.00730 (0.00746)
2021-11-05 18:14:55,238 Epoch: [16][160/200]	Time 0.524s (0.538s)	Speed 61.1 samples/s	Data 0.000s (0.001s)	Loss 0.00581 (0.00744)
2021-11-05 18:15:00,508 Epoch: [16][170/200]	Time 0.535s (0.538s)	Speed 59.8 samples/s	Data 0.000s (0.001s)	Loss 0.00885 (0.00744)
2021-11-05 18:15:05,825 Epoch: [16][180/200]	Time 0.524s (0.537s)	Speed 61.0 samples/s	Data 0.000s (0.001s)	Loss 0.00649 (0.00738)
2021-11-05 18:15:11,155 Epoch: [16][190/200]	Time 0.541s (0.537s)	Speed 59.2 samples/s	Data 0.000s (0.001s)	Loss 0.00640 (0.00737)
2021-11-05 18:15:15,963 Test: [0/200]	Time 0.064 (0.064)	Loss 0.0787 (0.0787)
2021-11-05 18:15:16,295 Test: [10/200]	Time 0.032 (0.036)	Loss 0.0219 (0.0541)
2021-11-05 18:15:16,630 Test: [20/200]	Time 0.032 (0.035)	Loss 0.0260 (0.0564)
2021-11-05 18:15:16,960 Test: [30/200]	Time 0.032 (0.034)	Loss 0.0702 (0.0617)
2021-11-05 18:15:17,304 Test: [40/200]	Time 0.033 (0.034)	Loss 0.0479 (0.0637)
2021-11-05 18:15:17,635 Test: [50/200]	Time 0.032 (0.034)	Loss 0.1080 (0.0631)
2021-11-05 18:15:18,005 Test: [60/200]	Time 0.037 (0.035)	Loss 0.1141 (0.0659)
2021-11-05 18:15:18,378 Test: [70/200]	Time 0.036 (0.035)	Loss 0.0474 (0.0657)
2021-11-05 18:15:18,750 Test: [80/200]	Time 0.036 (0.035)	Loss 0.0755 (0.0641)
2021-11-05 18:15:19,130 Test: [90/200]	Time 0.037 (0.036)	Loss 0.0918 (0.0658)
2021-11-05 18:15:19,504 Test: [100/200]	Time 0.037 (0.036)	Loss 0.0968 (0.0654)
2021-11-05 18:15:19,879 Test: [110/200]	Time 0.037 (0.036)	Loss 0.1679 (0.0664)
2021-11-05 18:15:20,253 Test: [120/200]	Time 0.037 (0.036)	Loss 0.0525 (0.0652)
2021-11-05 18:15:20,630 Test: [130/200]	Time 0.039 (0.036)	Loss 0.0633 (0.0653)
2021-11-05 18:15:21,006 Test: [140/200]	Time 0.037 (0.036)	Loss 0.0671 (0.0646)
2021-11-05 18:15:21,380 Test: [150/200]	Time 0.036 (0.036)	Loss 0.0495 (0.0632)
2021-11-05 18:15:21,757 Test: [160/200]	Time 0.037 (0.036)	Loss 0.0972 (0.0640)
2021-11-05 18:15:22,131 Test: [170/200]	Time 0.038 (0.036)	Loss 0.0296 (0.0632)
2021-11-05 18:15:22,509 Test: [180/200]	Time 0.036 (0.037)	Loss 0.0380 (0.0629)
2021-11-05 18:15:22,882 Test: [190/200]	Time 0.038 (0.037)	Loss 0.0248 (0.0627)
2021-11-05 18:15:23,912 Mean IoU score: 0.855
2021-11-05 18:15:23,912 => saving checkpoint to out
2021-11-05 18:15:24,631 Epoch: [17][0/200]	Time 0.695s (0.695s)	Speed 46.0 samples/s	Data 0.085s (0.085s)	Loss 0.00698 (0.00698)
2021-11-05 18:15:30,028 Epoch: [17][10/200]	Time 0.537s (0.554s)	Speed 59.6 samples/s	Data 0.000s (0.008s)	Loss 0.00718 (0.00628)
2021-11-05 18:15:35,237 Epoch: [17][20/200]	Time 0.511s (0.538s)	Speed 62.7 samples/s	Data 0.000s (0.004s)	Loss 0.00688 (0.00653)
2021-11-05 18:15:40,444 Epoch: [17][30/200]	Time 0.528s (0.533s)	Speed 60.6 samples/s	Data 0.000s (0.003s)	Loss 0.00614 (0.00656)
2021-11-05 18:15:45,663 Epoch: [17][40/200]	Time 0.508s (0.530s)	Speed 63.0 samples/s	Data 0.000s (0.002s)	Loss 0.00717 (0.00674)
2021-11-05 18:15:50,856 Epoch: [17][50/200]	Time 0.515s (0.528s)	Speed 62.2 samples/s	Data 0.000s (0.002s)	Loss 0.00773 (0.00681)
2021-11-05 18:15:56,102 Epoch: [17][60/200]	Time 0.519s (0.527s)	Speed 61.6 samples/s	Data 0.000s (0.002s)	Loss 0.00820 (0.00682)
2021-11-05 18:16:01,377 Epoch: [17][70/200]	Time 0.524s (0.527s)	Speed 61.0 samples/s	Data 0.000s (0.001s)	Loss 0.00651 (0.00688)
2021-11-05 18:16:06,671 Epoch: [17][80/200]	Time 0.519s (0.528s)	Speed 61.7 samples/s	Data 0.000s (0.001s)	Loss 0.00850 (0.00689)
2021-11-05 18:16:11,983 Epoch: [17][90/200]	Time 0.524s (0.528s)	Speed 61.0 samples/s	Data 0.000s (0.001s)	Loss 0.00690 (0.00687)
2021-11-05 18:16:17,037 Epoch: [17][100/200]	Time 0.487s (0.526s)	Speed 65.8 samples/s	Data 0.000s (0.001s)	Loss 0.00571 (0.00683)
2021-11-05 18:16:22,460 Epoch: [17][110/200]	Time 0.541s (0.527s)	Speed 59.2 samples/s	Data 0.000s (0.001s)	Loss 0.00502 (0.00689)
2021-11-05 18:16:27,813 Epoch: [17][120/200]	Time 0.527s (0.528s)	Speed 60.7 samples/s	Data 0.000s (0.001s)	Loss 0.00630 (0.00687)
2021-11-05 18:16:33,261 Epoch: [17][130/200]	Time 0.543s (0.529s)	Speed 58.9 samples/s	Data 0.000s (0.001s)	Loss 0.00744 (0.00689)
2021-11-05 18:16:38,485 Epoch: [17][140/200]	Time 0.523s (0.529s)	Speed 61.1 samples/s	Data 0.000s (0.001s)	Loss 0.00619 (0.00687)
2021-11-05 18:16:43,455 Epoch: [17][150/200]	Time 0.487s (0.527s)	Speed 65.8 samples/s	Data 0.000s (0.001s)	Loss 0.00511 (0.00689)
2021-11-05 18:16:48,411 Epoch: [17][160/200]	Time 0.496s (0.525s)	Speed 64.5 samples/s	Data 0.000s (0.001s)	Loss 0.00708 (0.00692)
2021-11-05 18:16:53,371 Epoch: [17][170/200]	Time 0.498s (0.523s)	Speed 64.3 samples/s	Data 0.000s (0.001s)	Loss 0.00738 (0.00696)
2021-11-05 18:16:58,358 Epoch: [17][180/200]	Time 0.508s (0.522s)	Speed 63.0 samples/s	Data 0.000s (0.001s)	Loss 0.00626 (0.00695)
2021-11-05 18:17:03,353 Epoch: [17][190/200]	Time 0.491s (0.521s)	Speed 65.1 samples/s	Data 0.000s (0.001s)	Loss 0.00667 (0.00694)
2021-11-05 18:17:08,234 Test: [0/200]	Time 0.066 (0.066)	Loss 0.0559 (0.0559)
2021-11-05 18:17:08,573 Test: [10/200]	Time 0.032 (0.037)	Loss 0.0084 (0.0512)
2021-11-05 18:17:08,907 Test: [20/200]	Time 0.033 (0.035)	Loss 0.0267 (0.0547)
2021-11-05 18:17:09,241 Test: [30/200]	Time 0.033 (0.035)	Loss 0.0755 (0.0603)
2021-11-05 18:17:09,580 Test: [40/200]	Time 0.033 (0.034)	Loss 0.0582 (0.0648)
2021-11-05 18:17:09,908 Test: [50/200]	Time 0.032 (0.034)	Loss 0.0873 (0.0649)
2021-11-05 18:17:10,249 Test: [60/200]	Time 0.033 (0.034)	Loss 0.0855 (0.0672)
2021-11-05 18:17:10,586 Test: [70/200]	Time 0.033 (0.034)	Loss 0.0642 (0.0674)
2021-11-05 18:17:10,917 Test: [80/200]	Time 0.032 (0.034)	Loss 0.0671 (0.0659)
2021-11-05 18:17:11,255 Test: [90/200]	Time 0.033 (0.034)	Loss 0.0748 (0.0672)
2021-11-05 18:17:11,595 Test: [100/200]	Time 0.033 (0.034)	Loss 0.1386 (0.0683)
2021-11-05 18:17:11,924 Test: [110/200]	Time 0.032 (0.034)	Loss 0.1734 (0.0700)
2021-11-05 18:17:12,253 Test: [120/200]	Time 0.033 (0.034)	Loss 0.0907 (0.0685)
2021-11-05 18:17:12,591 Test: [130/200]	Time 0.032 (0.034)	Loss 0.0768 (0.0693)
2021-11-05 18:17:12,927 Test: [140/200]	Time 0.032 (0.034)	Loss 0.0848 (0.0688)
2021-11-05 18:17:13,258 Test: [150/200]	Time 0.032 (0.034)	Loss 0.0517 (0.0674)
2021-11-05 18:17:13,588 Test: [160/200]	Time 0.033 (0.034)	Loss 0.0706 (0.0672)
2021-11-05 18:17:13,930 Test: [170/200]	Time 0.035 (0.034)	Loss 0.0794 (0.0668)
2021-11-05 18:17:14,309 Test: [180/200]	Time 0.037 (0.034)	Loss 0.0516 (0.0662)
2021-11-05 18:17:14,690 Test: [190/200]	Time 0.037 (0.034)	Loss 0.0228 (0.0658)
2021-11-05 18:17:15,600 Mean IoU score: 0.852
2021-11-05 18:17:15,600 => saving checkpoint to out
2021-11-05 18:17:16,276 Epoch: [18][0/200]	Time 0.650s (0.650s)	Speed 49.3 samples/s	Data 0.078s (0.078s)	Loss 0.00760 (0.00760)
2021-11-05 18:17:21,724 Epoch: [18][10/200]	Time 0.539s (0.554s)	Speed 59.3 samples/s	Data 0.000s (0.007s)	Loss 0.00615 (0.00681)
2021-11-05 18:17:27,161 Epoch: [18][20/200]	Time 0.541s (0.549s)	Speed 59.1 samples/s	Data 0.000s (0.004s)	Loss 0.00953 (0.00697)
2021-11-05 18:17:32,592 Epoch: [18][30/200]	Time 0.530s (0.547s)	Speed 60.4 samples/s	Data 0.000s (0.003s)	Loss 0.00861 (0.00699)
2021-11-05 18:17:38,008 Epoch: [18][40/200]	Time 0.536s (0.546s)	Speed 59.7 samples/s	Data 0.000s (0.002s)	Loss 0.00988 (0.00715)
2021-11-05 18:17:43,497 Epoch: [18][50/200]	Time 0.558s (0.546s)	Speed 57.3 samples/s	Data 0.000s (0.002s)	Loss 0.00651 (0.00714)
2021-11-05 18:17:49,002 Epoch: [18][60/200]	Time 0.539s (0.547s)	Speed 59.4 samples/s	Data 0.000s (0.001s)	Loss 0.00498 (0.00714)
2021-11-05 18:17:54,396 Epoch: [18][70/200]	Time 0.545s (0.546s)	Speed 58.7 samples/s	Data 0.000s (0.001s)	Loss 0.00780 (0.00714)
2021-11-05 18:17:59,850 Epoch: [18][80/200]	Time 0.545s (0.546s)	Speed 58.7 samples/s	Data 0.000s (0.001s)	Loss 0.00702 (0.00712)
2021-11-05 18:18:05,329 Epoch: [18][90/200]	Time 0.548s (0.546s)	Speed 58.3 samples/s	Data 0.000s (0.001s)	Loss 0.00666 (0.00724)
2021-11-05 18:18:10,758 Epoch: [18][100/200]	Time 0.537s (0.546s)	Speed 59.6 samples/s	Data 0.000s (0.001s)	Loss 0.00843 (0.00729)
2021-11-05 18:18:16,209 Epoch: [18][110/200]	Time 0.543s (0.546s)	Speed 58.9 samples/s	Data 0.000s (0.001s)	Loss 0.01254 (0.00750)
2021-11-05 18:18:21,663 Epoch: [18][120/200]	Time 0.533s (0.546s)	Speed 60.0 samples/s	Data 0.000s (0.001s)	Loss 0.01285 (0.00787)
2021-11-05 18:18:27,146 Epoch: [18][130/200]	Time 0.549s (0.546s)	Speed 58.3 samples/s	Data 0.000s (0.001s)	Loss 0.01839 (0.00842)
2021-11-05 18:18:32,636 Epoch: [18][140/200]	Time 0.555s (0.546s)	Speed 57.7 samples/s	Data 0.000s (0.001s)	Loss 0.01432 (0.00912)
2021-11-05 18:18:38,094 Epoch: [18][150/200]	Time 0.559s (0.546s)	Speed 57.2 samples/s	Data 0.000s (0.001s)	Loss 0.02775 (0.01024)
2021-11-05 18:18:43,596 Epoch: [18][160/200]	Time 0.551s (0.546s)	Speed 58.0 samples/s	Data 0.000s (0.001s)	Loss 0.01211 (0.01099)
2021-11-05 18:18:49,068 Epoch: [18][170/200]	Time 0.555s (0.546s)	Speed 57.6 samples/s	Data 0.000s (0.001s)	Loss 0.01977 (0.01138)
2021-11-05 18:18:54,533 Epoch: [18][180/200]	Time 0.551s (0.546s)	Speed 58.0 samples/s	Data 0.000s (0.001s)	Loss 0.01679 (0.01179)
2021-11-05 18:18:59,877 Epoch: [18][190/200]	Time 0.527s (0.546s)	Speed 60.7 samples/s	Data 0.000s (0.001s)	Loss 0.03454 (0.01222)
2021-11-05 18:19:04,818 Test: [0/200]	Time 0.068 (0.068)	Loss 0.1119 (0.1119)
2021-11-05 18:19:05,170 Test: [10/200]	Time 0.035 (0.038)	Loss 0.0415 (0.0822)
2021-11-05 18:19:05,520 Test: [20/200]	Time 0.034 (0.037)	Loss 0.0727 (0.0834)
2021-11-05 18:19:05,873 Test: [30/200]	Time 0.035 (0.036)	Loss 0.1145 (0.0880)
2021-11-05 18:19:06,232 Test: [40/200]	Time 0.034 (0.036)	Loss 0.0752 (0.0911)
2021-11-05 18:19:06,582 Test: [50/200]	Time 0.034 (0.036)	Loss 0.1101 (0.0918)
2021-11-05 18:19:06,937 Test: [60/200]	Time 0.035 (0.036)	Loss 0.1045 (0.0933)
2021-11-05 18:19:07,288 Test: [70/200]	Time 0.034 (0.036)	Loss 0.0781 (0.0927)
2021-11-05 18:19:07,639 Test: [80/200]	Time 0.035 (0.036)	Loss 0.1080 (0.0926)
2021-11-05 18:19:07,993 Test: [90/200]	Time 0.035 (0.036)	Loss 0.1392 (0.0941)
2021-11-05 18:19:08,363 Test: [100/200]	Time 0.037 (0.036)	Loss 0.1486 (0.0932)
2021-11-05 18:19:08,730 Test: [110/200]	Time 0.036 (0.036)	Loss 0.1779 (0.0960)
2021-11-05 18:19:09,101 Test: [120/200]	Time 0.036 (0.036)	Loss 0.1137 (0.0948)
2021-11-05 18:19:09,469 Test: [130/200]	Time 0.036 (0.036)	Loss 0.0929 (0.0945)
2021-11-05 18:19:09,837 Test: [140/200]	Time 0.037 (0.036)	Loss 0.0818 (0.0940)
2021-11-05 18:19:10,203 Test: [150/200]	Time 0.036 (0.036)	Loss 0.0779 (0.0931)
2021-11-05 18:19:10,570 Test: [160/200]	Time 0.036 (0.036)	Loss 0.1065 (0.0928)
2021-11-05 18:19:10,938 Test: [170/200]	Time 0.036 (0.036)	Loss 0.0670 (0.0920)
2021-11-05 18:19:11,304 Test: [180/200]	Time 0.035 (0.036)	Loss 0.0880 (0.0916)
2021-11-05 18:19:11,670 Test: [190/200]	Time 0.035 (0.036)	Loss 0.0430 (0.0915)
2021-11-05 18:19:12,680 Mean IoU score: 0.793
2021-11-05 18:19:12,681 => saving checkpoint to out
2021-11-05 18:19:13,391 Epoch: [19][0/200]	Time 0.686s (0.686s)	Speed 46.7 samples/s	Data 0.085s (0.085s)	Loss 0.01551 (0.01551)
2021-11-05 18:19:18,625 Epoch: [19][10/200]	Time 0.518s (0.538s)	Speed 61.8 samples/s	Data 0.000s (0.008s)	Loss 0.01667 (0.01570)
2021-11-05 18:19:23,901 Epoch: [19][20/200]	Time 0.512s (0.533s)	Speed 62.5 samples/s	Data 0.000s (0.004s)	Loss 0.01306 (0.01454)
2021-11-05 18:19:29,167 Epoch: [19][30/200]	Time 0.517s (0.531s)	Speed 61.9 samples/s	Data 0.000s (0.003s)	Loss 0.01339 (0.01449)
2021-11-05 18:19:34,441 Epoch: [19][40/200]	Time 0.533s (0.530s)	Speed 60.0 samples/s	Data 0.000s (0.002s)	Loss 0.01089 (0.01426)
2021-11-05 18:19:39,657 Epoch: [19][50/200]	Time 0.526s (0.528s)	Speed 60.9 samples/s	Data 0.000s (0.002s)	Loss 0.01331 (0.01427)
2021-11-05 18:19:44,642 Epoch: [19][60/200]	Time 0.491s (0.524s)	Speed 65.1 samples/s	Data 0.000s (0.002s)	Loss 0.01567 (0.01397)
2021-11-05 18:19:49,668 Epoch: [19][70/200]	Time 0.498s (0.521s)	Speed 64.3 samples/s	Data 0.000s (0.001s)	Loss 0.00891 (0.01381)
2021-11-05 18:19:54,667 Epoch: [19][80/200]	Time 0.505s (0.518s)	Speed 63.3 samples/s	Data 0.000s (0.001s)	Loss 0.01378 (0.01362)
2021-11-05 18:19:59,683 Epoch: [19][90/200]	Time 0.508s (0.516s)	Speed 63.0 samples/s	Data 0.000s (0.001s)	Loss 0.01205 (0.01343)
2021-11-05 18:20:04,687 Epoch: [19][100/200]	Time 0.501s (0.515s)	Speed 63.9 samples/s	Data 0.000s (0.001s)	Loss 0.01403 (0.01327)
2021-11-05 18:20:09,694 Epoch: [19][110/200]	Time 0.490s (0.513s)	Speed 65.3 samples/s	Data 0.000s (0.001s)	Loss 0.01153 (0.01318)
2021-11-05 18:20:14,686 Epoch: [19][120/200]	Time 0.495s (0.512s)	Speed 64.6 samples/s	Data 0.000s (0.001s)	Loss 0.01166 (0.01305)
2021-11-05 18:20:19,701 Epoch: [19][130/200]	Time 0.501s (0.511s)	Speed 63.9 samples/s	Data 0.000s (0.001s)	Loss 0.01364 (0.01301)
2021-11-05 18:20:24,732 Epoch: [19][140/200]	Time 0.502s (0.511s)	Speed 63.8 samples/s	Data 0.000s (0.001s)	Loss 0.01361 (0.01311)
2021-11-05 18:20:29,737 Epoch: [19][150/200]	Time 0.508s (0.510s)	Speed 62.9 samples/s	Data 0.000s (0.001s)	Loss 0.01144 (0.01304)
2021-11-05 18:20:34,757 Epoch: [19][160/200]	Time 0.493s (0.510s)	Speed 65.0 samples/s	Data 0.000s (0.001s)	Loss 0.01266 (0.01297)
2021-11-05 18:20:39,782 Epoch: [19][170/200]	Time 0.496s (0.509s)	Speed 64.6 samples/s	Data 0.000s (0.001s)	Loss 0.01230 (0.01286)
2021-11-05 18:20:45,352 Epoch: [19][180/200]	Time 0.555s (0.512s)	Speed 57.7 samples/s	Data 0.000s (0.001s)	Loss 0.01166 (0.01276)
2021-11-05 18:20:50,895 Epoch: [19][190/200]	Time 0.554s (0.514s)	Speed 57.7 samples/s	Data 0.000s (0.001s)	Loss 0.01373 (0.01275)
2021-11-05 18:20:55,909 Test: [0/200]	Time 0.069 (0.069)	Loss 0.0838 (0.0838)
2021-11-05 18:20:56,273 Test: [10/200]	Time 0.035 (0.039)	Loss 0.0132 (0.0641)
2021-11-05 18:20:56,637 Test: [20/200]	Time 0.035 (0.038)	Loss 0.0321 (0.0699)
2021-11-05 18:20:57,008 Test: [30/200]	Time 0.037 (0.038)	Loss 0.1079 (0.0753)
2021-11-05 18:20:57,380 Test: [40/200]	Time 0.036 (0.038)	Loss 0.0837 (0.0789)
2021-11-05 18:20:57,741 Test: [50/200]	Time 0.036 (0.037)	Loss 0.1376 (0.0812)
2021-11-05 18:20:58,107 Test: [60/200]	Time 0.036 (0.037)	Loss 0.1278 (0.0825)
2021-11-05 18:20:58,472 Test: [70/200]	Time 0.037 (0.037)	Loss 0.0749 (0.0831)
2021-11-05 18:20:58,835 Test: [80/200]	Time 0.037 (0.037)	Loss 0.0943 (0.0813)
2021-11-05 18:20:59,204 Test: [90/200]	Time 0.037 (0.037)	Loss 0.0969 (0.0827)
2021-11-05 18:20:59,572 Test: [100/200]	Time 0.036 (0.037)	Loss 0.0881 (0.0822)
2021-11-05 18:20:59,943 Test: [110/200]	Time 0.037 (0.037)	Loss 0.1629 (0.0838)
2021-11-05 18:21:00,313 Test: [120/200]	Time 0.037 (0.037)	Loss 0.1219 (0.0828)
2021-11-05 18:21:00,680 Test: [130/200]	Time 0.036 (0.037)	Loss 0.0717 (0.0839)
2021-11-05 18:21:01,044 Test: [140/200]	Time 0.036 (0.037)	Loss 0.0798 (0.0828)
2021-11-05 18:21:01,412 Test: [150/200]	Time 0.036 (0.037)	Loss 0.0787 (0.0817)
2021-11-05 18:21:01,774 Test: [160/200]	Time 0.035 (0.037)	Loss 0.0930 (0.0815)
2021-11-05 18:21:02,144 Test: [170/200]	Time 0.036 (0.037)	Loss 0.0641 (0.0805)
2021-11-05 18:21:02,539 Test: [180/200]	Time 0.036 (0.037)	Loss 0.0584 (0.0799)
2021-11-05 18:21:02,889 Test: [190/200]	Time 0.035 (0.037)	Loss 0.0482 (0.0795)
2021-11-05 18:21:03,858 Mean IoU score: 0.802
2021-11-05 18:21:03,859 => saving checkpoint to out
2021-11-05 18:21:03,884 saving final model state to out/final_state.pth.tar
